[20:16:39] [Client thread/INFO]: Setting user: Player578
[20:16:39] [Client thread/INFO]: (Session ID is token:0:Player578)
[20:16:40] [Client thread/INFO]: [OptiFine] *** Reflector Forge ***
[20:16:40] [Client thread/INFO]: [OptiFine] *** Reflector Vanilla ***
[20:16:40] [Client thread/INFO]: [OptiFine] (Reflector) Class not present: net.minecraftforge.fml.common.eventhandler.Event$Result
[20:16:40] [Client thread/INFO]: [OptiFine] (Reflector) Class not present: net.minecraft.launchwrapper.Launch
[20:16:40] [Client thread/INFO]: LWJGL Version: 2.9.4
[20:16:41] [Client thread/INFO]: [OptiFine] 
[20:16:41] [Client thread/INFO]: [OptiFine] OptiFine_1.8.9_HD_U_M5
[20:16:41] [Client thread/INFO]: [OptiFine] Build: null
[20:16:41] [Client thread/INFO]: [OptiFine] OS: Windows 10 (amd64) version 10.0
[20:16:41] [Client thread/INFO]: [OptiFine] Java: 17.0.3, Oracle Corporation
[20:16:41] [Client thread/INFO]: [OptiFine] VM: Java HotSpot(TM) 64-Bit Server VM (mixed mode, sharing), Oracle Corporation
[20:16:41] [Client thread/INFO]: [OptiFine] LWJGL: 2.9.4
[20:16:41] [Client thread/INFO]: [OptiFine] OpenGL: GeForce GTX 1650/PCIe/SSE2, version 4.6.0 NVIDIA 456.71, NVIDIA Corporation
[20:16:41] [Client thread/INFO]: [OptiFine] OpenGL Version: 4.6.0
[20:16:41] [Client thread/INFO]: [OptiFine] Maximum texture size: 32768x32768
[20:16:41] [VersionCheck/INFO]: [OptiFine] Checking for new version
[20:16:41] [Client thread/INFO]: [Shaders] OpenGL Version: 4.6.0 NVIDIA 456.71
[20:16:41] [Client thread/INFO]: [Shaders] Vendor:  NVIDIA Corporation
[20:16:41] [Client thread/INFO]: [Shaders] Renderer: GeForce GTX 1650/PCIe/SSE2
[20:16:41] [Client thread/INFO]: [Shaders] Capabilities:  2.0  2.1  3.0  3.2  4.0 
[20:16:41] [Client thread/INFO]: [Shaders] GL_MAX_DRAW_BUFFERS: 8
[20:16:41] [Client thread/INFO]: [Shaders] GL_MAX_COLOR_ATTACHMENTS_EXT: 8
[20:16:41] [Client thread/INFO]: [Shaders] GL_MAX_TEXTURE_IMAGE_UNITS: 32
[20:16:41] [Client thread/INFO]: [Shaders] Load shaders configuration.
[20:16:41] [Client thread/INFO]: [Shaders] Save shaders configuration.
[20:16:41] [Client thread/INFO]: [Shaders] No shaderpack loaded.
[20:16:41] [Client thread/INFO]: [OptiFine] (Reflector) Class not present: net.minecraftforge.fml.common.Loader
[20:16:41] [Client thread/INFO]: [OptiFine] (Reflector) Class not present: net.minecraftforge.fml.client.SplashProgress
[20:16:41] [Client thread/INFO]: Reloading ResourceManager: Default, §f§krr §7[ §cShouble V2 §7] §f§krr§7.zip
[20:16:41] [Client thread/INFO]: [OptiFine] (Reflector) Class not present: optifine.OptiFineClassTransformer
[20:16:41] [Client thread/INFO]: [OptiFine] *** Reloading textures ***
[20:16:41] [Client thread/INFO]: [OptiFine] Resource packs: §f§krr §7[ §cShouble V2 §7] §f§krr§7.zip
[20:16:41] [Client thread/INFO]: [OptiFine] (Reflector) Class not present: net.minecraftforge.client.model.Attributes
[20:16:41] [Client thread/INFO]: [OptiFine] (Reflector) Method not present: net.minecraft.client.renderer.vertex.VertexFormatElement$EnumUsage.preDraw
[20:16:41] [Client thread/INFO]: [OptiFine] (Reflector) Method not present: net.minecraft.client.renderer.vertex.VertexFormatElement$EnumUsage.postDraw
[20:16:41] [Client thread/ERROR]: Couldn't initialize twitch stream
[20:16:41] [Sound Library Loader/INFO]: Starting up SoundSystem...
[20:16:41] [VersionCheck/INFO]: [OptiFine] Version found: M5
[20:16:41] [Thread-5/INFO]: Initializing LWJGL OpenAL
[20:16:41] [Thread-5/INFO]: (The LWJGL binding of OpenAL.  For more information, see http://www.lwjgl.org)
[20:16:41] [Client thread/INFO]: [OptiFine] Loading textures/font/ascii.properties
[20:16:41] [Client thread/INFO]: [OptiFine] Loading textures/font/ascii_sga.properties
[20:16:41] [Thread-5/INFO]: OpenAL initialized.
[20:16:42] [Sound Library Loader/INFO]: Sound engine started
[20:16:42] [Client thread/INFO]: [OptiFine] (Reflector) Class not present: net.minecraftforge.client.ForgeHooksClient
[20:16:42] [Client thread/INFO]: [OptiFine] Sprite size: 32
[20:16:42] [Client thread/INFO]: [OptiFine] Mipmap levels: 5
[20:16:42] [Client thread/INFO]: [OptiFine] Multitexture: false
[20:16:42] [Client thread/INFO]: [OptiFine] ConnectedTextures: mcpatcher/ctm/blocks/glass/default/glass.properties
[20:16:42] [Client thread/INFO]: [OptiFine] ConnectedTextures: mcpatcher/ctm/blocks/glass/glass_black/glass_black.properties
[20:16:42] [Client thread/INFO]: [OptiFine] ConnectedTextures: mcpatcher/ctm/blocks/glass/glass_blue/glass_blue.properties
[20:16:42] [Client thread/INFO]: [OptiFine] ConnectedTextures: mcpatcher/ctm/blocks/glass/glass_brown/glass_brown.properties
[20:16:42] [Client thread/INFO]: [OptiFine] ConnectedTextures: mcpatcher/ctm/blocks/glass/glass_cyan/glass_cyan.properties
[20:16:42] [Client thread/INFO]: [OptiFine] ConnectedTextures: mcpatcher/ctm/blocks/glass/glass_gray/glass_gray.properties
[20:16:42] [Client thread/INFO]: [OptiFine] ConnectedTextures: mcpatcher/ctm/blocks/glass/glass_green/glass_green.properties
[20:16:42] [Client thread/INFO]: [OptiFine] ConnectedTextures: mcpatcher/ctm/blocks/glass/glass_light_blue/glass_light_blue.properties
[20:16:42] [Client thread/INFO]: [OptiFine] ConnectedTextures: mcpatcher/ctm/blocks/glass/glass_lime/glass_lime.properties
[20:16:42] [Client thread/INFO]: [OptiFine] ConnectedTextures: mcpatcher/ctm/blocks/glass/glass_magenta/glass_magenta.properties
[20:16:42] [Client thread/INFO]: [OptiFine] ConnectedTextures: mcpatcher/ctm/blocks/glass/glass_orange/glass_orange.properties
[20:16:42] [Client thread/INFO]: [OptiFine] ConnectedTextures: mcpatcher/ctm/blocks/glass/glass_pink/glass_pink.properties
[20:16:42] [Client thread/INFO]: [OptiFine] ConnectedTextures: mcpatcher/ctm/blocks/glass/glass_purple/glass_purple.properties
[20:16:42] [Client thread/INFO]: [OptiFine] ConnectedTextures: mcpatcher/ctm/blocks/glass/glass_red/glass_red.properties
[20:16:42] [Client thread/INFO]: [OptiFine] ConnectedTextures: mcpatcher/ctm/blocks/glass/glass_silver/glass_silver.properties
[20:16:42] [Client thread/INFO]: [OptiFine] ConnectedTextures: mcpatcher/ctm/blocks/glass/glass_white/glass_white.properties
[20:16:42] [Client thread/INFO]: [OptiFine] ConnectedTextures: mcpatcher/ctm/blocks/glass/glass_yellow/glass_yellow.properties
[20:16:42] [Client thread/INFO]: [OptiFine] Multipass connected textures: false
[20:16:42] [Client thread/INFO]: [OptiFine] Multipass connected textures: false
[20:16:42] [Client thread/INFO]: [OptiFine] BetterGrass: Parsing default configuration optifine/bettergrass.properties
[20:16:42] [Client thread/INFO]: [OptiFine] Scaled too small texture: minecraft:blocks/red_sandstone_normal, 16 -> 32
[20:16:42] [Client thread/INFO]: [OptiFine] Scaled too small texture: minecraft:blocks/red_sandstone_smooth, 16 -> 32
[20:16:42] [Client thread/INFO]: [OptiFine] Scaled too small texture: minecraft:blocks/ice, 16 -> 32
[20:16:42] [Client thread/INFO]: [OptiFine] Scaled too small texture: minecraft:mcpatcher/ctm/default/empty, 16 -> 32
[20:16:42] [Client thread/INFO]: [OptiFine] Scaled too small texture: minecraft:blocks/red_sandstone_top, 16 -> 32
[20:16:43] [Client thread/INFO]: [OptiFine] Scaled too small texture: minecraft:blocks/red_sandstone_carved, 16 -> 32
[20:16:43] [Client thread/INFO]: [OptiFine] Scaled too small texture: minecraft:blocks/prismarine_dark, 16 -> 32
[20:16:43] [Client thread/INFO]: [OptiFine] Scaled too small texture: minecraft:blocks/leaves_spruce, 16 -> 32
[20:16:43] [Client thread/INFO]: [OptiFine] Scaled too small texture: minecraft:blocks/prismarine_rough, 16 -> 32
[20:16:43] [Client thread/INFO]: [OptiFine] Scaled too small texture: minecraft:blocks/noteblock, 16 -> 32
[20:16:43] [Client thread/INFO]: [OptiFine] Scaled too small texture: minecraft:blocks/leaves_oak, 16 -> 32
[20:16:43] [Client thread/INFO]: [OptiFine] Scaled too small texture: minecraft:blocks/sponge_wet, 16 -> 32
[20:16:43] [Client thread/INFO]: [OptiFine] Scaled too small texture: minecraft:blocks/prismarine_bricks, 16 -> 32
[20:16:43] [Client thread/INFO]: [OptiFine] Scaled too small texture: minecraft:blocks/red_sandstone_bottom, 16 -> 32
[20:16:43] [Client thread/INFO]: [OptiFine] Scaled too small texture: minecraft:blocks/leaves_birch, 16 -> 32
[20:16:43] [Client thread/INFO]: [OptiFine] Scaled too small texture: minecraft:blocks/sea_lantern, 16 -> 32
[20:16:43] [Client thread/INFO]: [OptiFine] Scaled too small texture: minecraft:blocks/leaves_jungle, 16 -> 32
[20:16:43] [Client thread/INFO]: [OptiFine] Scaled too small texture: minecraft:blocks/dispenser_front_horizontal, 16 -> 32
[20:16:43] [Client thread/INFO]: Created: 4096x2048 textures-atlas
[20:16:43] [Client thread/INFO]: [OptiFine] Animated sprites: 11
[20:16:44] [Client thread/INFO]: [OptiFine] (Reflector) Class not present: net.minecraftforge.client.model.ModelLoader
[20:16:44] [Client thread/INFO]: [OptiFine] (Reflector) Class not present: net.minecraftforge.client.ItemModelMesherForge
[20:16:44] [Client thread/INFO]: [OptiFine] (Reflector) Class not present: net.minecraftforge.fml.client.registry.RenderingRegistry
[20:16:44] [Client thread/INFO]: [OptiFine] (Reflector) Class not present: net.minecraftforge.common.ForgeModContainer
[20:16:44] [Client thread/INFO]: [OptiFine] (Reflector) Class not present: net.minecraftforge.fml.client.GuiModList
[20:16:44] [Client thread/ERROR]: Realms module missing
java.lang.ClassNotFoundException: com.mojang.realmsclient.gui.screens.RealmsNotificationsScreen
	at java.base/jdk.internal.loader.BuiltinClassLoader.loadClass(BuiltinClassLoader.java:641) ~[?:?]
	at java.base/jdk.internal.loader.ClassLoaders$AppClassLoader.loadClass(ClassLoaders.java:188) ~[?:?]
	at java.base/java.lang.ClassLoader.loadClass(ClassLoader.java:520) ~[?:?]
	at java.base/java.lang.Class.forName0(Native Method) ~[?:?]
	at java.base/java.lang.Class.forName(Class.java:375) ~[?:?]
	at net.minecraft.realms.RealmsBridge.getNotificationScreen(RealmsBridge.java:38) [bin/:?]
	at net.minecraft.client.gui.GuiMainMenu.initGui(GuiMainMenu.java:264) [bin/:?]
	at net.minecraft.client.gui.GuiScreen.setWorldAndResolution(GuiScreen.java:556) [bin/:?]
	at net.minecraft.client.Minecraft.displayGuiScreen(Minecraft.java:1007) [bin/:?]
	at net.minecraft.client.Minecraft.startGame(Minecraft.java:587) [bin/:?]
	at net.minecraft.client.Minecraft.run(Minecraft.java:416) [bin/:?]
	at net.minecraft.client.main.Main.main(Main.java:113) [bin/:?]
	at Start.main(Start.java:11) [bin/:?]
[20:16:45] [Via-Mappingloader-0/INFO]: Loading 1.12 -> 1.13 mappings...
[20:16:45] [Via-Mappingloader-1/INFO]: Loading 1.13 -> 1.13.2 mappings...
[20:16:45] [Via-Mappingloader-2/INFO]: Loading 1.13.2 -> 1.14 mappings...
[20:16:45] [Via-Mappingloader-5/INFO]: Loading 1.16 -> 1.16.2 mappings...
[20:16:45] [Via-Mappingloader-6/INFO]: Loading 1.16.2 -> 1.17 mappings...
[20:16:45] [Via-Mappingloader-4/INFO]: Loading 1.15 -> 1.16 mappings...
[20:16:45] [Client thread/INFO]: Loading translations...
[20:16:45] [Via-Mappingloader-3/INFO]: Loading 1.14 -> 1.15 mappings...
[20:16:45] [Via-Mappingloader-7/INFO]: Loading 1.17 -> 1.18 mappings...
[20:16:45] [Via-Mappingloader-0/INFO]: Loading block connection mappings ...
[20:16:45] [Via-Mappingloader-5/INFO]: Loading 1.10 -> 1.9.4 mappings...
[20:16:45] [Via-Mappingloader-1/INFO]: Loading 1.11 -> 1.10 mappings...
[20:16:45] [Via-Mappingloader-1/INFO]: Loading 1.12 -> 1.11 mappings...
[20:16:45] [Via-Mappingloader-5/INFO]: Loading 1.13.2 -> 1.13 mappings...
[20:16:45] [Via-Mappingloader-4/INFO]: Loading 1.13 -> 1.12 mappings...
[20:16:45] [Via-Mappingloader-0/INFO]: Loading 1.16 -> 1.15 mappings...
[20:16:45] [Via-Mappingloader-6/INFO]: Loading 1.16.2 -> 1.16 mappings...
[20:16:45] [Via-Mappingloader-1/INFO]: Loading 1.15 -> 1.14 mappings...
[20:16:45] [Via-Mappingloader-3/INFO]: Loading 1.17 -> 1.16.2 mappings...
[20:16:45] [Via-Mappingloader-7/INFO]: Loading 1.18 -> 1.17 mappings...
[20:16:45] [Via-Mappingloader-8/INFO]: Loading 1.14 -> 1.13.2 mappings...
[20:16:45] [ViaMCP-0/INFO]: ViaVersion detected server version: 1.8.x (47)
[20:16:45] [ViaMCP-0/WARN]: This version of Minecraft is extremely outdated and support for it has reached its end of life. You will still be able to run Via on this Minecraft version, but we are unlikely to provide any further fixes or help with problems specific to legacy Minecraft versions. Please consider updating to give your players a better experience and to avoid issues that have long been fixed.
[20:16:46] [ViaMCP-0/INFO]: Finished mapping loading, shutting down loader executor!
[20:16:46] [ViaMCP-0/WARN]: There is a newer plugin version available: 4.2.1, you're on: 4.1.1
[20:16:50] [Client thread/INFO]: [OptiFine] (Reflector) Class not present: mods.betterfoliage.client.BetterFoliageClient
[20:16:50] [Client thread/INFO]: [OptiFine] (Reflector) Class not present: net.minecraftforge.fml.common.asm.transformers.BlamingTransformer
[20:16:50] [Client thread/INFO]: [OptiFine] (Reflector) Class not present: net.minecraftforge.event.world.ChunkWatchEvent$UnWatch
[20:16:50] [Client thread/INFO]: [OptiFine] (Reflector) Class not present: net.minecraftforge.fml.relauncher.CoreModManager
[20:16:50] [Client thread/INFO]: [OptiFine] (Reflector) Class not present: net.minecraftforge.common.DimensionManager
[20:16:50] [Client thread/INFO]: [OptiFine] (Reflector) Class not present: net.minecraftforge.client.event.GuiScreenEvent$DrawScreenEvent$Pre
[20:16:50] [Client thread/INFO]: [OptiFine] (Reflector) Class not present: net.minecraftforge.client.event.GuiScreenEvent$DrawScreenEvent$Post
[20:16:50] [Client thread/INFO]: [OptiFine] (Reflector) Class not present: net.minecraftforge.client.event.EntityViewRenderEvent$CameraSetup
[20:16:50] [Client thread/INFO]: [OptiFine] (Reflector) Class not present: net.minecraftforge.client.event.EntityViewRenderEvent$FogColors
[20:16:50] [Client thread/INFO]: [OptiFine] (Reflector) Class not present: net.minecraftforge.fml.common.eventhandler.Event
[20:16:50] [Client thread/INFO]: [OptiFine] (Reflector) Class not present: net.minecraftforge.fml.common.eventhandler.EventBus
[20:16:50] [Client thread/INFO]: [OptiFine] (Reflector) Class not present: net.minecraftforge.common.property.ExtendedBlockState
[20:16:50] [Client thread/INFO]: [OptiFine] (Reflector) Class not present: net.minecraftforge.fml.client.FMLClientHandler
[20:16:50] [Client thread/INFO]: [OptiFine] (Reflector) Class not present: net.minecraftforge.fml.common.FMLCommonHandler
[20:16:50] [Client thread/INFO]: [OptiFine] (Reflector) Method not present: net.minecraft.world.biome.BiomeGenBase.getWaterColorMultiplier
[20:16:50] [Client thread/INFO]: [OptiFine] (Reflector) Method not present: net.minecraft.block.Block.addDestroyEffects
[20:16:50] [Client thread/INFO]: [OptiFine] (Reflector) Method not present: net.minecraft.block.Block.addHitEffects
[20:16:50] [Client thread/INFO]: [OptiFine] (Reflector) Method not present: net.minecraft.block.Block.canCreatureSpawn
[20:16:50] [Client thread/INFO]: [OptiFine] (Reflector) Method not present: net.minecraft.block.Block.canRenderInLayer
[20:16:50] [Client thread/INFO]: [OptiFine] (Reflector) Method not present: net.minecraft.block.Block.doesSideBlockRendering
[20:16:50] [Client thread/INFO]: [OptiFine] (Reflector) Method not present: net.minecraft.block.Block.getBedDirection
[20:16:50] [Client thread/INFO]: [OptiFine] (Reflector) Method not present: net.minecraft.block.Block.getExtendedState
[20:16:50] [Client thread/INFO]: [OptiFine] (Reflector) Method not present: net.minecraft.block.Block.getLightOpacity
[20:16:50] [Client thread/INFO]: [OptiFine] (Reflector) Method not present: net.minecraft.block.Block.getLightValue
[20:16:50] [Client thread/INFO]: [OptiFine] (Reflector) Method not present: net.minecraft.block.Block.hasTileEntity
[20:16:50] [Client thread/INFO]: [OptiFine] (Reflector) Method not present: net.minecraft.block.Block.isAir
[20:16:50] [Client thread/INFO]: [OptiFine] (Reflector) Method not present: net.minecraft.block.Block.isBed
[20:16:50] [Client thread/INFO]: [OptiFine] (Reflector) Method not present: net.minecraft.block.Block.isBedFoot
[20:16:50] [Client thread/INFO]: [OptiFine] (Reflector) Method not present: net.minecraft.block.Block.isSideSolid
[20:16:50] [Client thread/INFO]: [OptiFine] (Reflector) Method not present: net.minecraft.world.ChunkCache.isSideSolid
[20:16:50] [Client thread/INFO]: [OptiFine] (Reflector) Method not present: net.minecraft.entity.Entity.canRiderInteract
[20:16:50] [Client thread/INFO]: [OptiFine] (Reflector) Field not present: net.minecraft.entity.Entity.captureDrops
[20:16:50] [Client thread/INFO]: [OptiFine] (Reflector) Field not present: net.minecraft.entity.Entity.capturedDrops
[20:16:50] [Client thread/INFO]: [OptiFine] (Reflector) Method not present: net.minecraft.entity.Entity.shouldRenderInPass
[20:16:50] [Client thread/INFO]: [OptiFine] (Reflector) Method not present: net.minecraft.entity.Entity.shouldRiderSit
[20:16:50] [Client thread/INFO]: [OptiFine] (Reflector) Class not present: net.minecraftforge.event.ForgeEventFactory
[20:16:50] [Client thread/INFO]: [OptiFine] (Reflector) Class not present: net.minecraftforge.common.ForgeHooks
[20:16:50] [Client thread/INFO]: [OptiFine] (Reflector) Field not present: net.minecraft.item.Item.delegate
[20:16:50] [Client thread/INFO]: [OptiFine] (Reflector) Method not present: net.minecraft.item.Item.getDurabilityForDisplay
[20:16:50] [Client thread/INFO]: [OptiFine] (Reflector) Method not present: net.minecraft.item.Item.getModel
[20:16:50] [Client thread/INFO]: [OptiFine] (Reflector) Method not present: net.minecraft.item.Item.onEntitySwing
[20:16:50] [Client thread/INFO]: [OptiFine] (Reflector) Method not present: net.minecraft.item.Item.shouldCauseReequipAnimation
[20:16:50] [Client thread/INFO]: [OptiFine] (Reflector) Method not present: net.minecraft.item.Item.showDurabilityBar
[20:16:50] [Client thread/INFO]: [OptiFine] (Reflector) Method not present: net.minecraft.potion.PotionEffect.isCurativeItem
[20:16:50] [Client thread/INFO]: [OptiFine] (Reflector) Method not present: net.minecraft.tileentity.TileEntity.canRenderBreaking
[20:16:50] [Client thread/INFO]: [OptiFine] (Reflector) Method not present: net.minecraft.tileentity.TileEntity.getRenderBoundingBox
[20:16:50] [Client thread/INFO]: [OptiFine] (Reflector) Method not present: net.minecraft.tileentity.TileEntity.hasFastRenderer
[20:16:50] [Client thread/INFO]: [OptiFine] (Reflector) Method not present: net.minecraft.tileentity.TileEntity.shouldRenderInPass
[20:16:50] [Client thread/INFO]: [OptiFine] (Reflector) Method not present: net.minecraft.world.World.countEntities
[20:16:50] [Client thread/INFO]: [OptiFine] (Reflector) Method not present: net.minecraft.world.World.getPerWorldStorage
[20:16:50] [Client thread/INFO]: [OptiFine] (Reflector) Method not present: net.minecraft.world.WorldProvider.getCloudRenderer
[20:16:50] [Client thread/INFO]: [OptiFine] (Reflector) Method not present: net.minecraft.world.WorldProvider.getSkyRenderer
[20:16:50] [Client thread/INFO]: [OptiFine] (Reflector) Method not present: net.minecraft.world.WorldProvider.getWeatherRenderer
[20:16:50] [Client thread/INFO]: [OptiFine] (Reflector) Method not present: net.minecraft.world.WorldProvider.getSaveFolder
[20:16:50] [Client thread/INFO]: [OptiFine] (Reflector) Class not present: net.minecraftforge.client.model.IColoredBakedQuad
[20:16:50] [Client thread/INFO]: [OptiFine] (Reflector) Class not present: net.minecraftforge.common.property.IExtendedBlockState
[20:16:50] [Client thread/INFO]: [OptiFine] (Reflector) Class not present: net.minecraftforge.client.model.IModel
[20:16:50] [Client thread/INFO]: [OptiFine] (Reflector) Class not present: net.minecraftforge.client.IRenderHandler
[20:16:50] [Client thread/INFO]: [OptiFine] (Reflector) Class not present: net.minecraftforge.client.model.pipeline.LightUtil
[20:16:50] [Client thread/INFO]: [OptiFine] (Reflector) Class not present: net.minecraftforge.common.MinecraftForge
[20:16:50] [Client thread/INFO]: [OptiFine] (Reflector) Class not present: net.minecraftforge.client.MinecraftForgeClient
[20:16:50] [Client thread/INFO]: [OptiFine] (Reflector) Class not present: net.minecraftforge.fml.common.ModContainer
[20:16:50] [Client thread/INFO]: [OptiFine] (Reflector) Class not present: net.minecraftforge.client.model.ModelLoader$VanillaLoader
[20:16:50] [Client thread/INFO]: [OptiFine] (Reflector) Class not present: net.minecraftforge.client.event.RenderBlockOverlayEvent$OverlayType
[20:16:50] [Client thread/INFO]: [OptiFine] (Reflector) Class not present: net.minecraftforge.client.event.RenderItemInFrameEvent
[20:16:50] [Client thread/INFO]: [OptiFine] (Reflector) Class not present: net.minecraftforge.client.event.RenderLivingEvent$Pre
[20:16:50] [Client thread/INFO]: [OptiFine] (Reflector) Class not present: net.minecraftforge.client.event.RenderLivingEvent$Post
[20:16:50] [Client thread/INFO]: [OptiFine] (Reflector) Class not present: net.minecraftforge.client.event.RenderLivingEvent$Specials$Pre
[20:16:50] [Client thread/INFO]: [OptiFine] (Reflector) Class not present: net.minecraftforge.client.event.RenderLivingEvent$Specials$Post
[20:16:50] [Client thread/INFO]: [OptiFine] (Reflector) Class not present: net.minecraftforge.event.world.WorldEvent$Load
[20:16:50] [Client thread/INFO]: [OptiFine] *** Reloading custom textures ***
[20:16:50] [Client thread/INFO]: [OptiFine] CustomColors: Colormap mcpatcher/colormap/water.png
[20:16:50] [Client thread/INFO]: [OptiFine] CustomColors: Colormap mcpatcher/colormap/sky0.png
[20:16:50] [Client thread/INFO]: [OptiFine] CustomColors: Colormap mcpatcher/lightmap/world-1.png
[20:16:50] [Client thread/INFO]: [OptiFine] CustomColors: Colormap mcpatcher/lightmap/world0.png
[20:16:50] [Client thread/INFO]: [OptiFine] CustomColors: Colormap mcpatcher/lightmap/world1.png
[20:16:50] [Client thread/INFO]: [OptiFine] CustomColors: Loading mcpatcher/color.properties
[20:16:50] [Client thread/INFO]: [OptiFine] CustomColors: drop.water = ffffff
[20:16:50] [Client thread/INFO]: [OptiFine] CustomColors: lilypad = 577119
[20:16:50] [Client thread/INFO]: [OptiFine] CustomColors: Potion colors: 20
[20:16:50] [Client thread/INFO]: [OptiFine] CustomSky properties: mcpatcher/sky/world0/sky1.properties
[20:16:50] [Client thread/INFO]: [OptiFine] CustomSky properties: mcpatcher/sky/world0/sky2.properties
[20:16:50] [Client thread/INFO]: [OptiFine] CustomSky properties: mcpatcher/sky/world0/sky3.properties
[20:16:50] [Client thread/INFO]: [OptiFine] CustomSky properties: mcpatcher/sky/world0/sky4.properties
[20:16:50] [Client thread/INFO]: [OptiFine] CustomSky properties: mcpatcher/sky/world0/sky5.properties
[20:16:50] [Client thread/INFO]: [OptiFine] CustomSky properties: mcpatcher/sky/world0/sky6.properties
[20:16:50] [Client thread/INFO]: [OptiFine] CustomSky properties: mcpatcher/sky/world0/sky7.properties
[20:16:50] [Client thread/INFO]: [OptiFine] CustomSky properties: mcpatcher/sky/world0/sky8.properties
[20:16:50] [Client thread/INFO]: [OptiFine] Enable face culling: acacia_leaves, birch_leaves, dark_oak_leaves, jungle_leaves, oak_leaves, spruce_leaves
[20:16:53] [Client thread/INFO]: Connecting to mc.stitch.best, 25565
[20:16:56] [Client thread/INFO]: [CHAT]                                      
[20:16:56] [Client thread/INFO]: [CHAT] [+] ExterminateYT
[20:16:56] [Thread-10/INFO]: [OptiFine] Error parsing configuration: http://s.optifine.net/users/ExterminateYT.cfg, com.google.gson.JsonSyntaxException: com.google.gson.stream.MalformedJsonException: Use JsonReader.setLenient(true) to accept malformed JSON at line 2 column 2
[20:16:57] [Thread-11/INFO]: [OptiFine] Error parsing configuration: http://s.optifine.net/users/Moving-3.cfg, com.google.gson.JsonSyntaxException: com.google.gson.stream.MalformedJsonException: Use JsonReader.setLenient(true) to accept malformed JSON at line 2 column 2
[20:16:57] [Thread-12/INFO]: [OptiFine] Error parsing configuration: http://s.optifine.net/users/Moving-4.cfg, com.google.gson.JsonSyntaxException: com.google.gson.stream.MalformedJsonException: Use JsonReader.setLenient(true) to accept malformed JSON at line 2 column 2
[20:16:57] [Thread-13/INFO]: [OptiFine] Error parsing configuration: http://s.optifine.net/users/Wall-2.cfg, com.google.gson.JsonSyntaxException: com.google.gson.stream.MalformedJsonException: Use JsonReader.setLenient(true) to accept malformed JSON at line 2 column 2
[20:16:58] [Thread-14/INFO]: [OptiFine] Error parsing configuration: http://s.optifine.net/users/Wall-1.cfg, com.google.gson.JsonSyntaxException: com.google.gson.stream.MalformedJsonException: Use JsonReader.setLenient(true) to accept malformed JSON at line 2 column 2
[20:16:58] [Thread-15/INFO]: [OptiFine] Error parsing configuration: http://s.optifine.net/users/Walking-2.cfg, com.google.gson.JsonSyntaxException: com.google.gson.stream.MalformedJsonException: Use JsonReader.setLenient(true) to accept malformed JSON at line 2 column 2
[20:16:58] [Thread-16/INFO]: [OptiFine] Error parsing configuration: http://s.optifine.net/users/Wall-3.cfg, com.google.gson.JsonSyntaxException: com.google.gson.stream.MalformedJsonException: Use JsonReader.setLenient(true) to accept malformed JSON at line 2 column 2
[20:17:04] [Thread-17/INFO]: [OptiFine] Error parsing configuration: http://s.optifine.net/users/Walking-1.cfg, com.google.gson.JsonSyntaxException: com.google.gson.stream.MalformedJsonException: Use JsonReader.setLenient(true) to accept malformed JSON at line 2 column 2
[20:17:04] [Thread-18/INFO]: [OptiFine] Error parsing configuration: http://s.optifine.net/users/BreakJake9.cfg, com.google.gson.JsonSyntaxException: com.google.gson.stream.MalformedJsonException: Use JsonReader.setLenient(true) to accept malformed JSON at line 2 column 2
[20:17:05] [Thread-19/INFO]: [OptiFine] Error parsing configuration: http://s.optifine.net/users/Indian.cfg, com.google.gson.JsonSyntaxException: com.google.gson.stream.MalformedJsonException: Use JsonReader.setLenient(true) to accept malformed JSON at line 2 column 2
[20:17:06] [Thread-20/INFO]: [OptiFine] Error parsing configuration: http://s.optifine.net/users/Vagdedes.cfg, com.google.gson.JsonSyntaxException: com.google.gson.stream.MalformedJsonException: Use JsonReader.setLenient(true) to accept malformed JSON at line 2 column 2
[20:17:06] [Thread-21/INFO]: [OptiFine] Error parsing configuration: http://s.optifine.net/users/joe.cfg, com.google.gson.JsonSyntaxException: com.google.gson.stream.MalformedJsonException: Use JsonReader.setLenient(true) to accept malformed JSON at line 2 column 2
[20:17:07] [Thread-22/INFO]: [OptiFine] Error parsing configuration: http://s.optifine.net/users/CIT-72d9fef2e67d.cfg, com.google.gson.JsonSyntaxException: com.google.gson.stream.MalformedJsonException: Use JsonReader.setLenient(true) to accept malformed JSON at line 2 column 2
[20:17:07] [Thread-23/INFO]: [OptiFine] Error parsing configuration: http://s.optifine.net/users/CIT-0d65fe041f01.cfg, com.google.gson.JsonSyntaxException: com.google.gson.stream.MalformedJsonException: Use JsonReader.setLenient(true) to accept malformed JSON at line 2 column 2
[20:17:07] [Thread-24/INFO]: [OptiFine] Error parsing configuration: http://s.optifine.net/users/CIT-dc44976f9c6b.cfg, com.google.gson.JsonSyntaxException: com.google.gson.stream.MalformedJsonException: Use JsonReader.setLenient(true) to accept malformed JSON at line 2 column 2
[20:17:08] [Thread-25/INFO]: [OptiFine] Error parsing configuration: http://s.optifine.net/users/CIT-f65935c5250f.cfg, com.google.gson.JsonSyntaxException: com.google.gson.stream.MalformedJsonException: Use JsonReader.setLenient(true) to accept malformed JSON at line 2 column 2
[20:17:08] [Client thread/INFO]: [CHAT] §cVerus§7 > §7ExterminateYT§7 failed §cFly§7 (§c4I§7) §cx1.0
[20:17:08] [Thread-26/INFO]: [OptiFine] Error parsing configuration: http://s.optifine.net/users/CIT-740cc2f3e8f3.cfg, com.google.gson.JsonSyntaxException: com.google.gson.stream.MalformedJsonException: Use JsonReader.setLenient(true) to accept malformed JSON at line 2 column 2
[20:17:09] [Thread-27/INFO]: [OptiFine] Error parsing configuration: http://s.optifine.net/users/copadamuhkerjee.cfg, com.google.gson.JsonSyntaxException: com.google.gson.stream.MalformedJsonException: Use JsonReader.setLenient(true) to accept malformed JSON at line 2 column 2
[20:17:10] [Thread-29/INFO]: [OptiFine] Error parsing configuration: http://s.optifine.net/users/anal.cfg, com.google.gson.JsonSyntaxException: com.google.gson.stream.MalformedJsonException: Use JsonReader.setLenient(true) to accept malformed JSON at line 2 column 2
[20:17:10] [Thread-30/INFO]: [OptiFine] Error parsing configuration: http://s.optifine.net/users/cummyinmytummy.cfg, com.google.gson.JsonSyntaxException: com.google.gson.stream.MalformedJsonException: Use JsonReader.setLenient(true) to accept malformed JSON at line 2 column 2
[20:17:28] [Client thread/INFO]: [CHAT] You have switched to NCP
[20:17:32] [Client thread/INFO]: [CHAT] You have switched to Vanilla
[20:17:50] [Thread-31/INFO]: [OptiFine] Error parsing configuration: http://s.optifine.net/users/BEASTx18.cfg, com.google.gson.JsonSyntaxException: com.google.gson.stream.MalformedJsonException: Use JsonReader.setLenient(true) to accept malformed JSON at line 2 column 2
[20:19:21] [Client thread/INFO]: [CHAT] [-] BEASTx18
[20:19:48] [Client thread/INFO]: [CHAT] [-] BridgeProtector
[20:19:53] [Client thread/INFO]: [CHAT] [+] BEASTx18
[20:19:53] [Client thread/INFO]: [CHAT] [-] BEASTx18
[20:19:55] [Client thread/INFO]: [CHAT] [+] BEASTx18
[20:19:55] [Client thread/INFO]: [CHAT] [-] BEASTx18
