[14:48:51] [Client thread/INFO]: Setting user: Player46
[14:48:51] [Client thread/INFO]: (Session ID is token:0:Player46)
[14:48:52] [Client thread/INFO]: [OptiFine] *** Reflector Forge ***
[14:48:52] [Client thread/INFO]: [OptiFine] *** Reflector Vanilla ***
[14:48:52] [Client thread/INFO]: [OptiFine] (Reflector) Class not present: net.minecraftforge.fml.common.eventhandler.Event$Result
[14:48:52] [Client thread/INFO]: [OptiFine] (Reflector) Class not present: net.minecraft.launchwrapper.Launch
[14:48:52] [Client thread/INFO]: LWJGL Version: 2.9.4
[14:48:52] [Client thread/INFO]: [OptiFine] 
[14:48:52] [Client thread/INFO]: [OptiFine] OptiFine_1.8.9_HD_U_M5
[14:48:52] [Client thread/INFO]: [OptiFine] Build: null
[14:48:52] [Client thread/INFO]: [OptiFine] OS: Windows 10 (amd64) version 10.0
[14:48:52] [Client thread/INFO]: [OptiFine] Java: 1.8.0_332, Amazon.com Inc.
[14:48:52] [Client thread/INFO]: [OptiFine] VM: OpenJDK 64-Bit Server VM (mixed mode), Amazon.com Inc.
[14:48:52] [Client thread/INFO]: [OptiFine] LWJGL: 2.9.4
[14:48:52] [Client thread/INFO]: [OptiFine] OpenGL: GeForce GTX 1650/PCIe/SSE2, version 4.6.0 NVIDIA 456.71, NVIDIA Corporation
[14:48:52] [Client thread/INFO]: [OptiFine] OpenGL Version: 4.6.0
[14:48:52] [Client thread/INFO]: [OptiFine] Maximum texture size: 32768x32768
[14:48:52] [VersionCheck/INFO]: [OptiFine] Checking for new version
[14:48:52] [Client thread/INFO]: [Shaders] OpenGL Version: 4.6.0 NVIDIA 456.71
[14:48:52] [Client thread/INFO]: [Shaders] Vendor:  NVIDIA Corporation
[14:48:52] [Client thread/INFO]: [Shaders] Renderer: GeForce GTX 1650/PCIe/SSE2
[14:48:52] [Client thread/INFO]: [Shaders] Capabilities:  2.0  2.1  3.0  3.2  4.0 
[14:48:52] [Client thread/INFO]: [Shaders] GL_MAX_DRAW_BUFFERS: 8
[14:48:52] [Client thread/INFO]: [Shaders] GL_MAX_COLOR_ATTACHMENTS_EXT: 8
[14:48:52] [Client thread/INFO]: [Shaders] GL_MAX_TEXTURE_IMAGE_UNITS: 32
[14:48:52] [Client thread/INFO]: [Shaders] Load shaders configuration.
[14:48:52] [Client thread/INFO]: [Shaders] Save shaders configuration.
[14:48:52] [Client thread/INFO]: [Shaders] No shaderpack loaded.
[14:48:52] [Client thread/INFO]: [OptiFine] (Reflector) Class not present: net.minecraftforge.fml.common.Loader
[14:48:52] [Client thread/INFO]: [OptiFine] (Reflector) Class not present: net.minecraftforge.fml.client.SplashProgress
[14:48:52] [Client thread/INFO]: Reloading ResourceManager: Default
[14:48:52] [Client thread/INFO]: [OptiFine] (Reflector) Class not present: optifine.OptiFineClassTransformer
[14:48:52] [Client thread/INFO]: [OptiFine] *** Reloading textures ***
[14:48:52] [Client thread/INFO]: [OptiFine] Resource packs: Default
[14:48:52] [Client thread/INFO]: [OptiFine] (Reflector) Class not present: net.minecraftforge.client.model.Attributes
[14:48:52] [Client thread/INFO]: [OptiFine] (Reflector) Method not present: net.minecraft.client.renderer.vertex.VertexFormatElement$EnumUsage.preDraw
[14:48:52] [Client thread/INFO]: [OptiFine] (Reflector) Method not present: net.minecraft.client.renderer.vertex.VertexFormatElement$EnumUsage.postDraw
[14:48:52] [Client thread/ERROR]: Couldn't initialize twitch stream
[14:48:52] [Sound Library Loader/INFO]: Starting up SoundSystem...
[14:48:53] [VersionCheck/INFO]: [OptiFine] Version found: M5
[14:48:53] [Thread-6/INFO]: Initializing LWJGL OpenAL
[14:48:53] [Thread-6/INFO]: (The LWJGL binding of OpenAL.  For more information, see http://www.lwjgl.org)
[14:48:53] [Thread-6/INFO]: OpenAL initialized.
[14:48:53] [Sound Library Loader/INFO]: Sound engine started
[14:48:53] [Client thread/INFO]: [OptiFine] (Reflector) Class not present: net.minecraftforge.client.ForgeHooksClient
[14:48:53] [Client thread/INFO]: [OptiFine] Mipmap levels: 4
[14:48:53] [Client thread/INFO]: [OptiFine] Multitexture: false
[14:48:53] [Client thread/INFO]: [OptiFine] ConnectedTextures: mcpatcher/ctm/default/0_glass_white/glass_pane_white.properties
[14:48:53] [Client thread/INFO]: [OptiFine] ConnectedTextures: mcpatcher/ctm/default/0_glass_white/glass_white.properties
[14:48:53] [Client thread/INFO]: [OptiFine] ConnectedTextures: mcpatcher/ctm/default/10_glass_purple/glass_pane_purple.properties
[14:48:53] [Client thread/INFO]: [OptiFine] ConnectedTextures: mcpatcher/ctm/default/10_glass_purple/glass_purple.properties
[14:48:53] [Client thread/INFO]: [OptiFine] ConnectedTextures: mcpatcher/ctm/default/11_glass_blue/glass_blue.properties
[14:48:53] [Client thread/INFO]: [OptiFine] ConnectedTextures: mcpatcher/ctm/default/11_glass_blue/glass_pane_blue.properties
[14:48:53] [Client thread/INFO]: [OptiFine] ConnectedTextures: mcpatcher/ctm/default/12_glass_brown/glass_brown.properties
[14:48:53] [Client thread/INFO]: [OptiFine] ConnectedTextures: mcpatcher/ctm/default/12_glass_brown/glass_pane_brown.properties
[14:48:53] [Client thread/INFO]: [OptiFine] ConnectedTextures: mcpatcher/ctm/default/13_glass_green/glass_green.properties
[14:48:53] [Client thread/INFO]: [OptiFine] ConnectedTextures: mcpatcher/ctm/default/13_glass_green/glass_pane_green.properties
[14:48:53] [Client thread/INFO]: [OptiFine] ConnectedTextures: mcpatcher/ctm/default/14_glass_red/glass_pane_red.properties
[14:48:53] [Client thread/INFO]: [OptiFine] ConnectedTextures: mcpatcher/ctm/default/14_glass_red/glass_red.properties
[14:48:53] [Client thread/INFO]: [OptiFine] ConnectedTextures: mcpatcher/ctm/default/15_glass_black/glass_black.properties
[14:48:53] [Client thread/INFO]: [OptiFine] ConnectedTextures: mcpatcher/ctm/default/15_glass_black/glass_pane_black.properties
[14:48:53] [Client thread/INFO]: [OptiFine] ConnectedTextures: mcpatcher/ctm/default/1_glass_orange/glass_orange.properties
[14:48:53] [Client thread/INFO]: [OptiFine] ConnectedTextures: mcpatcher/ctm/default/1_glass_orange/glass_pane_orange.properties
[14:48:53] [Client thread/INFO]: [OptiFine] ConnectedTextures: mcpatcher/ctm/default/2_glass_magenta/glass_magenta.properties
[14:48:53] [Client thread/INFO]: [OptiFine] ConnectedTextures: mcpatcher/ctm/default/2_glass_magenta/glass_pane_magenta.properties
[14:48:53] [Client thread/INFO]: [OptiFine] ConnectedTextures: mcpatcher/ctm/default/3_glass_light_blue/glass_light_blue.properties
[14:48:53] [Client thread/INFO]: [OptiFine] ConnectedTextures: mcpatcher/ctm/default/3_glass_light_blue/glass_pane_light_blue.properties
[14:48:53] [Client thread/INFO]: [OptiFine] ConnectedTextures: mcpatcher/ctm/default/4_glass_yellow/glass_pane_yellow.properties
[14:48:53] [Client thread/INFO]: [OptiFine] ConnectedTextures: mcpatcher/ctm/default/4_glass_yellow/glass_yellow.properties
[14:48:53] [Client thread/INFO]: [OptiFine] ConnectedTextures: mcpatcher/ctm/default/5_glass_lime/glass_lime.properties
[14:48:53] [Client thread/INFO]: [OptiFine] ConnectedTextures: mcpatcher/ctm/default/5_glass_lime/glass_pane_lime.properties
[14:48:53] [Client thread/INFO]: [OptiFine] ConnectedTextures: mcpatcher/ctm/default/6_glass_pink/glass_pane_pink.properties
[14:48:53] [Client thread/INFO]: [OptiFine] ConnectedTextures: mcpatcher/ctm/default/6_glass_pink/glass_pink.properties
[14:48:53] [Client thread/INFO]: [OptiFine] ConnectedTextures: mcpatcher/ctm/default/7_glass_gray/glass_gray.properties
[14:48:53] [Client thread/INFO]: [OptiFine] ConnectedTextures: mcpatcher/ctm/default/7_glass_gray/glass_pane_gray.properties
[14:48:53] [Client thread/INFO]: [OptiFine] ConnectedTextures: mcpatcher/ctm/default/8_glass_silver/glass_pane_silver.properties
[14:48:53] [Client thread/INFO]: [OptiFine] ConnectedTextures: mcpatcher/ctm/default/8_glass_silver/glass_silver.properties
[14:48:53] [Client thread/INFO]: [OptiFine] ConnectedTextures: mcpatcher/ctm/default/9_glass_cyan/glass_cyan.properties
[14:48:53] [Client thread/INFO]: [OptiFine] ConnectedTextures: mcpatcher/ctm/default/9_glass_cyan/glass_pane_cyan.properties
[14:48:53] [Client thread/INFO]: [OptiFine] ConnectedTextures: mcpatcher/ctm/default/bookshelf.properties
[14:48:53] [Client thread/INFO]: [OptiFine] ConnectedTextures: mcpatcher/ctm/default/glass.properties
[14:48:53] [Client thread/INFO]: [OptiFine] ConnectedTextures: mcpatcher/ctm/default/glasspane.properties
[14:48:53] [Client thread/INFO]: [OptiFine] ConnectedTextures: mcpatcher/ctm/default/sandstone.properties
[14:48:53] [Client thread/INFO]: [OptiFine] Multipass connected textures: false
[14:48:53] [Client thread/INFO]: [OptiFine] BetterGrass: Parsing default configuration optifine/bettergrass.properties
[14:48:54] [Client thread/INFO]: Created: 1024x512 textures-atlas
[14:48:54] [Client thread/INFO]: [OptiFine] Animated sprites: 11
[14:48:54] [Client thread/INFO]: [OptiFine] (Reflector) Class not present: net.minecraftforge.client.model.ModelLoader
[14:48:54] [Client thread/INFO]: [OptiFine] (Reflector) Class not present: net.minecraftforge.client.ItemModelMesherForge
[14:48:54] [Client thread/INFO]: [OptiFine] (Reflector) Class not present: net.minecraftforge.fml.client.registry.RenderingRegistry
[14:48:54] [Client thread/INFO]: [OptiFine] (Reflector) Class not present: net.minecraftforge.common.ForgeModContainer
[14:48:56] [Via-Mappingloader-0/INFO]: Loading 1.12 -> 1.13 mappings...
[14:48:56] [Via-Mappingloader-1/INFO]: Loading 1.13 -> 1.13.2 mappings...
[14:48:56] [Via-Mappingloader-2/INFO]: Loading 1.13.2 -> 1.14 mappings...
[14:48:56] [Via-Mappingloader-3/INFO]: Loading 1.14 -> 1.15 mappings...
[14:48:56] [Via-Mappingloader-1/INFO]: Loading 1.16 -> 1.16.2 mappings...
[14:48:56] [Via-Mappingloader-4/INFO]: Loading 1.15 -> 1.16 mappings...
[14:48:56] [Via-Mappingloader-0/INFO]: Loading block connection mappings ...
[14:48:56] [Via-Mappingloader-3/INFO]: Loading 1.16.2 -> 1.17 mappings...
[14:48:56] [Client thread/INFO]: Loading translations...
[14:48:56] [Via-Mappingloader-2/INFO]: Loading 1.17 -> 1.18 mappings...
[14:48:56] [Via-Mappingloader-1/INFO]: Loading 1.10 -> 1.9.4 mappings...
[14:48:56] [Via-Mappingloader-1/INFO]: Loading 1.11 -> 1.10 mappings...
[14:48:56] [Via-Mappingloader-0/INFO]: Loading 1.12 -> 1.11 mappings...
[14:48:56] [Via-Mappingloader-0/INFO]: Loading 1.13 -> 1.12 mappings...
[14:48:56] [Via-Mappingloader-2/INFO]: Loading 1.13.2 -> 1.13 mappings...
[14:48:56] [Via-Mappingloader-2/INFO]: Loading 1.14 -> 1.13.2 mappings...
[14:48:56] [Via-Mappingloader-2/INFO]: Loading 1.15 -> 1.14 mappings...
[14:48:56] [Via-Mappingloader-2/INFO]: Loading 1.16 -> 1.15 mappings...
[14:48:56] [Via-Mappingloader-0/INFO]: Loading 1.16.2 -> 1.16 mappings...
[14:48:56] [Via-Mappingloader-0/INFO]: Loading 1.17 -> 1.16.2 mappings...
[14:48:56] [Via-Mappingloader-3/INFO]: Loading 1.18 -> 1.17 mappings...
[14:48:56] [ViaMCP-0/INFO]: ViaVersion detected server version: 1.8.x (47)
[14:48:56] [ViaMCP-0/WARN]: This version of Minecraft is extremely outdated and support for it has reached its end of life. You will still be able to run Via on this Minecraft version, but we are unlikely to provide any further fixes or help with problems specific to legacy Minecraft versions. Please consider updating to give your players a better experience and to avoid issues that have long been fixed.
[14:48:56] [ViaMCP-0/WARN]: You are running an outdated Java version, please consider updating it to at least Java 17 (your version is 1.8.0_332). At some point in the future, ViaVersion will no longer be compatible with this version of Java.
[14:48:56] [ViaMCP-0/WARN]: There is a newer plugin version available: 4.3.1, you're on: 4.1.1
[14:48:56] [ViaMCP-0/INFO]: Finished mapping loading, shutting down loader executor!
[14:49:02] [Client thread/INFO]: [OptiFine] (Reflector) Class not present: mods.betterfoliage.client.BetterFoliageClient
[14:49:02] [Client thread/INFO]: [OptiFine] (Reflector) Class not present: net.minecraftforge.fml.common.asm.transformers.BlamingTransformer
[14:49:02] [Client thread/INFO]: [OptiFine] (Reflector) Class not present: net.minecraftforge.event.world.ChunkWatchEvent$UnWatch
[14:49:02] [Client thread/INFO]: [OptiFine] (Reflector) Class not present: net.minecraftforge.fml.relauncher.CoreModManager
[14:49:02] [Client thread/INFO]: [OptiFine] (Reflector) Class not present: net.minecraftforge.common.DimensionManager
[14:49:02] [Client thread/INFO]: [OptiFine] (Reflector) Class not present: net.minecraftforge.client.event.GuiScreenEvent$DrawScreenEvent$Pre
[14:49:02] [Client thread/INFO]: [OptiFine] (Reflector) Class not present: net.minecraftforge.client.event.GuiScreenEvent$DrawScreenEvent$Post
[14:49:02] [Client thread/INFO]: [OptiFine] (Reflector) Class not present: net.minecraftforge.client.event.EntityViewRenderEvent$CameraSetup
[14:49:02] [Client thread/INFO]: [OptiFine] (Reflector) Class not present: net.minecraftforge.client.event.EntityViewRenderEvent$FogColors
[14:49:02] [Client thread/INFO]: [OptiFine] (Reflector) Class not present: net.minecraftforge.fml.common.eventhandler.Event
[14:49:02] [Client thread/INFO]: [OptiFine] (Reflector) Class not present: net.minecraftforge.fml.common.eventhandler.EventBus
[14:49:02] [Client thread/INFO]: [OptiFine] (Reflector) Class not present: net.minecraftforge.common.property.ExtendedBlockState
[14:49:02] [Client thread/INFO]: [OptiFine] (Reflector) Class not present: net.minecraftforge.fml.client.FMLClientHandler
[14:49:02] [Client thread/INFO]: [OptiFine] (Reflector) Class not present: net.minecraftforge.fml.common.FMLCommonHandler
[14:49:02] [Client thread/INFO]: [OptiFine] (Reflector) Method not present: net.minecraft.world.biome.BiomeGenBase.getWaterColorMultiplier
[14:49:02] [Client thread/INFO]: [OptiFine] (Reflector) Method not present: net.minecraft.block.Block.addDestroyEffects
[14:49:02] [Client thread/INFO]: [OptiFine] (Reflector) Method not present: net.minecraft.block.Block.addHitEffects
[14:49:02] [Client thread/INFO]: [OptiFine] (Reflector) Method not present: net.minecraft.block.Block.canCreatureSpawn
[14:49:02] [Client thread/INFO]: [OptiFine] (Reflector) Method not present: net.minecraft.block.Block.canRenderInLayer
[14:49:02] [Client thread/INFO]: [OptiFine] (Reflector) Method not present: net.minecraft.block.Block.doesSideBlockRendering
[14:49:02] [Client thread/INFO]: [OptiFine] (Reflector) Method not present: net.minecraft.block.Block.getBedDirection
[14:49:02] [Client thread/INFO]: [OptiFine] (Reflector) Method not present: net.minecraft.block.Block.getExtendedState
[14:49:02] [Client thread/INFO]: [OptiFine] (Reflector) Method not present: net.minecraft.block.Block.getLightOpacity
[14:49:02] [Client thread/INFO]: [OptiFine] (Reflector) Method not present: net.minecraft.block.Block.getLightValue
[14:49:02] [Client thread/INFO]: [OptiFine] (Reflector) Method not present: net.minecraft.block.Block.hasTileEntity
[14:49:02] [Client thread/INFO]: [OptiFine] (Reflector) Method not present: net.minecraft.block.Block.isAir
[14:49:02] [Client thread/INFO]: [OptiFine] (Reflector) Method not present: net.minecraft.block.Block.isBed
[14:49:02] [Client thread/INFO]: [OptiFine] (Reflector) Method not present: net.minecraft.block.Block.isBedFoot
[14:49:02] [Client thread/INFO]: [OptiFine] (Reflector) Method not present: net.minecraft.block.Block.isSideSolid
[14:49:02] [Client thread/INFO]: [OptiFine] (Reflector) Method not present: net.minecraft.world.ChunkCache.isSideSolid
[14:49:02] [Client thread/INFO]: [OptiFine] (Reflector) Method not present: net.minecraft.entity.Entity.canRiderInteract
[14:49:02] [Client thread/INFO]: [OptiFine] (Reflector) Field not present: net.minecraft.entity.Entity.captureDrops
[14:49:02] [Client thread/INFO]: [OptiFine] (Reflector) Field not present: net.minecraft.entity.Entity.capturedDrops
[14:49:02] [Client thread/INFO]: [OptiFine] (Reflector) Method not present: net.minecraft.entity.Entity.shouldRenderInPass
[14:49:02] [Client thread/INFO]: [OptiFine] (Reflector) Method not present: net.minecraft.entity.Entity.shouldRiderSit
[14:49:02] [Client thread/INFO]: [OptiFine] (Reflector) Class not present: net.minecraftforge.event.ForgeEventFactory
[14:49:02] [Client thread/INFO]: [OptiFine] (Reflector) Class not present: net.minecraftforge.common.ForgeHooks
[14:49:02] [Client thread/INFO]: [OptiFine] (Reflector) Field not present: net.minecraft.item.Item.delegate
[14:49:02] [Client thread/INFO]: [OptiFine] (Reflector) Method not present: net.minecraft.item.Item.getDurabilityForDisplay
[14:49:02] [Client thread/INFO]: [OptiFine] (Reflector) Method not present: net.minecraft.item.Item.getModel
[14:49:02] [Client thread/INFO]: [OptiFine] (Reflector) Method not present: net.minecraft.item.Item.onEntitySwing
[14:49:02] [Client thread/INFO]: [OptiFine] (Reflector) Method not present: net.minecraft.item.Item.shouldCauseReequipAnimation
[14:49:02] [Client thread/INFO]: [OptiFine] (Reflector) Method not present: net.minecraft.item.Item.showDurabilityBar
[14:49:02] [Client thread/INFO]: [OptiFine] (Reflector) Method not present: net.minecraft.potion.PotionEffect.isCurativeItem
[14:49:02] [Client thread/INFO]: [OptiFine] (Reflector) Method not present: net.minecraft.tileentity.TileEntity.canRenderBreaking
[14:49:02] [Client thread/INFO]: [OptiFine] (Reflector) Method not present: net.minecraft.tileentity.TileEntity.getRenderBoundingBox
[14:49:02] [Client thread/INFO]: [OptiFine] (Reflector) Method not present: net.minecraft.tileentity.TileEntity.hasFastRenderer
[14:49:02] [Client thread/INFO]: [OptiFine] (Reflector) Method not present: net.minecraft.tileentity.TileEntity.shouldRenderInPass
[14:49:02] [Client thread/INFO]: [OptiFine] (Reflector) Method not present: net.minecraft.world.World.countEntities
[14:49:02] [Client thread/INFO]: [OptiFine] (Reflector) Method not present: net.minecraft.world.World.getPerWorldStorage
[14:49:02] [Client thread/INFO]: [OptiFine] (Reflector) Method not present: net.minecraft.world.WorldProvider.getCloudRenderer
[14:49:02] [Client thread/INFO]: [OptiFine] (Reflector) Method not present: net.minecraft.world.WorldProvider.getSkyRenderer
[14:49:02] [Client thread/INFO]: [OptiFine] (Reflector) Method not present: net.minecraft.world.WorldProvider.getWeatherRenderer
[14:49:02] [Client thread/INFO]: [OptiFine] (Reflector) Method not present: net.minecraft.world.WorldProvider.getSaveFolder
[14:49:02] [Client thread/INFO]: [OptiFine] (Reflector) Class not present: net.minecraftforge.fml.client.GuiModList
[14:49:02] [Client thread/INFO]: [OptiFine] (Reflector) Class not present: net.minecraftforge.client.model.IColoredBakedQuad
[14:49:02] [Client thread/INFO]: [OptiFine] (Reflector) Class not present: net.minecraftforge.common.property.IExtendedBlockState
[14:49:02] [Client thread/INFO]: [OptiFine] (Reflector) Class not present: net.minecraftforge.client.model.IModel
[14:49:02] [Client thread/INFO]: [OptiFine] (Reflector) Class not present: net.minecraftforge.client.IRenderHandler
[14:49:02] [Client thread/INFO]: [OptiFine] (Reflector) Class not present: net.minecraftforge.client.model.pipeline.LightUtil
[14:49:02] [Client thread/INFO]: [OptiFine] (Reflector) Class not present: net.minecraftforge.common.MinecraftForge
[14:49:02] [Client thread/INFO]: [OptiFine] (Reflector) Class not present: net.minecraftforge.client.MinecraftForgeClient
[14:49:02] [Client thread/INFO]: [OptiFine] (Reflector) Class not present: net.minecraftforge.fml.common.ModContainer
[14:49:02] [Client thread/INFO]: [OptiFine] (Reflector) Class not present: net.minecraftforge.client.model.ModelLoader$VanillaLoader
[14:49:02] [Client thread/INFO]: [OptiFine] (Reflector) Class not present: net.minecraftforge.client.event.RenderBlockOverlayEvent$OverlayType
[14:49:02] [Client thread/INFO]: [OptiFine] (Reflector) Class not present: net.minecraftforge.client.event.RenderItemInFrameEvent
[14:49:02] [Client thread/INFO]: [OptiFine] (Reflector) Class not present: net.minecraftforge.client.event.RenderLivingEvent$Pre
[14:49:02] [Client thread/INFO]: [OptiFine] (Reflector) Class not present: net.minecraftforge.client.event.RenderLivingEvent$Post
[14:49:02] [Client thread/INFO]: [OptiFine] (Reflector) Class not present: net.minecraftforge.client.event.RenderLivingEvent$Specials$Pre
[14:49:02] [Client thread/INFO]: [OptiFine] (Reflector) Class not present: net.minecraftforge.client.event.RenderLivingEvent$Specials$Post
[14:49:02] [Client thread/INFO]: [OptiFine] (Reflector) Class not present: net.minecraftforge.event.world.WorldEvent$Load
[14:49:02] [Client thread/INFO]: [OptiFine] *** Reloading custom textures ***
[14:49:02] [Client thread/INFO]: [OptiFine] Enable face culling: acacia_leaves, birch_leaves, dark_oak_leaves, jungle_leaves, oak_leaves, spruce_leaves
[14:49:07] [Client thread/ERROR]: Realms module missing
java.lang.ClassNotFoundException: com.mojang.realmsclient.gui.screens.RealmsNotificationsScreen
	at java.net.URLClassLoader.findClass(URLClassLoader.java:387) ~[?:1.8.0_332]
	at java.lang.ClassLoader.loadClass(ClassLoader.java:418) ~[?:1.8.0_332]
	at sun.misc.Launcher$AppClassLoader.loadClass(Launcher.java:352) ~[?:1.8.0_332]
	at java.lang.ClassLoader.loadClass(ClassLoader.java:351) ~[?:1.8.0_332]
	at java.lang.Class.forName0(Native Method) ~[?:1.8.0_332]
	at java.lang.Class.forName(Class.java:264) ~[?:1.8.0_332]
	at net.minecraft.realms.RealmsBridge.getNotificationScreen(RealmsBridge.java:38) [Menace-Recode/:?]
	at dev.menace.ui.custom.MenaceMainMenu.initGui(MenaceMainMenu.java:166) [Menace-Recode/:?]
	at net.minecraft.client.gui.GuiScreen.setWorldAndResolution(GuiScreen.java:560) [Menace-Recode/:?]
	at net.minecraft.client.Minecraft.displayGuiScreen(Minecraft.java:1002) [Menace-Recode/:?]
	at dev.menace.utils.security.MenaceAuthScreen.login(MenaceAuthScreen.java:182) [Menace-Recode/:?]
	at dev.menace.utils.security.MenaceAuthScreen.keyTyped(MenaceAuthScreen.java:123) [Menace-Recode/:?]
	at net.minecraft.client.gui.GuiScreen.handleKeyboardInput(GuiScreen.java:643) [Menace-Recode/:?]
	at net.minecraft.client.gui.GuiScreen.handleInput(GuiScreen.java:594) [Menace-Recode/:?]
	at net.minecraft.client.Minecraft.runTick(Minecraft.java:1787) [Menace-Recode/:?]
	at net.minecraft.client.Minecraft.runGameLoop(Minecraft.java:1108) [Menace-Recode/:?]
	at net.minecraft.client.Minecraft.run(Minecraft.java:438) [Menace-Recode/:?]
	at net.minecraft.client.main.Main.main(Main.java:113) [Menace-Recode/:?]
	at Start.main(Start.java:11) [Menace-Recode/:?]
[14:49:39] [Client thread/WARN]: Unable to start LAN server detection: error setting options
[14:49:40] [Client thread/INFO]: Connecting to mc.stitch.best, 25565
[14:49:43] [Client thread/INFO]: [CHAT]                                      
[14:49:43] [Client thread/INFO]: [CHAT] Blocks are now placeable
[14:49:43] [Client thread/INFO]: [CHAT] Use /items to get items
[14:49:44] [Thread-12/INFO]: [OptiFine] Error parsing configuration: http://s.optifine.net/users/ExterminateYT.cfg, com.google.gson.JsonSyntaxException: com.google.gson.stream.MalformedJsonException: Use JsonReader.setLenient(true) to accept malformed JSON at line 2 column 2
[14:49:44] [Thread-13/INFO]: [OptiFine] Error parsing configuration: http://s.optifine.net/users/Wall-3.cfg, com.google.gson.JsonSyntaxException: com.google.gson.stream.MalformedJsonException: Use JsonReader.setLenient(true) to accept malformed JSON at line 2 column 2
[14:49:44] [Thread-14/INFO]: [OptiFine] Error parsing configuration: http://s.optifine.net/users/Wall-2.cfg, com.google.gson.JsonSyntaxException: com.google.gson.stream.MalformedJsonException: Use JsonReader.setLenient(true) to accept malformed JSON at line 2 column 2
[14:49:45] [Thread-15/INFO]: [OptiFine] Error parsing configuration: http://s.optifine.net/users/Wall-1.cfg, com.google.gson.JsonSyntaxException: com.google.gson.stream.MalformedJsonException: Use JsonReader.setLenient(true) to accept malformed JSON at line 2 column 2
[14:49:45] [Thread-16/INFO]: [OptiFine] Error parsing configuration: http://s.optifine.net/users/anal.cfg, com.google.gson.JsonSyntaxException: com.google.gson.stream.MalformedJsonException: Use JsonReader.setLenient(true) to accept malformed JSON at line 2 column 2
[14:49:46] [Thread-17/INFO]: [OptiFine] Error parsing configuration: http://s.optifine.net/users/cummyinmytummy.cfg, com.google.gson.JsonSyntaxException: com.google.gson.stream.MalformedJsonException: Use JsonReader.setLenient(true) to accept malformed JSON at line 2 column 2
[14:49:48] [Thread-19/INFO]: [OptiFine] Error parsing configuration: http://s.optifine.net/users/CIT-740cc2f3e8f3.cfg, com.google.gson.JsonSyntaxException: com.google.gson.stream.MalformedJsonException: Use JsonReader.setLenient(true) to accept malformed JSON at line 2 column 2
[14:49:49] [Client thread/INFO]: [CHAT] Blocks are no-longer placeable
[14:49:49] [Thread-20/INFO]: [OptiFine] Error parsing configuration: http://s.optifine.net/users/copadamuhkerjee.cfg, com.google.gson.JsonSyntaxException: com.google.gson.stream.MalformedJsonException: Use JsonReader.setLenient(true) to accept malformed JSON at line 2 column 2
[14:49:49] [Thread-21/INFO]: [OptiFine] Error parsing configuration: http://s.optifine.net/users/CIT-dc44976f9c6b.cfg, com.google.gson.JsonSyntaxException: com.google.gson.stream.MalformedJsonException: Use JsonReader.setLenient(true) to accept malformed JSON at line 2 column 2
[14:49:50] [Thread-22/INFO]: [OptiFine] Error parsing configuration: http://s.optifine.net/users/CIT-72d9fef2e67d.cfg, com.google.gson.JsonSyntaxException: com.google.gson.stream.MalformedJsonException: Use JsonReader.setLenient(true) to accept malformed JSON at line 2 column 2
[14:49:50] [Thread-23/INFO]: [OptiFine] Error parsing configuration: http://s.optifine.net/users/CIT-f65935c5250f.cfg, com.google.gson.JsonSyntaxException: com.google.gson.stream.MalformedJsonException: Use JsonReader.setLenient(true) to accept malformed JSON at line 2 column 2
[14:49:51] [Thread-24/INFO]: [OptiFine] Error parsing configuration: http://s.optifine.net/users/CIT-0d65fe041f01.cfg, com.google.gson.JsonSyntaxException: com.google.gson.stream.MalformedJsonException: Use JsonReader.setLenient(true) to accept malformed JSON at line 2 column 2
[14:49:52] [Client thread/INFO]: [CHAT] Blocks are now placeable
[14:49:52] [Client thread/INFO]: [CHAT] Use /items to get items
[14:49:52] [Client thread/INFO]: [CHAT] Blocks are no-longer placeable
[14:49:52] [Thread-25/INFO]: [OptiFine] Error parsing configuration: http://s.optifine.net/users/joe.cfg, com.google.gson.JsonSyntaxException: com.google.gson.stream.MalformedJsonException: Use JsonReader.setLenient(true) to accept malformed JSON at line 2 column 2
[14:50:32] [Client thread/INFO]: [CHAT] Blocks are now placeable
[14:50:32] [Client thread/INFO]: [CHAT] Use /items to get items
[14:50:32] [Client thread/INFO]: [CHAT] Blocks are no-longer placeable
[14:50:33] [Client thread/INFO]: [CHAT] Blocks are now placeable
[14:50:33] [Client thread/INFO]: [CHAT] Use /items to get items
[14:50:33] [Client thread/INFO]: [CHAT] Blocks are no-longer placeable
[14:50:34] [Client thread/INFO]: [CHAT] Blocks are now placeable
[14:50:34] [Client thread/INFO]: [CHAT] Use /items to get items
[14:50:40] [Client thread/INFO]: [CHAT] Blocks are no-longer placeable
[14:59:43] [Client thread/INFO]: [CHAT] Blocks are now placeable
[14:59:43] [Client thread/INFO]: [CHAT] Use /items to get items
[15:00:59] [Client thread/INFO]: [CHAT] Blocks are no-longer placeable
[15:01:26] [Client thread/INFO]: [CHAT] Blocks are now placeable
[15:01:26] [Client thread/INFO]: [CHAT] Use /items to get items
[15:01:46] [Client thread/INFO]: [CHAT] Blocks are no-longer placeable
[15:01:50] [Thread-26/INFO]: [OptiFine] Error parsing configuration: http://s.optifine.net/users/Indian.cfg, com.google.gson.JsonSyntaxException: com.google.gson.stream.MalformedJsonException: Use JsonReader.setLenient(true) to accept malformed JSON at line 2 column 2
[15:01:51] [Thread-27/INFO]: [OptiFine] Error parsing configuration: http://s.optifine.net/users/Moving-4.cfg, com.google.gson.JsonSyntaxException: com.google.gson.stream.MalformedJsonException: Use JsonReader.setLenient(true) to accept malformed JSON at line 2 column 2
[15:01:51] [Thread-28/INFO]: [OptiFine] Error parsing configuration: http://s.optifine.net/users/Moving-3.cfg, com.google.gson.JsonSyntaxException: com.google.gson.stream.MalformedJsonException: Use JsonReader.setLenient(true) to accept malformed JSON at line 2 column 2
[15:01:52] [Thread-29/INFO]: [OptiFine] Error parsing configuration: http://s.optifine.net/users/Walking-2.cfg, com.google.gson.JsonSyntaxException: com.google.gson.stream.MalformedJsonException: Use JsonReader.setLenient(true) to accept malformed JSON at line 2 column 2
[15:01:53] [Thread-30/INFO]: [OptiFine] Error parsing configuration: http://s.optifine.net/users/Walking-1.cfg, com.google.gson.JsonSyntaxException: com.google.gson.stream.MalformedJsonException: Use JsonReader.setLenient(true) to accept malformed JSON at line 2 column 2
[15:02:24] [Thread-31/INFO]: [OptiFine] Error parsing configuration: http://s.optifine.net/users/Vagdedes.cfg, com.google.gson.JsonSyntaxException: com.google.gson.stream.MalformedJsonException: Use JsonReader.setLenient(true) to accept malformed JSON at line 2 column 2
[15:15:54] [Client thread/INFO]: [CHAT] Blocks are now placeable
[15:15:54] [Client thread/INFO]: [CHAT] Use /items to get items
[15:16:24] [Client thread/INFO]: [CHAT] Blocks are no-longer placeable
[15:16:33] [Client thread/INFO]: [CHAT] Blocks are now placeable
[15:16:33] [Client thread/INFO]: [CHAT] Use /items to get items
[15:16:34] [Client thread/INFO]: [CHAT] Blocks are no-longer placeable
[15:16:34] [Client thread/INFO]: [CHAT] Blocks are now placeable
[15:16:34] [Client thread/INFO]: [CHAT] Use /items to get items
[15:17:39] [Client thread/INFO]: [CHAT] Blocks are no-longer placeable
[15:17:41] [Client thread/INFO]: [CHAT] Blocks are now placeable
[15:17:41] [Client thread/INFO]: [CHAT] Use /items to get items
[15:17:42] [Client thread/INFO]: [CHAT] Blocks are no-longer placeable
[15:17:43] [Client thread/INFO]: [CHAT] Blocks are now placeable
[15:17:43] [Client thread/INFO]: [CHAT] Use /items to get items
[15:18:21] [Client thread/INFO]: [CHAT] Blocks are no-longer placeable
[15:18:22] [Client thread/INFO]: [CHAT] Blocks are now placeable
[15:18:22] [Client thread/INFO]: [CHAT] Use /items to get items
[15:18:39] [Client thread/INFO]: [CHAT] Blocks are no-longer placeable
[15:18:41] [Client thread/INFO]: [CHAT] Blocks are now placeable
[15:18:41] [Client thread/INFO]: [CHAT] Use /items to get items
[15:18:56] [Client thread/INFO]: [CHAT] Blocks are no-longer placeable
[15:18:57] [Client thread/INFO]: [CHAT] Blocks are now placeable
[15:18:57] [Client thread/INFO]: [CHAT] Use /items to get items
[15:18:58] [Client thread/INFO]: [CHAT] Blocks are no-longer placeable
[15:18:58] [Client thread/INFO]: [CHAT] Blocks are now placeable
[15:18:58] [Client thread/INFO]: [CHAT] Use /items to get items
[15:19:30] [Client thread/INFO]: [CHAT] Blocks are no-longer placeable
[15:19:31] [Client thread/INFO]: [CHAT] Blocks are now placeable
[15:19:31] [Client thread/INFO]: [CHAT] Use /items to get items
[15:19:56] [Client thread/INFO]: [CHAT] Blocks are no-longer placeable
[15:19:59] [Client thread/INFO]: [CHAT] Blocks are now placeable
[15:19:59] [Client thread/INFO]: [CHAT] Use /items to get items
[15:19:59] [Client thread/INFO]: [CHAT] Blocks are no-longer placeable
[15:20:02] [Client thread/INFO]: [CHAT] Blocks are now placeable
[15:20:02] [Client thread/INFO]: [CHAT] Use /items to get items
[15:20:02] [Client thread/INFO]: [CHAT] Blocks are no-longer placeable
[15:20:03] [Client thread/INFO]: [CHAT] Blocks are now placeable
[15:20:03] [Client thread/INFO]: [CHAT] Use /items to get items
[15:20:03] [Client thread/INFO]: [CHAT] Blocks are no-longer placeable
[15:20:04] [Client thread/INFO]: [CHAT] Blocks are now placeable
[15:20:04] [Client thread/INFO]: [CHAT] Use /items to get items
[15:20:05] [Client thread/INFO]: [CHAT] Blocks are no-longer placeable
[15:20:09] [Client thread/INFO]: [CHAT] Blocks are now placeable
[15:20:09] [Client thread/INFO]: [CHAT] Use /items to get items
[15:20:09] [Client thread/INFO]: [CHAT] Blocks are no-longer placeable
[15:20:15] [Client thread/INFO]: [CHAT] Blocks are now placeable
[15:20:15] [Client thread/INFO]: [CHAT] Use /items to get items
[15:20:15] [Client thread/INFO]: [CHAT] Blocks are no-longer placeable
[15:24:20] [Client thread/INFO]: [CHAT] Blocks are now placeable
[15:24:20] [Client thread/INFO]: [CHAT] Use /items to get items
[15:24:21] [Client thread/INFO]: [CHAT] Blocks are no-longer placeable
[15:25:55] [Client thread/INFO]: [CHAT] Blocks are now placeable
[15:25:55] [Client thread/INFO]: [CHAT] Use /items to get items
