[09:27:50] [Client thread/INFO]: Setting user: Player875
[09:27:50] [Client thread/INFO]: (Session ID is token:0:Player875)
[09:27:51] [Client thread/INFO]: [OptiFine] *** Reflector Forge ***
[09:27:51] [Client thread/INFO]: [OptiFine] *** Reflector Vanilla ***
[09:27:51] [Client thread/INFO]: [OptiFine] (Reflector) Class not present: net.minecraftforge.fml.common.eventhandler.Event$Result
[09:27:51] [Client thread/INFO]: [OptiFine] (Reflector) Class not present: net.minecraft.launchwrapper.Launch
[09:27:51] [Client thread/INFO]: LWJGL Version: 2.9.2
[09:27:52] [Client thread/INFO]: [OptiFine] 
[09:27:52] [Client thread/INFO]: [OptiFine] OptiFine_1.8.9_HD_U_M5
[09:27:52] [Client thread/INFO]: [OptiFine] Build: null
[09:27:52] [Client thread/INFO]: [OptiFine] OS: Windows 10 (amd64) version 10.0
[09:27:52] [Client thread/INFO]: [OptiFine] Java: 16.0.1, Oracle Corporation
[09:27:52] [Client thread/INFO]: [OptiFine] VM: Java HotSpot(TM) 64-Bit Server VM (mixed mode, sharing), Oracle Corporation
[09:27:52] [Client thread/INFO]: [OptiFine] LWJGL: 2.9.2
[09:27:52] [Client thread/INFO]: [OptiFine] OpenGL: GeForce GTX 1650/PCIe/SSE2, version 4.6.0 NVIDIA 456.71, NVIDIA Corporation
[09:27:52] [Client thread/INFO]: [OptiFine] OpenGL Version: 4.6.0
[09:27:52] [Client thread/INFO]: [OptiFine] Maximum texture size: 32768x32768
[09:27:52] [VersionCheck/INFO]: [OptiFine] Checking for new version
[09:27:52] [Client thread/INFO]: [Shaders] OpenGL Version: 4.6.0 NVIDIA 456.71
[09:27:52] [Client thread/INFO]: [Shaders] Vendor:  NVIDIA Corporation
[09:27:52] [Client thread/INFO]: [Shaders] Renderer: GeForce GTX 1650/PCIe/SSE2
[09:27:52] [Client thread/INFO]: [Shaders] Capabilities:  2.0  2.1  3.0  3.2  4.0 
[09:27:52] [Client thread/INFO]: [Shaders] GL_MAX_DRAW_BUFFERS: 8
[09:27:52] [Client thread/INFO]: [Shaders] GL_MAX_COLOR_ATTACHMENTS_EXT: 8
[09:27:52] [Client thread/INFO]: [Shaders] GL_MAX_TEXTURE_IMAGE_UNITS: 32
[09:27:52] [Client thread/INFO]: [Shaders] Load shaders configuration.
[09:27:52] [Client thread/INFO]: [Shaders] Save shaders configuration.
[09:27:52] [Client thread/INFO]: [Shaders] No shaderpack loaded.
[09:27:52] [Client thread/INFO]: [OptiFine] (Reflector) Class not present: net.minecraftforge.fml.common.Loader
[09:27:52] [Client thread/INFO]: [OptiFine] (Reflector) Class not present: net.minecraftforge.fml.client.SplashProgress
[09:27:52] [Client thread/INFO]: Reloading ResourceManager: Default, §f§krr §7[ §cShouble V2 §7] §f§krr§7.zip, §bKetamine §5 V1.2.zip
[09:27:52] [Client thread/INFO]: [OptiFine] (Reflector) Class not present: optifine.OptiFineClassTransformer
[09:27:52] [Client thread/INFO]: [OptiFine] *** Reloading textures ***
[09:27:52] [Client thread/INFO]: [OptiFine] Resource packs: §f§krr §7[ §cShouble V2 §7] §f§krr§7.zip, §bKetamine §5 V1.2.zip
[09:27:52] [Client thread/INFO]: [OptiFine] (Reflector) Class not present: net.minecraftforge.client.model.Attributes
[09:27:52] [Client thread/INFO]: [OptiFine] (Reflector) Method not present: net.minecraft.client.renderer.vertex.VertexFormatElement$EnumUsage.preDraw
[09:27:52] [Client thread/INFO]: [OptiFine] (Reflector) Method not present: net.minecraft.client.renderer.vertex.VertexFormatElement$EnumUsage.postDraw
[09:27:52] [Sound Library Loader/INFO]: Starting up SoundSystem...
[09:27:52] [VersionCheck/INFO]: [OptiFine] Version found: M5
[09:27:52] [Thread-5/INFO]: Initializing LWJGL OpenAL
[09:27:52] [Thread-5/INFO]: (The LWJGL binding of OpenAL.  For more information, see http://www.lwjgl.org)
[09:27:53] [Client thread/INFO]: [OptiFine] Loading mcpatcher/font/ascii.properties
[09:27:53] [Thread-5/INFO]: OpenAL initialized.
[09:27:53] [Client thread/INFO]: [OptiFine] Loading mcpatcher/font/ascii_sga.properties
[09:27:53] [Sound Library Loader/INFO]: Sound engine started
[09:27:54] [Client thread/INFO]: [OptiFine] (Reflector) Class not present: net.minecraftforge.client.ForgeHooksClient
[09:27:54] [Client thread/INFO]: [OptiFine] Mipmap levels: 4
[09:27:54] [Client thread/INFO]: [OptiFine] Multitexture: false
[09:27:54] [Client thread/INFO]: [OptiFine] ConnectedTextures: mcpatcher/ctm/glass black/glass_black.properties
[09:27:54] [Client thread/INFO]: [OptiFine] ConnectedTextures: mcpatcher/ctm/glass blue/glass_blue.properties
[09:27:54] [Client thread/INFO]: [OptiFine] ConnectedTextures: mcpatcher/ctm/glass brown/glass_brown.properties
[09:27:54] [Client thread/INFO]: [OptiFine] ConnectedTextures: mcpatcher/ctm/glass cyan/glass_cyan.properties
[09:27:54] [Client thread/INFO]: [OptiFine] ConnectedTextures: mcpatcher/ctm/glass gray/glass_gray.properties
[09:27:54] [Client thread/INFO]: [OptiFine] ConnectedTextures: mcpatcher/ctm/glass green/glass_green.properties
[09:27:54] [Client thread/INFO]: [OptiFine] ConnectedTextures: mcpatcher/ctm/glass light blue/glass_light_blue.properties
[09:27:54] [Client thread/INFO]: [OptiFine] ConnectedTextures: mcpatcher/ctm/glass light gray/glass_silver.properties
[09:27:54] [Client thread/INFO]: [OptiFine] ConnectedTextures: mcpatcher/ctm/glass lime/glass_lime.properties
[09:27:54] [Client thread/INFO]: [OptiFine] ConnectedTextures: mcpatcher/ctm/glass magenta/glass_magenta.properties
[09:27:54] [Client thread/INFO]: [OptiFine] ConnectedTextures: mcpatcher/ctm/glass orange/glass_orange.properties
[09:27:54] [Client thread/INFO]: [OptiFine] ConnectedTextures: mcpatcher/ctm/glass pink/glass_pink.properties
[09:27:54] [Client thread/INFO]: [OptiFine] ConnectedTextures: mcpatcher/ctm/glass purple/glass_purple.properties
[09:27:54] [Client thread/INFO]: [OptiFine] ConnectedTextures: mcpatcher/ctm/glass red/glass_red.properties
[09:27:54] [Client thread/INFO]: [OptiFine] ConnectedTextures: mcpatcher/ctm/glass white/glass_white.properties
[09:27:54] [Client thread/INFO]: [OptiFine] ConnectedTextures: mcpatcher/ctm/glass yellow/glass_yellow.properties
[09:27:54] [Client thread/INFO]: [OptiFine] ConnectedTextures: mcpatcher/ctm/glass/Black Glass/glass_black.properties
[09:27:54] [Client thread/INFO]: [OptiFine] ConnectedTextures: mcpatcher/ctm/glass/Blue Glass/glass_blue.properties
[09:27:54] [Client thread/INFO]: [OptiFine] ConnectedTextures: mcpatcher/ctm/glass/Brown Glass/glass_brown.properties
[09:27:54] [Client thread/INFO]: [OptiFine] ConnectedTextures: mcpatcher/ctm/glass/Cyan Glass/glass_cyan.properties
[09:27:54] [Client thread/INFO]: [OptiFine] ConnectedTextures: mcpatcher/ctm/glass/Green Glass/glass_green.properties
[09:27:54] [Client thread/INFO]: [OptiFine] ConnectedTextures: mcpatcher/ctm/glass/Grey Glass/glass_gray.properties
[09:27:54] [Client thread/INFO]: [OptiFine] ConnectedTextures: mcpatcher/ctm/glass/Light Blue Glass/glass_light_blue.properties
[09:27:54] [Client thread/INFO]: [OptiFine] ConnectedTextures: mcpatcher/ctm/glass/Light Grey Glass/glass_silver.properties
[09:27:54] [Client thread/INFO]: [OptiFine] ConnectedTextures: mcpatcher/ctm/glass/Lime Glass/glass_lime.properties
[09:27:54] [Client thread/INFO]: [OptiFine] ConnectedTextures: mcpatcher/ctm/glass/Magenta Glass/glass_magenta.properties
[09:27:54] [Client thread/INFO]: [OptiFine] ConnectedTextures: mcpatcher/ctm/glass/Normal/glass.properties
[09:27:54] [Client thread/INFO]: [OptiFine] ConnectedTextures: mcpatcher/ctm/glass/Orange Glass/glass_orange.properties
[09:27:54] [Client thread/INFO]: [OptiFine] ConnectedTextures: mcpatcher/ctm/glass/Pink Glass/glass_pink.properties
[09:27:54] [Client thread/INFO]: [OptiFine] ConnectedTextures: mcpatcher/ctm/glass/Purple Glass/glass_purple.properties
[09:27:54] [Client thread/INFO]: [OptiFine] ConnectedTextures: mcpatcher/ctm/glass/Red Glass/glass_red.properties
[09:27:54] [Client thread/INFO]: [OptiFine] ConnectedTextures: mcpatcher/ctm/glass/White Glass/glass_white.properties
[09:27:54] [Client thread/INFO]: [OptiFine] ConnectedTextures: mcpatcher/ctm/glass/Yellow Glass/glass_yellow.properties
[09:27:54] [Client thread/INFO]: [OptiFine] ConnectedTextures: mcpatcher/ctm/glass/glass.properties
[09:27:54] [Client thread/INFO]: [OptiFine] ConnectedTextures: mcpatcher/ctm/glass_clear/glass.properties
[09:27:54] [Client thread/INFO]: [OptiFine] Multipass connected textures: false
[09:27:54] [Client thread/INFO]: [OptiFine] ConnectedTextures: mcpatcher/ctm/blocks/glass/default/glass.properties
[09:27:54] [Client thread/INFO]: [OptiFine] ConnectedTextures: mcpatcher/ctm/blocks/glass/glass_black/glass_black.properties
[09:27:54] [Client thread/INFO]: [OptiFine] ConnectedTextures: mcpatcher/ctm/blocks/glass/glass_blue/glass_blue.properties
[09:27:54] [Client thread/INFO]: [OptiFine] ConnectedTextures: mcpatcher/ctm/blocks/glass/glass_brown/glass_brown.properties
[09:27:54] [Client thread/INFO]: [OptiFine] ConnectedTextures: mcpatcher/ctm/blocks/glass/glass_cyan/glass_cyan.properties
[09:27:54] [Client thread/INFO]: [OptiFine] ConnectedTextures: mcpatcher/ctm/blocks/glass/glass_gray/glass_gray.properties
[09:27:54] [Client thread/INFO]: [OptiFine] ConnectedTextures: mcpatcher/ctm/blocks/glass/glass_green/glass_green.properties
[09:27:54] [Client thread/INFO]: [OptiFine] ConnectedTextures: mcpatcher/ctm/blocks/glass/glass_light_blue/glass_light_blue.properties
[09:27:54] [Client thread/INFO]: [OptiFine] ConnectedTextures: mcpatcher/ctm/blocks/glass/glass_lime/glass_lime.properties
[09:27:54] [Client thread/INFO]: [OptiFine] ConnectedTextures: mcpatcher/ctm/blocks/glass/glass_magenta/glass_magenta.properties
[09:27:54] [Client thread/INFO]: [OptiFine] ConnectedTextures: mcpatcher/ctm/blocks/glass/glass_orange/glass_orange.properties
[09:27:54] [Client thread/INFO]: [OptiFine] ConnectedTextures: mcpatcher/ctm/blocks/glass/glass_pink/glass_pink.properties
[09:27:54] [Client thread/INFO]: [OptiFine] ConnectedTextures: mcpatcher/ctm/blocks/glass/glass_purple/glass_purple.properties
[09:27:54] [Client thread/INFO]: [OptiFine] ConnectedTextures: mcpatcher/ctm/blocks/glass/glass_red/glass_red.properties
[09:27:54] [Client thread/INFO]: [OptiFine] ConnectedTextures: mcpatcher/ctm/blocks/glass/glass_silver/glass_silver.properties
[09:27:54] [Client thread/INFO]: [OptiFine] ConnectedTextures: mcpatcher/ctm/blocks/glass/glass_white/glass_white.properties
[09:27:54] [Client thread/INFO]: [OptiFine] ConnectedTextures: mcpatcher/ctm/blocks/glass/glass_yellow/glass_yellow.properties
[09:27:54] [Client thread/INFO]: [OptiFine] Multipass connected textures: false
[09:27:54] [Client thread/INFO]: [OptiFine] Multipass connected textures: false
[09:27:54] [Client thread/INFO]: [OptiFine] BetterGrass: Parsing default configuration optifine/bettergrass.properties
[09:27:54] [Client thread/INFO]: [OptiFine] Scaled too small texture: minecraft:blocks/slime, 8 -> 16
[09:27:55] [Client thread/INFO]: Created: 4096x4096 textures-atlas
[09:27:55] [Client thread/INFO]: [OptiFine] Animated sprites: 13
[09:27:56] [Client thread/INFO]: [OptiFine] (Reflector) Class not present: net.minecraftforge.client.model.ModelLoader
[09:27:56] [Client thread/INFO]: [OptiFine] (Reflector) Class not present: net.minecraftforge.client.ItemModelMesherForge
[09:27:56] [Client thread/INFO]: [OptiFine] (Reflector) Class not present: net.minecraftforge.fml.client.registry.RenderingRegistry
[09:27:56] [Client thread/INFO]: [OptiFine] (Reflector) Class not present: net.minecraftforge.common.ForgeModContainer
[09:27:56] [Client thread/INFO]: [OptiFine] (Reflector) Class not present: net.minecraftforge.fml.client.GuiModList
[09:27:56] [Client thread/INFO]: [OptiFine] (Reflector) Class not present: mods.betterfoliage.client.BetterFoliageClient
[09:27:56] [Client thread/INFO]: [OptiFine] (Reflector) Class not present: net.minecraftforge.fml.common.asm.transformers.BlamingTransformer
[09:27:56] [Client thread/INFO]: [OptiFine] (Reflector) Class not present: net.minecraftforge.event.world.ChunkWatchEvent$UnWatch
[09:27:56] [Client thread/INFO]: [OptiFine] (Reflector) Class not present: net.minecraftforge.fml.relauncher.CoreModManager
[09:27:56] [Client thread/INFO]: [OptiFine] (Reflector) Class not present: net.minecraftforge.common.DimensionManager
[09:27:56] [Client thread/INFO]: [OptiFine] (Reflector) Class not present: net.minecraftforge.client.event.GuiScreenEvent$DrawScreenEvent$Pre
[09:27:56] [Client thread/INFO]: [OptiFine] (Reflector) Class not present: net.minecraftforge.client.event.GuiScreenEvent$DrawScreenEvent$Post
[09:27:56] [Client thread/INFO]: [OptiFine] (Reflector) Class not present: net.minecraftforge.client.event.EntityViewRenderEvent$CameraSetup
[09:27:56] [Client thread/INFO]: [OptiFine] (Reflector) Class not present: net.minecraftforge.client.event.EntityViewRenderEvent$FogColors
[09:27:56] [Client thread/INFO]: [OptiFine] (Reflector) Class not present: net.minecraftforge.fml.common.eventhandler.Event
[09:27:56] [Client thread/INFO]: [OptiFine] (Reflector) Class not present: net.minecraftforge.fml.common.eventhandler.EventBus
[09:27:56] [Client thread/INFO]: [OptiFine] (Reflector) Class not present: net.minecraftforge.common.property.ExtendedBlockState
[09:27:56] [Client thread/INFO]: [OptiFine] (Reflector) Class not present: net.minecraftforge.fml.client.FMLClientHandler
[09:27:56] [Client thread/INFO]: [OptiFine] (Reflector) Class not present: net.minecraftforge.fml.common.FMLCommonHandler
[09:27:56] [Client thread/INFO]: [OptiFine] (Reflector) Method not present: net.minecraft.world.biome.BiomeGenBase.getWaterColorMultiplier
[09:27:56] [Client thread/INFO]: [OptiFine] (Reflector) Method not present: net.minecraft.block.Block.addDestroyEffects
[09:27:56] [Client thread/INFO]: [OptiFine] (Reflector) Method not present: net.minecraft.block.Block.addHitEffects
[09:27:56] [Client thread/INFO]: [OptiFine] (Reflector) Method not present: net.minecraft.block.Block.canCreatureSpawn
[09:27:56] [Client thread/INFO]: [OptiFine] (Reflector) Method not present: net.minecraft.block.Block.canRenderInLayer
[09:27:56] [Client thread/INFO]: [OptiFine] (Reflector) Method not present: net.minecraft.block.Block.doesSideBlockRendering
[09:27:56] [Client thread/INFO]: [OptiFine] (Reflector) Method not present: net.minecraft.block.Block.getBedDirection
[09:27:56] [Client thread/INFO]: [OptiFine] (Reflector) Method not present: net.minecraft.block.Block.getExtendedState
[09:27:56] [Client thread/INFO]: [OptiFine] (Reflector) Method not present: net.minecraft.block.Block.getLightOpacity
[09:27:56] [Client thread/INFO]: [OptiFine] (Reflector) Method not present: net.minecraft.block.Block.getLightValue
[09:27:56] [Client thread/INFO]: [OptiFine] (Reflector) Method not present: net.minecraft.block.Block.hasTileEntity
[09:27:56] [Client thread/INFO]: [OptiFine] (Reflector) Method not present: net.minecraft.block.Block.isAir
[09:27:56] [Client thread/INFO]: [OptiFine] (Reflector) Method not present: net.minecraft.block.Block.isBed
[09:27:56] [Client thread/INFO]: [OptiFine] (Reflector) Method not present: net.minecraft.block.Block.isBedFoot
[09:27:56] [Client thread/INFO]: [OptiFine] (Reflector) Method not present: net.minecraft.block.Block.isSideSolid
[09:27:56] [Client thread/INFO]: [OptiFine] (Reflector) Method not present: net.minecraft.world.ChunkCache.isSideSolid
[09:27:56] [Client thread/INFO]: [OptiFine] (Reflector) Method not present: net.minecraft.entity.Entity.canRiderInteract
[09:27:56] [Client thread/INFO]: [OptiFine] (Reflector) Field not present: net.minecraft.entity.Entity.captureDrops
[09:27:56] [Client thread/INFO]: [OptiFine] (Reflector) Field not present: net.minecraft.entity.Entity.capturedDrops
[09:27:56] [Client thread/INFO]: [OptiFine] (Reflector) Method not present: net.minecraft.entity.Entity.shouldRenderInPass
[09:27:56] [Client thread/INFO]: [OptiFine] (Reflector) Method not present: net.minecraft.entity.Entity.shouldRiderSit
[09:27:56] [Client thread/INFO]: [OptiFine] (Reflector) Class not present: net.minecraftforge.event.ForgeEventFactory
[09:27:56] [Client thread/INFO]: [OptiFine] (Reflector) Class not present: net.minecraftforge.common.ForgeHooks
[09:27:56] [Client thread/INFO]: [OptiFine] (Reflector) Field not present: net.minecraft.item.Item.delegate
[09:27:56] [Client thread/INFO]: [OptiFine] (Reflector) Method not present: net.minecraft.item.Item.getDurabilityForDisplay
[09:27:56] [Client thread/INFO]: [OptiFine] (Reflector) Method not present: net.minecraft.item.Item.getModel
[09:27:56] [Client thread/INFO]: [OptiFine] (Reflector) Method not present: net.minecraft.item.Item.onEntitySwing
[09:27:56] [Client thread/INFO]: [OptiFine] (Reflector) Method not present: net.minecraft.item.Item.shouldCauseReequipAnimation
[09:27:56] [Client thread/INFO]: [OptiFine] (Reflector) Method not present: net.minecraft.item.Item.showDurabilityBar
[09:27:56] [Client thread/INFO]: [OptiFine] (Reflector) Method not present: net.minecraft.potion.PotionEffect.isCurativeItem
[09:27:56] [Client thread/INFO]: [OptiFine] (Reflector) Method not present: net.minecraft.tileentity.TileEntity.canRenderBreaking
[09:27:56] [Client thread/INFO]: [OptiFine] (Reflector) Method not present: net.minecraft.tileentity.TileEntity.getRenderBoundingBox
[09:27:56] [Client thread/INFO]: [OptiFine] (Reflector) Method not present: net.minecraft.tileentity.TileEntity.hasFastRenderer
[09:27:56] [Client thread/INFO]: [OptiFine] (Reflector) Method not present: net.minecraft.tileentity.TileEntity.shouldRenderInPass
[09:27:56] [Client thread/INFO]: [OptiFine] (Reflector) Method not present: net.minecraft.world.World.countEntities
[09:27:56] [Client thread/INFO]: [OptiFine] (Reflector) Method not present: net.minecraft.world.World.getPerWorldStorage
[09:27:56] [Client thread/INFO]: [OptiFine] (Reflector) Method not present: net.minecraft.world.WorldProvider.getCloudRenderer
[09:27:56] [Client thread/INFO]: [OptiFine] (Reflector) Method not present: net.minecraft.world.WorldProvider.getSkyRenderer
[09:27:56] [Client thread/INFO]: [OptiFine] (Reflector) Method not present: net.minecraft.world.WorldProvider.getWeatherRenderer
[09:27:56] [Client thread/INFO]: [OptiFine] (Reflector) Method not present: net.minecraft.world.WorldProvider.getSaveFolder
[09:27:56] [Client thread/INFO]: [OptiFine] (Reflector) Class not present: net.minecraftforge.client.model.IColoredBakedQuad
[09:27:56] [Client thread/INFO]: [OptiFine] (Reflector) Class not present: net.minecraftforge.common.property.IExtendedBlockState
[09:27:56] [Client thread/INFO]: [OptiFine] (Reflector) Class not present: net.minecraftforge.client.model.IModel
[09:27:56] [Client thread/INFO]: [OptiFine] (Reflector) Class not present: net.minecraftforge.client.IRenderHandler
[09:27:56] [Client thread/INFO]: [OptiFine] (Reflector) Class not present: net.minecraftforge.client.model.pipeline.LightUtil
[09:27:56] [Client thread/INFO]: [OptiFine] (Reflector) Class not present: net.minecraftforge.common.MinecraftForge
[09:27:56] [Client thread/INFO]: [OptiFine] (Reflector) Class not present: net.minecraftforge.client.MinecraftForgeClient
[09:27:56] [Client thread/INFO]: [OptiFine] (Reflector) Class not present: net.minecraftforge.fml.common.ModContainer
[09:27:56] [Client thread/INFO]: [OptiFine] (Reflector) Class not present: net.minecraftforge.client.model.ModelLoader$VanillaLoader
[09:27:56] [Client thread/INFO]: [OptiFine] (Reflector) Class not present: net.minecraftforge.client.event.RenderBlockOverlayEvent$OverlayType
[09:27:56] [Client thread/INFO]: [OptiFine] (Reflector) Class not present: net.minecraftforge.client.event.RenderItemInFrameEvent
[09:27:56] [Client thread/INFO]: [OptiFine] (Reflector) Class not present: net.minecraftforge.client.event.RenderLivingEvent$Pre
[09:27:56] [Client thread/INFO]: [OptiFine] (Reflector) Class not present: net.minecraftforge.client.event.RenderLivingEvent$Post
[09:27:56] [Client thread/INFO]: [OptiFine] (Reflector) Class not present: net.minecraftforge.client.event.RenderLivingEvent$Specials$Pre
[09:27:56] [Client thread/INFO]: [OptiFine] (Reflector) Class not present: net.minecraftforge.client.event.RenderLivingEvent$Specials$Post
[09:27:56] [Client thread/INFO]: [OptiFine] (Reflector) Class not present: net.minecraftforge.event.world.WorldEvent$Load
[09:27:56] [Client thread/INFO]: [OptiFine] *** Reloading custom textures ***
[09:27:56] [Client thread/INFO]: [OptiFine] Texture animation: mcpatcher/anim/models/capex.properties
[09:27:56] [Client thread/WARN]: [OptiFine] TextureAnimation: Target texture not found: textures/cape.png
[09:27:56] [Client thread/INFO]: [OptiFine] CustomColors: Colormap mcpatcher/colormap/water.png
[09:27:56] [Client thread/INFO]: [OptiFine] CustomColors: Colormap mcpatcher/colormap/swampgrass.png
[09:27:56] [Client thread/INFO]: [OptiFine] CustomColors: Colormap mcpatcher/colormap/swampfoliage.png
[09:27:56] [Client thread/INFO]: [OptiFine] CustomColors: Colormap mcpatcher/colormap/sky0.png
[09:27:56] [Client thread/INFO]: [OptiFine] CustomColors: Colormap mcpatcher/lightmap/world-1.png
[09:27:56] [Client thread/INFO]: [OptiFine] CustomColors: Colormap mcpatcher/lightmap/world0.png
[09:27:56] [Client thread/INFO]: [OptiFine] CustomColors: Colormap mcpatcher/lightmap/world1.png
[09:27:56] [Client thread/INFO]: [OptiFine] CustomColors: Loading mcpatcher/color.properties
[09:27:56] [Client thread/INFO]: [OptiFine] CustomColors: lilypad = 6aef3f
[09:27:56] [Client thread/INFO]: [OptiFine] CustomColors: sky.end = FFFFFF
[09:27:56] [Client thread/INFO]: [OptiFine] CustomSky properties: mcpatcher/sky/world0/sky1.properties
[09:27:56] [Client thread/WARN]: [OptiFine] Unknown blend: normal
[09:27:56] [Client thread/INFO]: [OptiFine] CustomSky properties: mcpatcher/sky/world0/sky2.properties
[09:27:57] [Client thread/INFO]: [OptiFine] CustomSky properties: mcpatcher/sky/world0/sky3.properties
[09:27:57] [Client thread/INFO]: [OptiFine] CustomSky properties: mcpatcher/sky/world0/sky4.properties
[09:27:57] [Client thread/INFO]: [OptiFine] CustomSky properties: mcpatcher/sky/world0/sky5.properties
[09:27:57] [Client thread/INFO]: [OptiFine] CustomSky properties: mcpatcher/sky/world0/sky6.properties
[09:27:57] [Client thread/INFO]: [OptiFine] CustomSky properties: mcpatcher/sky/world0/sky7.properties
[09:27:57] [Client thread/INFO]: [OptiFine] CustomSky properties: mcpatcher/sky/world0/sky8.properties
[09:27:57] [Client thread/INFO]: [OptiFine] Enable face culling: acacia_leaves, birch_leaves, dark_oak_leaves, jungle_leaves, oak_leaves, spruce_leaves
