[18:11:30] [Client thread/INFO]: Setting user: Player549
[18:11:30] [Client thread/INFO]: (Session ID is token:0:Player549)
[18:11:31] [Client thread/INFO]: [OptiFine] *** Reflector Forge ***
[18:11:31] [Client thread/INFO]: [OptiFine] *** Reflector Vanilla ***
[18:11:31] [Client thread/INFO]: [OptiFine] (Reflector) Class not present: net.minecraftforge.fml.common.eventhandler.Event$Result
[18:11:31] [Client thread/INFO]: [OptiFine] (Reflector) Class not present: net.minecraft.launchwrapper.Launch
[18:11:31] [Client thread/INFO]: LWJGL Version: 2.9.2
[18:11:32] [Client thread/INFO]: [OptiFine] 
[18:11:32] [Client thread/INFO]: [OptiFine] OptiFine_1.8.9_HD_U_M5
[18:11:32] [Client thread/INFO]: [OptiFine] Build: null
[18:11:32] [Client thread/INFO]: [OptiFine] OS: Windows 10 (amd64) version 10.0
[18:11:32] [Client thread/INFO]: [OptiFine] Java: 1.8.0_202, Oracle Corporation
[18:11:32] [Client thread/INFO]: [OptiFine] VM: Java HotSpot(TM) 64-Bit Server VM (mixed mode), Oracle Corporation
[18:11:32] [Client thread/INFO]: [OptiFine] LWJGL: 2.9.2
[18:11:32] [Client thread/INFO]: [OptiFine] OpenGL: GeForce GTX 1650/PCIe/SSE2, version 4.6.0 NVIDIA 456.71, NVIDIA Corporation
[18:11:32] [Client thread/INFO]: [OptiFine] OpenGL Version: 4.6.0
[18:11:32] [Client thread/INFO]: [OptiFine] Maximum texture size: 32768x32768
[18:11:32] [VersionCheck/INFO]: [OptiFine] Checking for new version
[18:11:32] [Client thread/INFO]: [Shaders] OpenGL Version: 4.6.0 NVIDIA 456.71
[18:11:32] [Client thread/INFO]: [Shaders] Vendor:  NVIDIA Corporation
[18:11:32] [Client thread/INFO]: [Shaders] Renderer: GeForce GTX 1650/PCIe/SSE2
[18:11:32] [Client thread/INFO]: [Shaders] Capabilities:  2.0  2.1  3.0  3.2  4.0 
[18:11:32] [Client thread/INFO]: [Shaders] GL_MAX_DRAW_BUFFERS: 8
[18:11:32] [Client thread/INFO]: [Shaders] GL_MAX_COLOR_ATTACHMENTS_EXT: 8
[18:11:32] [Client thread/INFO]: [Shaders] GL_MAX_TEXTURE_IMAGE_UNITS: 32
[18:11:32] [Client thread/INFO]: [Shaders] Load shaders configuration.
[18:11:32] [Client thread/INFO]: [Shaders] Shaders can not be loaded, Fast Render is enabled.
[18:11:32] [Client thread/INFO]: [Shaders] No shaderpack loaded.
[18:11:32] [Client thread/INFO]: [OptiFine] (Reflector) Class not present: net.minecraftforge.fml.common.Loader
[18:11:32] [Client thread/INFO]: [OptiFine] (Reflector) Class not present: net.minecraftforge.fml.client.SplashProgress
[18:11:32] [Client thread/INFO]: Reloading ResourceManager: Default
[18:11:32] [Client thread/INFO]: [OptiFine] (Reflector) Class not present: optifine.OptiFineClassTransformer
[18:11:32] [Client thread/INFO]: [OptiFine] *** Reloading textures ***
[18:11:32] [Client thread/INFO]: [OptiFine] Resource packs: Default
[18:11:32] [Client thread/INFO]: [OptiFine] (Reflector) Class not present: net.minecraftforge.client.model.Attributes
[18:11:32] [Client thread/INFO]: [OptiFine] (Reflector) Method not present: net.minecraft.client.renderer.vertex.VertexFormatElement$EnumUsage.preDraw
[18:11:32] [Client thread/INFO]: [OptiFine] (Reflector) Method not present: net.minecraft.client.renderer.vertex.VertexFormatElement$EnumUsage.postDraw
[18:11:32] [VersionCheck/INFO]: [OptiFine] Version found: M5
[18:11:33] [Sound Library Loader/INFO]: Starting up SoundSystem...
[18:11:33] [Client thread/INFO]: [OptiFine] Loading textures/font/ascii.properties
[18:11:33] [Client thread/INFO]: [OptiFine] Loading textures/font/ascii_sga.properties
[18:11:33] [Thread-7/INFO]: Initializing LWJGL OpenAL
[18:11:33] [Thread-7/INFO]: (The LWJGL binding of OpenAL.  For more information, see http://www.lwjgl.org)
[18:11:33] [Thread-7/INFO]: OpenAL initialized.
[18:11:33] [Sound Library Loader/INFO]: Sound engine started
[18:11:34] [Client thread/INFO]: [OptiFine] (Reflector) Class not present: net.minecraftforge.client.ForgeHooksClient
[18:11:34] [Client thread/INFO]: [OptiFine] Mipmap levels: 4
[18:11:34] [Client thread/INFO]: [OptiFine] Multitexture: false
[18:11:34] [Client thread/INFO]: [OptiFine] ConnectedTextures: mcpatcher/ctm/default/0_glass_white/glass_pane_white.properties
[18:11:34] [Client thread/INFO]: [OptiFine] ConnectedTextures: mcpatcher/ctm/default/0_glass_white/glass_white.properties
[18:11:34] [Client thread/INFO]: [OptiFine] ConnectedTextures: mcpatcher/ctm/default/10_glass_purple/glass_pane_purple.properties
[18:11:34] [Client thread/INFO]: [OptiFine] ConnectedTextures: mcpatcher/ctm/default/10_glass_purple/glass_purple.properties
[18:11:34] [Client thread/INFO]: [OptiFine] ConnectedTextures: mcpatcher/ctm/default/11_glass_blue/glass_blue.properties
[18:11:34] [Client thread/INFO]: [OptiFine] ConnectedTextures: mcpatcher/ctm/default/11_glass_blue/glass_pane_blue.properties
[18:11:34] [Client thread/INFO]: [OptiFine] ConnectedTextures: mcpatcher/ctm/default/12_glass_brown/glass_brown.properties
[18:11:34] [Client thread/INFO]: [OptiFine] ConnectedTextures: mcpatcher/ctm/default/12_glass_brown/glass_pane_brown.properties
[18:11:34] [Client thread/INFO]: [OptiFine] ConnectedTextures: mcpatcher/ctm/default/13_glass_green/glass_green.properties
[18:11:34] [Client thread/INFO]: [OptiFine] ConnectedTextures: mcpatcher/ctm/default/13_glass_green/glass_pane_green.properties
[18:11:34] [Client thread/INFO]: [OptiFine] ConnectedTextures: mcpatcher/ctm/default/14_glass_red/glass_pane_red.properties
[18:11:34] [Client thread/INFO]: [OptiFine] ConnectedTextures: mcpatcher/ctm/default/14_glass_red/glass_red.properties
[18:11:34] [Client thread/INFO]: [OptiFine] ConnectedTextures: mcpatcher/ctm/default/15_glass_black/glass_black.properties
[18:11:34] [Client thread/INFO]: [OptiFine] ConnectedTextures: mcpatcher/ctm/default/15_glass_black/glass_pane_black.properties
[18:11:34] [Client thread/INFO]: [OptiFine] ConnectedTextures: mcpatcher/ctm/default/1_glass_orange/glass_orange.properties
[18:11:34] [Client thread/INFO]: [OptiFine] ConnectedTextures: mcpatcher/ctm/default/1_glass_orange/glass_pane_orange.properties
[18:11:34] [Client thread/INFO]: [OptiFine] ConnectedTextures: mcpatcher/ctm/default/2_glass_magenta/glass_magenta.properties
[18:11:34] [Client thread/INFO]: [OptiFine] ConnectedTextures: mcpatcher/ctm/default/2_glass_magenta/glass_pane_magenta.properties
[18:11:34] [Client thread/INFO]: [OptiFine] ConnectedTextures: mcpatcher/ctm/default/3_glass_light_blue/glass_light_blue.properties
[18:11:34] [Client thread/INFO]: [OptiFine] ConnectedTextures: mcpatcher/ctm/default/3_glass_light_blue/glass_pane_light_blue.properties
[18:11:34] [Client thread/INFO]: [OptiFine] ConnectedTextures: mcpatcher/ctm/default/4_glass_yellow/glass_pane_yellow.properties
[18:11:34] [Client thread/INFO]: [OptiFine] ConnectedTextures: mcpatcher/ctm/default/4_glass_yellow/glass_yellow.properties
[18:11:34] [Client thread/INFO]: [OptiFine] ConnectedTextures: mcpatcher/ctm/default/5_glass_lime/glass_lime.properties
[18:11:34] [Client thread/INFO]: [OptiFine] ConnectedTextures: mcpatcher/ctm/default/5_glass_lime/glass_pane_lime.properties
[18:11:34] [Client thread/INFO]: [OptiFine] ConnectedTextures: mcpatcher/ctm/default/6_glass_pink/glass_pane_pink.properties
[18:11:34] [Client thread/INFO]: [OptiFine] ConnectedTextures: mcpatcher/ctm/default/6_glass_pink/glass_pink.properties
[18:11:34] [Client thread/INFO]: [OptiFine] ConnectedTextures: mcpatcher/ctm/default/7_glass_gray/glass_gray.properties
[18:11:34] [Client thread/INFO]: [OptiFine] ConnectedTextures: mcpatcher/ctm/default/7_glass_gray/glass_pane_gray.properties
[18:11:34] [Client thread/INFO]: [OptiFine] ConnectedTextures: mcpatcher/ctm/default/8_glass_silver/glass_pane_silver.properties
[18:11:34] [Client thread/INFO]: [OptiFine] ConnectedTextures: mcpatcher/ctm/default/8_glass_silver/glass_silver.properties
[18:11:34] [Client thread/INFO]: [OptiFine] ConnectedTextures: mcpatcher/ctm/default/9_glass_cyan/glass_cyan.properties
[18:11:34] [Client thread/INFO]: [OptiFine] ConnectedTextures: mcpatcher/ctm/default/9_glass_cyan/glass_pane_cyan.properties
[18:11:34] [Client thread/INFO]: [OptiFine] ConnectedTextures: mcpatcher/ctm/default/bookshelf.properties
[18:11:34] [Client thread/INFO]: [OptiFine] ConnectedTextures: mcpatcher/ctm/default/glass.properties
[18:11:34] [Client thread/INFO]: [OptiFine] ConnectedTextures: mcpatcher/ctm/default/glasspane.properties
[18:11:34] [Client thread/INFO]: [OptiFine] ConnectedTextures: mcpatcher/ctm/default/sandstone.properties
[18:11:34] [Client thread/INFO]: [OptiFine] Multipass connected textures: false
[18:11:34] [Client thread/INFO]: [OptiFine] BetterGrass: Parsing default configuration optifine/bettergrass.properties
[18:11:35] [Client thread/INFO]: Created: 1024x512 textures-atlas
[18:11:35] [Client thread/INFO]: [OptiFine] Animated sprites: 11
[18:11:36] [Client thread/INFO]: [OptiFine] (Reflector) Class not present: net.minecraftforge.client.model.ModelLoader
[18:11:36] [Client thread/INFO]: [OptiFine] (Reflector) Class not present: net.minecraftforge.client.ItemModelMesherForge
[18:11:36] [Client thread/INFO]: [OptiFine] (Reflector) Class not present: net.minecraftforge.fml.client.registry.RenderingRegistry
[18:11:36] [Client thread/INFO]: [OptiFine] (Reflector) Class not present: net.minecraftforge.common.ForgeModContainer
[18:11:36] [Client thread/INFO]: [OptiFine] (Reflector) Class not present: net.minecraftforge.fml.client.GuiModList
[18:11:37] [Via-Mappingloader-0/INFO]: Loading 1.12 -> 1.13 mappings...
[18:11:37] [Via-Mappingloader-1/INFO]: Loading 1.13 -> 1.13.2 mappings...
[18:11:37] [Via-Mappingloader-2/INFO]: Loading 1.13.2 -> 1.14 mappings...
[18:11:37] [Via-Mappingloader-3/INFO]: Loading 1.14 -> 1.15 mappings...
[18:11:37] [Via-Mappingloader-0/INFO]: Loading block connection mappings ...
[18:11:37] [Via-Mappingloader-4/INFO]: Loading 1.15 -> 1.16 mappings...
[18:11:37] [Via-Mappingloader-1/INFO]: Loading 1.16 -> 1.16.2 mappings...
[18:11:37] [Via-Mappingloader-5/INFO]: Loading 1.16.2 -> 1.17 mappings...
[18:11:38] [Via-Mappingloader-3/INFO]: Loading 1.17 -> 1.18 mappings...
[18:11:38] [Client thread/INFO]: Loading translations...
[18:11:38] [Via-Mappingloader-1/INFO]: Loading 1.10 -> 1.9.4 mappings...
[18:11:38] [Via-Mappingloader-5/INFO]: Loading 1.11 -> 1.10 mappings...
[18:11:38] [Via-Mappingloader-5/INFO]: Loading 1.12 -> 1.11 mappings...
[18:11:38] [Via-Mappingloader-3/INFO]: Loading 1.14 -> 1.13.2 mappings...
[18:11:38] [Via-Mappingloader-5/INFO]: Loading 1.13.2 -> 1.13 mappings...
[18:11:38] [Via-Mappingloader-1/INFO]: Loading 1.13 -> 1.12 mappings...
[18:11:38] [Via-Mappingloader-5/INFO]: Loading 1.15 -> 1.14 mappings...
[18:11:38] [Via-Mappingloader-0/INFO]: Loading 1.16 -> 1.15 mappings...
[18:11:38] [Via-Mappingloader-4/INFO]: Loading 1.16.2 -> 1.16 mappings...
[18:11:38] [Via-Mappingloader-2/INFO]: Loading 1.17 -> 1.16.2 mappings...
[18:11:38] [Via-Mappingloader-0/INFO]: Loading 1.18 -> 1.17 mappings...
[18:11:38] [ViaMCP-0/INFO]: ViaVersion detected server version: 1.8.x (47)
[18:11:38] [ViaMCP-0/WARN]: This version of Minecraft is extremely outdated and support for it has reached its end of life. You will still be able to run Via on this Minecraft version, but we are unlikely to provide any further fixes or help with problems specific to legacy Minecraft versions. Please consider updating to give your players a better experience and to avoid issues that have long been fixed.
[18:11:38] [ViaMCP-0/WARN]: You are running an outdated Java version, please consider updating it to at least Java 17 (your version is 1.8.0_202). At some point in the future, ViaVersion will no longer be compatible with this version of Java.
[18:11:38] [ViaMCP-0/WARN]: There is a newer plugin version available: 4.2.1, you're on: 4.1.1
[18:11:38] [ViaMCP-0/INFO]: Finished mapping loading, shutting down loader executor!
[18:11:42] [Client thread/INFO]: [OptiFine] (Reflector) Class not present: mods.betterfoliage.client.BetterFoliageClient
[18:11:42] [Client thread/INFO]: [OptiFine] (Reflector) Class not present: net.minecraftforge.fml.common.asm.transformers.BlamingTransformer
[18:11:42] [Client thread/INFO]: [OptiFine] (Reflector) Class not present: net.minecraftforge.event.world.ChunkWatchEvent$UnWatch
[18:11:42] [Client thread/INFO]: [OptiFine] (Reflector) Class not present: net.minecraftforge.fml.relauncher.CoreModManager
[18:11:42] [Client thread/INFO]: [OptiFine] (Reflector) Class not present: net.minecraftforge.common.DimensionManager
[18:11:42] [Client thread/INFO]: [OptiFine] (Reflector) Class not present: net.minecraftforge.client.event.GuiScreenEvent$DrawScreenEvent$Pre
[18:11:42] [Client thread/INFO]: [OptiFine] (Reflector) Class not present: net.minecraftforge.client.event.GuiScreenEvent$DrawScreenEvent$Post
[18:11:42] [Client thread/INFO]: [OptiFine] (Reflector) Class not present: net.minecraftforge.client.event.EntityViewRenderEvent$CameraSetup
[18:11:42] [Client thread/INFO]: [OptiFine] (Reflector) Class not present: net.minecraftforge.client.event.EntityViewRenderEvent$FogColors
[18:11:42] [Client thread/INFO]: [OptiFine] (Reflector) Class not present: net.minecraftforge.fml.common.eventhandler.Event
[18:11:42] [Client thread/INFO]: [OptiFine] (Reflector) Class not present: net.minecraftforge.fml.common.eventhandler.EventBus
[18:11:42] [Client thread/INFO]: [OptiFine] (Reflector) Class not present: net.minecraftforge.common.property.ExtendedBlockState
[18:11:42] [Client thread/INFO]: [OptiFine] (Reflector) Class not present: net.minecraftforge.fml.client.FMLClientHandler
[18:11:42] [Client thread/INFO]: [OptiFine] (Reflector) Class not present: net.minecraftforge.fml.common.FMLCommonHandler
[18:11:42] [Client thread/INFO]: [OptiFine] (Reflector) Method not present: net.minecraft.world.biome.BiomeGenBase.getWaterColorMultiplier
[18:11:42] [Client thread/INFO]: [OptiFine] (Reflector) Method not present: net.minecraft.block.Block.addDestroyEffects
[18:11:42] [Client thread/INFO]: [OptiFine] (Reflector) Method not present: net.minecraft.block.Block.addHitEffects
[18:11:42] [Client thread/INFO]: [OptiFine] (Reflector) Method not present: net.minecraft.block.Block.canCreatureSpawn
[18:11:42] [Client thread/INFO]: [OptiFine] (Reflector) Method not present: net.minecraft.block.Block.canRenderInLayer
[18:11:42] [Client thread/INFO]: [OptiFine] (Reflector) Method not present: net.minecraft.block.Block.doesSideBlockRendering
[18:11:42] [Client thread/INFO]: [OptiFine] (Reflector) Method not present: net.minecraft.block.Block.getBedDirection
[18:11:42] [Client thread/INFO]: [OptiFine] (Reflector) Method not present: net.minecraft.block.Block.getExtendedState
[18:11:42] [Client thread/INFO]: [OptiFine] (Reflector) Method not present: net.minecraft.block.Block.getLightOpacity
[18:11:42] [Client thread/INFO]: [OptiFine] (Reflector) Method not present: net.minecraft.block.Block.getLightValue
[18:11:42] [Client thread/INFO]: [OptiFine] (Reflector) Method not present: net.minecraft.block.Block.hasTileEntity
[18:11:42] [Client thread/INFO]: [OptiFine] (Reflector) Method not present: net.minecraft.block.Block.isAir
[18:11:42] [Client thread/INFO]: [OptiFine] (Reflector) Method not present: net.minecraft.block.Block.isBed
[18:11:42] [Client thread/INFO]: [OptiFine] (Reflector) Method not present: net.minecraft.block.Block.isBedFoot
[18:11:42] [Client thread/INFO]: [OptiFine] (Reflector) Method not present: net.minecraft.block.Block.isSideSolid
[18:11:42] [Client thread/INFO]: [OptiFine] (Reflector) Method not present: net.minecraft.world.ChunkCache.isSideSolid
[18:11:42] [Client thread/INFO]: [OptiFine] (Reflector) Method not present: net.minecraft.entity.Entity.canRiderInteract
[18:11:42] [Client thread/INFO]: [OptiFine] (Reflector) Field not present: net.minecraft.entity.Entity.captureDrops
[18:11:42] [Client thread/INFO]: [OptiFine] (Reflector) Field not present: net.minecraft.entity.Entity.capturedDrops
[18:11:42] [Client thread/INFO]: [OptiFine] (Reflector) Method not present: net.minecraft.entity.Entity.shouldRenderInPass
[18:11:42] [Client thread/INFO]: [OptiFine] (Reflector) Method not present: net.minecraft.entity.Entity.shouldRiderSit
[18:11:42] [Client thread/INFO]: [OptiFine] (Reflector) Class not present: net.minecraftforge.event.ForgeEventFactory
[18:11:42] [Client thread/INFO]: [OptiFine] (Reflector) Class not present: net.minecraftforge.common.ForgeHooks
[18:11:42] [Client thread/INFO]: [OptiFine] (Reflector) Field not present: net.minecraft.item.Item.delegate
[18:11:42] [Client thread/INFO]: [OptiFine] (Reflector) Method not present: net.minecraft.item.Item.getDurabilityForDisplay
[18:11:42] [Client thread/INFO]: [OptiFine] (Reflector) Method not present: net.minecraft.item.Item.getModel
[18:11:42] [Client thread/INFO]: [OptiFine] (Reflector) Method not present: net.minecraft.item.Item.onEntitySwing
[18:11:42] [Client thread/INFO]: [OptiFine] (Reflector) Method not present: net.minecraft.item.Item.shouldCauseReequipAnimation
[18:11:42] [Client thread/INFO]: [OptiFine] (Reflector) Method not present: net.minecraft.item.Item.showDurabilityBar
[18:11:42] [Client thread/INFO]: [OptiFine] (Reflector) Method not present: net.minecraft.potion.PotionEffect.isCurativeItem
[18:11:42] [Client thread/INFO]: [OptiFine] (Reflector) Method not present: net.minecraft.tileentity.TileEntity.canRenderBreaking
[18:11:42] [Client thread/INFO]: [OptiFine] (Reflector) Method not present: net.minecraft.tileentity.TileEntity.getRenderBoundingBox
[18:11:42] [Client thread/INFO]: [OptiFine] (Reflector) Method not present: net.minecraft.tileentity.TileEntity.hasFastRenderer
[18:11:42] [Client thread/INFO]: [OptiFine] (Reflector) Method not present: net.minecraft.tileentity.TileEntity.shouldRenderInPass
[18:11:42] [Client thread/INFO]: [OptiFine] (Reflector) Method not present: net.minecraft.world.World.countEntities
[18:11:42] [Client thread/INFO]: [OptiFine] (Reflector) Method not present: net.minecraft.world.World.getPerWorldStorage
[18:11:42] [Client thread/INFO]: [OptiFine] (Reflector) Method not present: net.minecraft.world.WorldProvider.getCloudRenderer
[18:11:42] [Client thread/INFO]: [OptiFine] (Reflector) Method not present: net.minecraft.world.WorldProvider.getSkyRenderer
[18:11:42] [Client thread/INFO]: [OptiFine] (Reflector) Method not present: net.minecraft.world.WorldProvider.getWeatherRenderer
[18:11:42] [Client thread/INFO]: [OptiFine] (Reflector) Method not present: net.minecraft.world.WorldProvider.getSaveFolder
[18:11:42] [Client thread/INFO]: [OptiFine] (Reflector) Class not present: net.minecraftforge.client.model.IColoredBakedQuad
[18:11:42] [Client thread/INFO]: [OptiFine] (Reflector) Class not present: net.minecraftforge.common.property.IExtendedBlockState
[18:11:42] [Client thread/INFO]: [OptiFine] (Reflector) Class not present: net.minecraftforge.client.model.IModel
[18:11:42] [Client thread/INFO]: [OptiFine] (Reflector) Class not present: net.minecraftforge.client.IRenderHandler
[18:11:42] [Client thread/INFO]: [OptiFine] (Reflector) Class not present: net.minecraftforge.client.model.pipeline.LightUtil
[18:11:42] [Client thread/INFO]: [OptiFine] (Reflector) Class not present: net.minecraftforge.common.MinecraftForge
[18:11:42] [Client thread/INFO]: [OptiFine] (Reflector) Class not present: net.minecraftforge.client.MinecraftForgeClient
[18:11:42] [Client thread/INFO]: [OptiFine] (Reflector) Class not present: net.minecraftforge.fml.common.ModContainer
[18:11:42] [Client thread/INFO]: [OptiFine] (Reflector) Class not present: net.minecraftforge.client.model.ModelLoader$VanillaLoader
[18:11:42] [Client thread/INFO]: [OptiFine] (Reflector) Class not present: net.minecraftforge.client.event.RenderBlockOverlayEvent$OverlayType
[18:11:42] [Client thread/INFO]: [OptiFine] (Reflector) Class not present: net.minecraftforge.client.event.RenderItemInFrameEvent
[18:11:42] [Client thread/INFO]: [OptiFine] (Reflector) Class not present: net.minecraftforge.client.event.RenderLivingEvent$Pre
[18:11:42] [Client thread/INFO]: [OptiFine] (Reflector) Class not present: net.minecraftforge.client.event.RenderLivingEvent$Post
[18:11:42] [Client thread/INFO]: [OptiFine] (Reflector) Class not present: net.minecraftforge.client.event.RenderLivingEvent$Specials$Pre
[18:11:42] [Client thread/INFO]: [OptiFine] (Reflector) Class not present: net.minecraftforge.client.event.RenderLivingEvent$Specials$Post
[18:11:42] [Client thread/INFO]: [OptiFine] (Reflector) Class not present: net.minecraftforge.event.world.WorldEvent$Load
[18:11:42] [Client thread/INFO]: [OptiFine] *** Reloading custom textures ***
[18:11:42] [Client thread/INFO]: [OptiFine] Enable face culling: acacia_leaves, birch_leaves, dark_oak_leaves, jungle_leaves, oak_leaves, spruce_leaves
[18:11:53] [Client thread/INFO]: Connecting to ac.wykt.cc, 25565
[18:11:55] [Client thread/INFO]: [CHAT] [+] ExterminateYT
[18:11:56] [Thread-12/INFO]: [OptiFine] Error parsing configuration: http://s.optifine.net/users/ExterminateYT.cfg, com.google.gson.JsonSyntaxException: com.google.gson.stream.MalformedJsonException: Use JsonReader.setLenient(true) to accept malformed JSON at line 2 column 2
[18:12:02] [Client thread/INFO]: [CHAT] Scaffold zone will be cleared in 60 seconds.
[18:12:02] [Client thread/INFO]: [CHAT] Cleared scaffold zone!
[18:12:07] [Client thread/INFO]: [CHAT] [Clear Lag] 0 items were removed.
[18:13:54] [Client thread/INFO]: [CHAT] [+] Trajkot
[18:13:54] [Thread-13/INFO]: [OptiFine] Error parsing configuration: http://s.optifine.net/users/Trajkot.cfg, com.google.gson.JsonSyntaxException: com.google.gson.stream.MalformedJsonException: Use JsonReader.setLenient(true) to accept malformed JSON at line 2 column 2
[18:14:07] [Client thread/INFO]: [CHAT] [Clear Lag] 0 items were removed.
[18:14:13] [Client thread/INFO]: [CHAT] Verus > ExterminateYT failed Fly 4I VL[3]
[18:14:13] [Client thread/INFO]: [CHAT] Verus > ExterminateYT failed Fly 4I VL[7]
[18:14:13] [Client thread/INFO]: [CHAT] Verus > ExterminateYT failed Fly 4I VL[12]
[18:14:13] [Client thread/INFO]: [CHAT] Verus > ExterminateYT failed Fly 4I VL[17]
[18:14:13] [Client thread/INFO]: [CHAT] Verus > ExterminateYT failed Fly 4I VL[22]
[18:14:13] [Client thread/INFO]: [CHAT] Verus > ExterminateYT failed Fly 4I VL[27]
[18:14:13] [Client thread/INFO]: [CHAT] Verus > ExterminateYT failed Fly 4I VL[32]
[18:14:14] [Client thread/INFO]: [CHAT] Verus > ExterminateYT failed Fly 4I VL[37]
[18:14:14] [Client thread/INFO]: [CHAT] Verus > ExterminateYT failed Fly 4I VL[42]
[18:14:14] [Client thread/INFO]: [CHAT] Verus > ExterminateYT failed Fly 4I VL[47]
[18:14:14] [Client thread/INFO]: [CHAT] Verus > ExterminateYT failed Fly 4I VL[52]
[18:14:14] [Client thread/INFO]: [CHAT] Verus > ExterminateYT failed Speed 10A VL[1]
[18:14:14] [Client thread/INFO]: [CHAT] Verus > ExterminateYT failed Fly 4I VL[57]
[18:14:14] [Client thread/INFO]: [CHAT] Verus > ExterminateYT failed Speed 10A VL[2]
[18:14:14] [Client thread/INFO]: [CHAT] Verus > ExterminateYT failed Fly 4I VL[62]
[18:14:14] [Client thread/INFO]: [CHAT] Verus > ExterminateYT failed Speed 10A VL[3]
[18:14:14] [Client thread/INFO]: [CHAT] Verus > ExterminateYT failed Fly 4I VL[67]
[18:14:14] [Client thread/INFO]: [CHAT] Verus > ExterminateYT failed Fly 4C VL[1]
[18:14:14] [Client thread/INFO]: [CHAT] Verus > ExterminateYT failed Speed 10A VL[4]
[18:14:14] [Client thread/INFO]: [CHAT] Verus > ExterminateYT failed Speed 10A VL[5]
[18:14:14] [Client thread/INFO]: [CHAT] Verus > ExterminateYT failed Speed 10A VL[6]
[18:14:18] [Client thread/INFO]: [CHAT] [-] Trajkot
[18:14:20] [Client thread/INFO]: [CHAT] [+] Trajkot
[18:14:22] [Client thread/INFO]: [CHAT] §0[§4Menace§0]§r Verus Disabled!
[18:14:52] [Client thread/INFO]: [CHAT] [+] Cztxed
[18:14:53] [Thread-14/INFO]: [OptiFine] Error parsing configuration: http://s.optifine.net/users/Cztxed.cfg, com.google.gson.JsonSyntaxException: com.google.gson.stream.MalformedJsonException: Use JsonReader.setLenient(true) to accept malformed JSON at line 2 column 2
[18:14:55] [Thread-15/INFO]: [OptiFine] Error parsing configuration: http://s.optifine.net/users/Rubi04444.cfg, com.google.gson.JsonSyntaxException: com.google.gson.stream.MalformedJsonException: Use JsonReader.setLenient(true) to accept malformed JSON at line 2 column 2
[18:16:02] [Client thread/INFO]: [CHAT] Scaffold zone will be cleared in 60 seconds.
[18:16:03] [Client thread/INFO]: [CHAT] [+] SHUUUUUUUUUUUUSH
[18:16:07] [Client thread/INFO]: [CHAT] [Clear Lag] 0 items were removed.
[18:16:07] [Texture Downloader #5/ERROR]: Couldn't download http texture: java.lang.RuntimeException: Timeout 5000
[18:16:24] [Client thread/INFO]: [CHAT] Hey! You are not permitted to leave this area.
[18:16:36] [Client thread/INFO]: [CHAT] [+] Nexxxii
[18:16:42] [Thread-17/INFO]: [OptiFine] Error parsing configuration: http://s.optifine.net/users/Nexxxii.cfg, com.google.gson.JsonSyntaxException: com.google.gson.stream.MalformedJsonException: Use JsonReader.setLenient(true) to accept malformed JSON at line 2 column 2
[18:17:02] [Client thread/INFO]: [CHAT] Cleared scaffold zone!
[18:18:07] [Client thread/INFO]: [CHAT] [Clear Lag] 4 items were removed.
[18:18:50] [Client thread/INFO]: [CHAT] SHUUUUUUUUUUUUSH fell from a high place
[18:19:12] [Client thread/INFO]: [CHAT] §0[§4Menace§0]§r Successfully saved
[18:19:21] [Client thread/INFO]: [CHAT] Verus > ExterminateYT failed Aimbot 6C VL[1]
[18:19:33] [Client thread/INFO]: Connecting to ac.wykt.cc, 25565
[18:19:34] [Client thread/INFO]: [CHAT] [+] ExterminateYT
[18:19:43] [Client thread/INFO]: [CHAT] §0[§4Menace§0]§r Verus Disabled!
[18:19:46] [Client thread/INFO]: [CHAT] §0[§4Menace§0]§r Verus Disabled!
[18:19:51] [Client thread/INFO]: [CHAT] §0[§4Menace§0]§r Verus Disabled!
[18:19:52] [Client thread/INFO]: [CHAT] §0[§4Menace§0]§r Verus Disabled!
[18:19:53] [Client thread/INFO]: [CHAT] §0[§4Menace§0]§r Verus Disabled!
[18:19:53] [Client thread/INFO]: [CHAT] §0[§4Menace§0]§r Verus Disabled!
[18:19:53] [Client thread/INFO]: [CHAT] §0[§4Menace§0]§r Verus Disabled!
[18:19:53] [Client thread/INFO]: [CHAT] §0[§4Menace§0]§r Verus Disabled!
[18:19:53] [Client thread/INFO]: [CHAT] §0[§4Menace§0]§r Verus Disabled!
[18:19:53] [Client thread/INFO]: [CHAT] §0[§4Menace§0]§r Verus Disabled!
[18:20:04] [Client thread/INFO]: Connecting to ac.wykt.cc, 25565
[18:20:06] [Client thread/INFO]: [CHAT] [+] ExterminateYT
[18:20:07] [Client thread/INFO]: [CHAT] §0[§4Menace§0]§r Verus Disabled!
[18:20:07] [Client thread/INFO]: [CHAT] [Clear Lag] 2 items were removed.
[18:20:08] [Client thread/INFO]: [CHAT] [+] SHUUUUUUUUUUUUSH
[18:20:16] [Client thread/INFO]: [CHAT] Hey! Sorry, but you can't PvP here.
[18:20:17] [Client thread/INFO]: [CHAT] Hey! Sorry, but you can't PvP here.
[18:20:17] [Client thread/INFO]: [CHAT] Hey! Sorry, but you can't PvP here.
[18:20:17] [Client thread/INFO]: [CHAT] Verus > ExterminateYT failed KillAura 6H VL[1]
[18:20:18] [Client thread/INFO]: [CHAT] Hey! Sorry, but you can't PvP here.
[18:20:18] [Client thread/INFO]: [CHAT] Verus > ExterminateYT failed KillAura 6H VL[2]
[18:20:18] [Client thread/INFO]: [CHAT] Hey! Sorry, but you can't PvP here.
[18:20:18] [Client thread/INFO]: [CHAT] Verus > ExterminateYT failed KillAura 6H VL[3]
[18:20:19] [Client thread/INFO]: [CHAT] Hey! Sorry, but you can't PvP here.
[18:20:19] [Client thread/INFO]: [CHAT] Verus > ExterminateYT failed KillAura 6H VL[4]
[18:20:19] [Client thread/INFO]: [CHAT] Verus > ExterminateYT failed KillAura 6H VL[5]
[18:20:20] [Client thread/INFO]: [CHAT] Hey! Sorry, but you can't PvP here.
[18:20:20] [Client thread/INFO]: [CHAT] Verus > ExterminateYT failed KillAura 6H VL[6]
[18:20:20] [Client thread/INFO]: [CHAT] Verus > ExterminateYT failed KillAura 6H VL[7]
[18:20:20] [Client thread/INFO]: [CHAT] Hey! Sorry, but you can't PvP here.
[18:20:20] [Client thread/INFO]: [CHAT] Verus > ExterminateYT failed KillAura 6H VL[8]
[18:20:21] [Client thread/INFO]: [CHAT] Hey! Sorry, but you can't PvP here.
[18:20:21] [Client thread/INFO]: [CHAT] Verus > ExterminateYT failed KillAura 6H VL[9]
[18:20:21] [Client thread/INFO]: [CHAT] Verus > ExterminateYT failed KillAura 6H VL[10]
[18:20:21] [Client thread/INFO]: [CHAT] Hey! Sorry, but you can't PvP here.
[18:20:21] [Client thread/INFO]: [CHAT] Verus > ExterminateYT failed KillAura 6H VL[11]
[18:20:22] [Client thread/INFO]: [CHAT] Verus > ExterminateYT failed KillAura 6H VL[12]
[18:20:22] [Client thread/INFO]: [CHAT] Hey! Sorry, but you can't PvP here.
[18:20:22] [Client thread/INFO]: [CHAT] Verus > ExterminateYT failed KillAura 6H VL[13]
[18:20:24] [Client thread/INFO]: [CHAT] Hey! Sorry, but you can't PvP here.
[18:20:24] [Client thread/INFO]: [CHAT] Verus > ExterminateYT failed KillAura 6H VL[14]
[18:20:24] [Client thread/INFO]: [CHAT] Verus > ExterminateYT failed KillAura 6H VL[15]
[18:20:24] [Client thread/INFO]: [CHAT] Hey! Sorry, but you can't PvP here.
[18:20:25] [Client thread/INFO]: [CHAT] Hey! Sorry, but you can't PvP here.
[18:20:25] [Client thread/INFO]: [CHAT] Verus > ExterminateYT failed KillAura 6H VL[16]
[18:20:25] [Client thread/INFO]: [CHAT] Verus > ExterminateYT failed KillAura 6H VL[17]
[18:20:26] [Client thread/INFO]: [CHAT] Hey! Sorry, but you can't PvP here.
[18:20:26] [Client thread/INFO]: [CHAT] Verus > ExterminateYT failed KillAura 6H VL[18]
[18:20:27] [Client thread/INFO]: [CHAT] Hey! Sorry, but you can't PvP here.
[18:20:27] [Client thread/INFO]: [CHAT] Verus > ExterminateYT failed KillAura 6H VL[19]
[18:20:27] [Client thread/INFO]: [CHAT] Verus > ExterminateYT failed KillAura 6H VL[20]
[18:20:28] [Client thread/INFO]: [CHAT] Hey! Sorry, but you can't PvP here.
[18:20:28] [Client thread/INFO]: [CHAT] Verus > ExterminateYT failed KillAura 6H VL[21]
[18:20:28] [Client thread/INFO]: [CHAT] Verus > ExterminateYT failed KillAura 6H VL[22]
[18:20:28] [Client thread/INFO]: [CHAT] Hey! Sorry, but you can't PvP here.
[18:20:28] [Client thread/INFO]: [CHAT] Verus > ExterminateYT failed KillAura 6H VL[23]
[18:20:31] [Client thread/INFO]: [CHAT] Hey! Sorry, but you can't PvP here.
[18:20:31] [Client thread/INFO]: [CHAT] Verus > ExterminateYT failed KillAura 6H VL[24]
[18:20:31] [Client thread/INFO]: [CHAT] Hey! Sorry, but you can't PvP here.
[18:20:31] [Client thread/INFO]: [CHAT] Verus > ExterminateYT failed KillAura 6H VL[25]
[18:20:32] [Client thread/INFO]: [CHAT] Verus > ExterminateYT failed KillAura 6H VL[26]
[18:20:36] [Client thread/INFO]: [CHAT] Hey! Sorry, but you can't PvP here.
[18:20:36] [Client thread/INFO]: [CHAT] Verus > ExterminateYT failed KillAura 6H VL[27]
[18:20:36] [Client thread/INFO]: [CHAT] Hey! Sorry, but you can't PvP here.
[18:20:36] [Client thread/INFO]: [CHAT] Verus > ExterminateYT failed KillAura 6H VL[28]
[18:20:37] [Client thread/INFO]: [CHAT] Verus > ExterminateYT failed KillAura 6H VL[29]
[18:20:37] [Client thread/INFO]: [CHAT] Verus > ExterminateYT failed KillAura 6B VL[1]
[18:20:37] [Client thread/INFO]: [CHAT] Hey! Sorry, but you can't PvP here.
[18:20:37] [Client thread/INFO]: [CHAT] Verus > ExterminateYT failed KillAura 6H VL[30]
[18:20:37] [Client thread/INFO]: [CHAT] Verus > ExterminateYT failed KillAura 6H VL[31]
[18:20:37] [Client thread/INFO]: [CHAT] Hey! Sorry, but you can't PvP here.
[18:20:37] [Client thread/INFO]: [CHAT] Verus > ExterminateYT failed KillAura 6H VL[32]
[18:20:38] [Client thread/INFO]: [CHAT] Verus > ExterminateYT failed KillAura 6H VL[33]
[18:20:38] [Client thread/INFO]: [CHAT] Hey! Sorry, but you can't PvP here.
[18:20:38] [Client thread/INFO]: [CHAT] Verus > ExterminateYT failed KillAura 6H VL[34]
[18:20:38] [Client thread/INFO]: [CHAT] Verus > ExterminateYT failed KillAura 6H VL[35]
[18:20:39] [Client thread/INFO]: [CHAT] Hey! Sorry, but you can't PvP here.
[18:20:39] [Client thread/INFO]: [CHAT] Verus > ExterminateYT failed KillAura 6H VL[36]
[18:20:39] [Client thread/INFO]: [CHAT] Hey! Sorry, but you can't PvP here.
[18:20:39] [Client thread/INFO]: [CHAT] Verus > ExterminateYT failed KillAura 6H VL[37]
[18:20:40] [Client thread/INFO]: [CHAT] Verus > ExterminateYT failed KillAura 6H VL[38]
[18:20:40] [Client thread/INFO]: [CHAT] Hey! Sorry, but you can't PvP here.
[18:20:40] [Client thread/INFO]: [CHAT] Verus > ExterminateYT failed KillAura 6H VL[39]
[18:20:40] [Client thread/INFO]: [CHAT] Hey! Sorry, but you can't PvP here.
[18:20:40] [Client thread/INFO]: [CHAT] Verus > ExterminateYT failed KillAura 6H VL[40]
[18:20:41] [Client thread/INFO]: [CHAT] Verus > ExterminateYT failed KillAura 6B VL[3]
[18:20:41] [Client thread/INFO]: [CHAT] Verus > ExterminateYT failed KillAura 6H VL[41]
[18:20:41] [Client thread/INFO]: [CHAT] Hey! Sorry, but you can't PvP here.
[18:20:41] [Client thread/INFO]: [CHAT] Verus > ExterminateYT failed KillAura 6H VL[42]
[18:20:41] [Client thread/INFO]: [CHAT] Verus > ExterminateYT failed KillAura 6H VL[43]
[18:20:42] [Client thread/INFO]: [CHAT] Hey! Sorry, but you can't PvP here.
[18:20:42] [Client thread/INFO]: [CHAT] Verus > ExterminateYT failed KillAura 6H VL[44]
[18:20:47] [Client thread/INFO]: [CHAT] SHUUUUUUUUUUUUSH: stop using flagging shit
[18:20:52] [Client thread/INFO]: [CHAT] Cztxed: ?
[18:20:57] [Client thread/INFO]: [CHAT] Cztxed: who?
[18:21:10] [Client thread/INFO]: [CHAT] Cztxed: SHUUUUUUUUUUUUSH ?
[18:21:17] [Client thread/INFO]: [CHAT] Verus > ExterminateYT failed KillAura 6H VL[45]
[18:21:17] [Client thread/INFO]: [CHAT] Hey! Sorry, but you can't PvP here.
[18:21:17] [Client thread/INFO]: [CHAT] Verus > ExterminateYT failed KillAura 6H VL[46]
[18:21:18] [Client thread/INFO]: [CHAT] Hey! Sorry, but you can't PvP here.
[18:21:18] [Client thread/INFO]: [CHAT] Verus > ExterminateYT failed KillAura 6H VL[47]
[18:21:18] [Client thread/INFO]: [CHAT] Verus > ExterminateYT failed KillAura 6H VL[48]
[18:21:18] [Client thread/INFO]: [CHAT] Hey! Sorry, but you can't PvP here.
[18:21:18] [Client thread/INFO]: [CHAT] Verus > ExterminateYT failed KillAura 6H VL[49]
[18:21:19] [Client thread/INFO]: [CHAT] Verus > ExterminateYT failed KillAura 6H VL[50]
[18:21:19] [Client thread/INFO]: [CHAT] Hey! Sorry, but you can't PvP here.
[18:21:19] [Client thread/INFO]: [CHAT] Verus > ExterminateYT failed KillAura 6H VL[51]
[18:21:19] [Client thread/INFO]: [CHAT] Hey! Sorry, but you can't PvP here.
[18:21:20] [Client thread/INFO]: [CHAT] Verus > ExterminateYT failed KillAura 6H VL[52]
[18:21:20] [Client thread/INFO]: [CHAT] Verus > ExterminateYT failed KillAura 6B VL[4]
[18:21:20] [Client thread/INFO]: [CHAT] Hey! Sorry, but you can't PvP here.
[18:21:20] [Client thread/INFO]: [CHAT] Verus > ExterminateYT failed KillAura 6H VL[53]
[18:21:20] [Client thread/INFO]: [CHAT] Verus > ExterminateYT failed KillAura 6H VL[54]
[18:21:20] [Client thread/INFO]: [CHAT] Hey! Sorry, but you can't PvP here.
[18:21:21] [Client thread/INFO]: [CHAT] Verus > ExterminateYT failed KillAura 6H VL[55]
[18:21:21] [Client thread/INFO]: [CHAT] Verus > ExterminateYT failed KillAura 6H VL[56]
[18:21:21] [Client thread/INFO]: [CHAT] Hey! Sorry, but you can't PvP here.
[18:21:21] [Client thread/INFO]: [CHAT] Verus > ExterminateYT failed KillAura 6H VL[57]
[18:21:22] [Client thread/INFO]: [CHAT] Verus > ExterminateYT failed KillAura 6H VL[58]
[18:21:22] [Client thread/INFO]: [CHAT] Hey! Sorry, but you can't PvP here.
[18:21:22] [Client thread/INFO]: [CHAT] Verus > ExterminateYT failed KillAura 6H VL[59]
[18:21:22] [Client thread/INFO]: [CHAT] Verus > ExterminateYT failed KillAura 6H VL[60]
[18:21:22] [Client thread/INFO]: [CHAT] Hey! Sorry, but you can't PvP here.
[18:21:23] [Client thread/INFO]: [CHAT] Verus > ExterminateYT failed KillAura 6H VL[61]
[18:21:23] [Client thread/INFO]: [CHAT] Hey! Sorry, but you can't PvP here.
[18:21:23] [Client thread/INFO]: [CHAT] Verus > ExterminateYT failed KillAura 6H VL[62]
[18:21:23] [Client thread/INFO]: [CHAT] Hey! Sorry, but you can't PvP here.
[18:21:23] [Client thread/INFO]: [CHAT] Verus > ExterminateYT failed KillAura 6H VL[63]
[18:21:24] [Client thread/INFO]: [CHAT] Verus > ExterminateYT failed KillAura 6B VL[6]
[18:21:24] [Client thread/INFO]: [CHAT] Verus > ExterminateYT failed KillAura 6H VL[64]
[18:21:24] [Client thread/INFO]: [CHAT] Hey! Sorry, but you can't PvP here.
[18:21:24] [Client thread/INFO]: [CHAT] Verus > ExterminateYT failed KillAura 6H VL[65]
[18:21:25] [Client thread/INFO]: [CHAT] Verus > ExterminateYT failed KillAura 6H VL[66]
[18:21:25] [Client thread/INFO]: [CHAT] Verus > ExterminateYT failed KillAura 6H VL[67]
[18:21:25] [Client thread/INFO]: [CHAT] Hey! Sorry, but you can't PvP here.
[18:21:25] [Client thread/INFO]: [CHAT] Verus > ExterminateYT failed KillAura 6H VL[68]
[18:21:25] [Client thread/INFO]: [CHAT] Verus > ExterminateYT failed KillAura 6H VL[69]
[18:21:26] [Client thread/INFO]: [CHAT] Hey! Sorry, but you can't PvP here.
[18:21:26] [Client thread/INFO]: [CHAT] Verus > ExterminateYT failed KillAura 6H VL[70]
[18:21:26] [Client thread/INFO]: [CHAT] Verus > ExterminateYT failed KillAura 6H VL[71]
[18:21:26] [Client thread/INFO]: [CHAT] Hey! Sorry, but you can't PvP here.
[18:21:27] [Client thread/INFO]: [CHAT] Verus > ExterminateYT failed KillAura 6H VL[72]
[18:21:27] [Client thread/INFO]: [CHAT] Verus > ExterminateYT failed KillAura 6H VL[73]
[18:21:27] [Client thread/INFO]: [CHAT] Hey! Sorry, but you can't PvP here.
[18:21:27] [Client thread/INFO]: [CHAT] Verus > ExterminateYT failed KillAura 6H VL[74]
[18:21:27] [Client thread/INFO]: [CHAT] Verus > ExterminateYT failed KillAura 6B VL[8]
[18:21:27] [Client thread/INFO]: [CHAT] Hey! Sorry, but you can't PvP here.
[18:21:28] [Client thread/INFO]: [CHAT] Verus > ExterminateYT failed KillAura 6H VL[75]
[18:21:28] [Client thread/INFO]: [CHAT] Hey! Sorry, but you can't PvP here.
[18:21:28] [Client thread/INFO]: [CHAT] Verus > ExterminateYT failed KillAura 6H VL[76]
[18:21:28] [Client thread/INFO]: [CHAT] Verus > ExterminateYT failed KillAura 6H VL[77]
[18:21:29] [Client thread/INFO]: [CHAT] Verus > ExterminateYT failed KillAura 6H VL[78]
[18:21:29] [Client thread/INFO]: [CHAT] Hey! Sorry, but you can't PvP here.
[18:21:29] [Client thread/INFO]: [CHAT] Verus > ExterminateYT failed KillAura 6H VL[79]
[18:21:29] [Client thread/INFO]: [CHAT] Hey! Sorry, but you can't PvP here.
[18:21:30] [Client thread/INFO]: [CHAT] Hey! Sorry, but you can't PvP here.
[18:21:30] [Client thread/INFO]: [CHAT] Verus > ExterminateYT failed KillAura 6H VL[80]
[18:21:30] [Client thread/INFO]: [CHAT] Verus > ExterminateYT failed KillAura 6H VL[81]
[18:21:31] [Client thread/INFO]: [CHAT] Hey! Sorry, but you can't PvP here.
[18:21:31] [Client thread/INFO]: [CHAT] Verus > ExterminateYT failed KillAura 6H VL[82]
[18:21:31] [Client thread/INFO]: [CHAT] Verus > ExterminateYT failed KillAura 6H VL[83]
[18:21:31] [Client thread/INFO]: [CHAT] Hey! Sorry, but you can't PvP here.
[18:21:31] [Client thread/INFO]: [CHAT] Verus > ExterminateYT failed KillAura 6B VL[9]
[18:21:32] [Client thread/INFO]: [CHAT] Verus > ExterminateYT failed KillAura 6H VL[84]
[18:21:32] [Client thread/INFO]: [CHAT] Hey! Sorry, but you can't PvP here.
[18:21:32] [Client thread/INFO]: [CHAT] Verus > ExterminateYT failed KillAura 6H VL[85]
[18:21:32] [Client thread/INFO]: [CHAT] Verus > ExterminateYT failed KillAura 6H VL[86]
[18:21:32] [Client thread/INFO]: [CHAT] Hey! Sorry, but you can't PvP here.
[18:21:32] [Client thread/INFO]: [CHAT] Verus > ExterminateYT failed KillAura 6H VL[87]
[18:21:33] [Client thread/INFO]: [CHAT] Verus > ExterminateYT failed KillAura 6H VL[88]
[18:21:33] [Client thread/INFO]: [CHAT] Hey! Sorry, but you can't PvP here.
[18:21:33] [Client thread/INFO]: [CHAT] Verus > ExterminateYT failed KillAura 6H VL[89]
[18:21:33] [Client thread/INFO]: [CHAT] Verus > ExterminateYT failed KillAura 6H VL[90]
[18:21:34] [Client thread/INFO]: [CHAT] Hey! Sorry, but you can't PvP here.
[18:21:34] [Client thread/INFO]: [CHAT] Verus > ExterminateYT failed KillAura 6H VL[91]
[18:21:34] [Client thread/INFO]: [CHAT] Verus > ExterminateYT failed KillAura 6H VL[92]
[18:21:34] [Client thread/INFO]: [CHAT] Hey! Sorry, but you can't PvP here.
[18:21:34] [Client thread/INFO]: [CHAT] Verus > ExterminateYT failed KillAura 6H VL[93]
[18:21:51] [Client thread/INFO]: [CHAT] Hey! Sorry, but you can't PvP here.
[18:22:02] [Client thread/INFO]: [CHAT] Cleared scaffold zone!
[18:22:03] [Client thread/INFO]: [CHAT] Hey! Sorry, but you can't PvP here.
[18:22:03] [Client thread/INFO]: [CHAT] Verus > ExterminateYT failed KillAura 6H VL[94]
[18:22:03] [Client thread/INFO]: [CHAT] Verus > ExterminateYT failed KillAura 6H VL[95]
[18:22:04] [Client thread/INFO]: [CHAT] Hey! Sorry, but you can't PvP here.
[18:22:04] [Client thread/INFO]: [CHAT] Verus > ExterminateYT failed KillAura 6B VL[11]
[18:22:04] [Client thread/INFO]: [CHAT] Verus > ExterminateYT failed KillAura 6H VL[96]
[18:22:04] [Client thread/INFO]: [CHAT] Verus > ExterminateYT failed KillAura 6H VL[97]
[18:22:04] [Client thread/INFO]: [CHAT] Hey! Sorry, but you can't PvP here.
[18:22:04] [Client thread/INFO]: [CHAT] Verus > ExterminateYT failed KillAura 6H VL[98]
[18:22:05] [Client thread/INFO]: [CHAT] Hey! Sorry, but you can't PvP here.
[18:22:05] [Client thread/INFO]: [CHAT] Verus > ExterminateYT failed KillAura 6H VL[99]
[18:22:05] [Client thread/INFO]: [CHAT] Hey! Sorry, but you can't PvP here.
[18:22:05] [Client thread/INFO]: [CHAT] Verus > ExterminateYT failed KillAura 6H VL[100]
[18:22:06] [Client thread/INFO]: [CHAT] Verus > ExterminateYT failed KillAura 6H VL[101]
[18:22:06] [Client thread/INFO]: [CHAT] Hey! Sorry, but you can't PvP here.
[18:22:06] [Client thread/INFO]: [CHAT] Verus > ExterminateYT failed KillAura 6H VL[102]
[18:22:06] [Client thread/INFO]: [CHAT] Verus > ExterminateYT failed KillAura 6H VL[103]
[18:22:07] [Client thread/INFO]: [CHAT] Hey! Sorry, but you can't PvP here.
[18:22:07] [Client thread/INFO]: [CHAT] Verus > ExterminateYT failed KillAura 6H VL[104]
[18:22:07] [Client thread/INFO]: [CHAT] Hey! Sorry, but you can't PvP here.
[18:22:07] [Client thread/INFO]: [CHAT] Verus > ExterminateYT failed KillAura 6H VL[105]
[18:22:08] [Client thread/INFO]: [CHAT] [Clear Lag] 0 items were removed.
[18:22:08] [Client thread/INFO]: [CHAT] Verus > ExterminateYT failed KillAura 6B VL[13]
[18:22:08] [Client thread/INFO]: [CHAT] Hey! Sorry, but you can't PvP here.
[18:22:08] [Client thread/INFO]: [CHAT] Verus > ExterminateYT failed KillAura 6H VL[106]
[18:22:08] [Client thread/INFO]: [CHAT] Verus > ExterminateYT failed KillAura 6H VL[107]
[18:22:08] [Client thread/INFO]: [CHAT] Hey! Sorry, but you can't PvP here.
[18:22:09] [Client thread/INFO]: [CHAT] Verus > ExterminateYT failed KillAura 6H VL[108]
[18:22:09] [Client thread/INFO]: [CHAT] Hey! Sorry, but you can't PvP here.
[18:22:18] [Client thread/INFO]: [CHAT] Verus > ExterminateYT failed KillAura 6H VL[109]
[18:22:18] [Client thread/INFO]: [CHAT] Hey! Sorry, but you can't PvP here.
[18:22:18] [Client thread/INFO]: [CHAT] Verus > ExterminateYT failed KillAura 6H VL[110]
[18:22:18] [Client thread/INFO]: [CHAT] Hey! Sorry, but you can't PvP here.
[18:22:18] [Client thread/INFO]: [CHAT] Verus > ExterminateYT failed KillAura 6H VL[111]
[18:22:19] [Client thread/INFO]: [CHAT] Verus > ExterminateYT failed KillAura 6H VL[112]
[18:22:19] [Client thread/INFO]: [CHAT] Hey! Sorry, but you can't PvP here.
[18:22:19] [Client thread/INFO]: [CHAT] Verus > ExterminateYT failed Auto Clicker 2A VL[1]
[18:22:19] [Client thread/INFO]: [CHAT] Verus > ExterminateYT failed KillAura 6H VL[113]
[18:22:19] [Client thread/INFO]: [CHAT] Verus > ExterminateYT failed KillAura 6H VL[114]
[18:22:20] [Client thread/INFO]: [CHAT] Hey! Sorry, but you can't PvP here.
[18:22:20] [Client thread/INFO]: [CHAT] Verus > ExterminateYT failed KillAura 6B VL[14]
[18:22:20] [Client thread/INFO]: [CHAT] Verus > ExterminateYT failed KillAura 6H VL[115]
[18:22:20] [Client thread/INFO]: [CHAT] Verus > ExterminateYT failed KillAura 6H VL[116]
[18:22:20] [Client thread/INFO]: [CHAT] Hey! Sorry, but you can't PvP here.
[18:22:20] [Client thread/INFO]: [CHAT] Verus > ExterminateYT failed KillAura 6H VL[117]
[18:22:21] [Client thread/INFO]: [CHAT] Verus > ExterminateYT failed KillAura 6H VL[118]
[18:22:21] [Client thread/INFO]: [CHAT] Hey! Sorry, but you can't PvP here.
[18:22:21] [Client thread/INFO]: [CHAT] Verus > ExterminateYT failed KillAura 6H VL[119]
[18:22:21] [Client thread/INFO]: [CHAT] Verus > ExterminateYT failed KillAura 6H VL[120]
[18:22:24] [Client thread/INFO]: [CHAT] Hey! Sorry, but you can't PvP here.
[18:22:24] [Client thread/INFO]: [CHAT] Verus > ExterminateYT failed KillAura 6H VL[121]
[18:22:31] [Client thread/INFO]: [CHAT] Hey! Sorry, but you can't PvP here.
[18:22:31] [Client thread/INFO]: [CHAT] Verus > ExterminateYT failed KillAura 6H VL[122]
[18:22:31] [Client thread/INFO]: [CHAT] Hey! Sorry, but you can't PvP here.
[18:22:31] [Client thread/INFO]: [CHAT] Verus > ExterminateYT failed KillAura 6H VL[123]
[18:22:35] [Client thread/INFO]: [CHAT] Hey! Sorry, but you can't PvP here.
[18:22:35] [Client thread/INFO]: [CHAT] Verus > ExterminateYT failed KillAura 6H VL[124]
[18:22:35] [Client thread/INFO]: [CHAT] Verus > ExterminateYT failed KillAura 6H VL[125]
[18:22:35] [Client thread/INFO]: [CHAT] Hey! Sorry, but you can't PvP here.
[18:22:46] [Client thread/INFO]: [CHAT] Hey! Sorry, but you can't PvP here.
[18:22:46] [Client thread/INFO]: [CHAT] Verus > ExterminateYT failed KillAura 6H VL[126]
[18:22:46] [Client thread/INFO]: [CHAT] Verus > ExterminateYT failed KillAura 6H VL[127]
[18:22:47] [Client thread/INFO]: [CHAT] Hey! Sorry, but you can't PvP here.
[18:22:47] [Client thread/INFO]: [CHAT] Verus > ExterminateYT failed KillAura 6H VL[128]
[18:22:47] [Client thread/INFO]: [CHAT] Verus > ExterminateYT failed KillAura 6B VL[16]
[18:22:53] [Client thread/INFO]: [CHAT] Hey! Sorry, but you can't PvP here.
[18:22:54] [Client thread/INFO]: [CHAT] Verus > ExterminateYT failed KillAura 6H VL[129]
[18:22:54] [Client thread/INFO]: [CHAT] Verus > ExterminateYT failed KillAura 6H VL[130]
[18:22:54] [Client thread/INFO]: [CHAT] Hey! Sorry, but you can't PvP here.
[18:22:54] [Client thread/INFO]: [CHAT] Verus > ExterminateYT failed KillAura 6H VL[131]
[18:22:55] [Client thread/INFO]: [CHAT] Hey! Sorry, but you can't PvP here.
[18:22:55] [Client thread/INFO]: [CHAT] Verus > ExterminateYT failed KillAura 6H VL[132]
[18:23:01] [Client thread/INFO]: [CHAT] SHUUUUUUUUUUUUSH: oh no timer 11b check is not bypassable
[18:23:19] [Client thread/INFO]: [CHAT] ExterminateYT: yes it is
[18:23:55] [Client thread/INFO]: [CHAT] Hey! Sorry, but you can't PvP here.
[18:23:56] [Client thread/INFO]: [CHAT] Hey! Sorry, but you can't PvP here.
[18:23:56] [Client thread/INFO]: [CHAT] Hey! Sorry, but you can't PvP here.
[18:23:57] [Client thread/INFO]: [CHAT] Verus > ExterminateYT failed Auto Clicker 2A VL[3]
[18:23:57] [Client thread/INFO]: [CHAT] Hey! Sorry, but you can't PvP here.
[18:23:57] [Client thread/INFO]: [CHAT] Hey! Sorry, but you can't PvP here.
[18:23:58] [Client thread/INFO]: [CHAT] Verus > ExterminateYT failed KillAura 6B VL[18]
[18:23:58] [Client thread/INFO]: [CHAT] Hey! Sorry, but you can't PvP here.
[18:23:59] [Client thread/INFO]: [CHAT] Hey! Sorry, but you can't PvP here.
[18:23:59] [Client thread/INFO]: [CHAT] Hey! Sorry, but you can't PvP here.
[18:23:59] [Client thread/INFO]: [CHAT] Verus > ExterminateYT failed Aimbot 6C VL[1]
[18:24:00] [Client thread/INFO]: [CHAT] Hey! Sorry, but you can't PvP here.
[18:24:00] [Client thread/INFO]: [CHAT] Hey! Sorry, but you can't PvP here.
[18:24:01] [Client thread/INFO]: [CHAT] Hey! Sorry, but you can't PvP here.
[18:24:01] [Client thread/INFO]: [CHAT] Verus > ExterminateYT failed KillAura 6B VL[19]
[18:24:01] [Client thread/INFO]: [CHAT] Hey! Sorry, but you can't PvP here.
[18:24:02] [Client thread/INFO]: [CHAT] Hey! Sorry, but you can't PvP here.
[18:24:02] [Client thread/INFO]: [CHAT] Verus > ExterminateYT failed Aimbot 6C VL[2]
[18:24:02] [Client thread/INFO]: [CHAT] Hey! Sorry, but you can't PvP here.
[18:24:02] [Client thread/INFO]: [CHAT] Scaffold zone will be cleared in 60 seconds.
[18:24:03] [Client thread/INFO]: [CHAT] Hey! Sorry, but you can't PvP here.
[18:24:03] [Client thread/INFO]: [CHAT] Verus > ExterminateYT failed Aimbot 6C VL[2]
[18:24:03] [Client thread/INFO]: [CHAT] Hey! Sorry, but you can't PvP here.
[18:24:04] [Client thread/INFO]: [CHAT] Verus > ExterminateYT failed Aimbot 6C VL[3]
[18:24:04] [Client thread/INFO]: [CHAT] Hey! Sorry, but you can't PvP here.
[18:24:04] [Client thread/INFO]: [CHAT] Verus > ExterminateYT failed KillAura 6B VL[21]
[18:24:04] [Client thread/INFO]: [CHAT] Hey! Sorry, but you can't PvP here.
[18:24:05] [Client thread/INFO]: [CHAT] Hey! Sorry, but you can't PvP here.
[18:24:08] [Client thread/INFO]: Connecting to ac.wykt.cc, 25565
[18:24:09] [Client thread/INFO]: [CHAT] [+] ExterminateYT
[18:24:12] [Client thread/INFO]: [CHAT] Verus > ExterminateYT failed Speed 10A VL[1]
[18:24:12] [Client thread/INFO]: [CHAT] Verus > ExterminateYT failed Speed 10A VL[2]
[18:24:12] [Client thread/INFO]: [CHAT] Verus > ExterminateYT failed Speed 10A VL[3]
[18:24:12] [Client thread/INFO]: [CHAT] Verus > ExterminateYT failed Speed 10A VL[4]
[18:24:12] [Client thread/INFO]: [CHAT] Verus > ExterminateYT failed Speed 10A VL[5]
[18:24:12] [Client thread/INFO]: [CHAT] Verus > ExterminateYT failed Speed 10A VL[6]
[18:24:12] [Client thread/INFO]: [CHAT] Verus > ExterminateYT failed Speed 10A VL[7]
[18:24:12] [Client thread/INFO]: [CHAT] Verus > ExterminateYT failed Fly 4I VL[1]
[18:24:12] [Client thread/INFO]: [CHAT] Verus > ExterminateYT failed Speed 10A VL[8]
[18:24:12] [Client thread/INFO]: [CHAT] Verus > ExterminateYT failed Fly 4I VL[4]
[18:24:12] [Client thread/INFO]: [CHAT] Verus > ExterminateYT failed Speed 10A VL[9]
[18:24:12] [Client thread/INFO]: [CHAT] Verus > ExterminateYT failed Fly 4I VL[8]
[18:24:12] [Client thread/INFO]: [CHAT] Verus > ExterminateYT failed Speed 10A VL[10]
[18:24:12] [Client thread/INFO]: [CHAT] Verus > ExterminateYT failed Fly 4I VL[13]
[18:24:12] [Client thread/INFO]: [CHAT] Verus > ExterminateYT failed Fly 4I VL[18]
[18:24:12] [Client thread/INFO]: [CHAT] Verus > ExterminateYT failed Speed 10A VL[11]
[18:24:13] [Client thread/INFO]: [CHAT] Verus > ExterminateYT failed Fly 4I VL[23]
[18:24:13] [Client thread/INFO]: [CHAT] Verus > ExterminateYT failed Fly 4I VL[28]
[18:24:13] [Client thread/INFO]: [CHAT] Verus > ExterminateYT failed Fly 4I VL[33]
[18:24:13] [Client thread/INFO]: [CHAT] Verus > ExterminateYT failed Fly 4I VL[38]
[18:24:13] [Client thread/INFO]: [CHAT] Verus > ExterminateYT failed Fly 4I VL[43]
[18:24:13] [Client thread/INFO]: [CHAT] Verus > ExterminateYT failed Fly 4I VL[48]
[18:24:13] [Client thread/INFO]: [CHAT] Verus > ExterminateYT failed Fly 4I VL[53]
[18:24:13] [Client thread/INFO]: [CHAT] Verus > ExterminateYT failed Fly 4I VL[58]
[18:24:13] [Client thread/INFO]: [CHAT] Verus > ExterminateYT failed Fly 4I VL[63]
[18:24:13] [Client thread/INFO]: [CHAT] Verus > ExterminateYT failed Fly 4C VL[1]
[18:24:13] [Client thread/INFO]: [CHAT] Verus > ExterminateYT failed Fly 4I VL[68]
[18:24:13] [Client thread/INFO]: [CHAT] Verus > ExterminateYT failed Fly 4C VL[4]
[18:24:13] [Client thread/INFO]: [CHAT] Verus > ExterminateYT failed Fly 4I VL[73]
[18:24:13] [Client thread/INFO]: [CHAT] Verus > ExterminateYT failed Fly 4C VL[8]
[18:24:13] [Client thread/INFO]: [CHAT] Verus > ExterminateYT failed Fly 4I VL[78]
[18:24:13] [Client thread/INFO]: [CHAT] Verus > ExterminateYT failed Fly 4C VL[13]
[18:24:13] [Client thread/INFO]: [CHAT] Verus > ExterminateYT failed Fly 4I VL[83]
[18:24:13] [Client thread/INFO]: [CHAT] Verus > ExterminateYT failed Fly 4C VL[18]
[18:24:13] [Client thread/INFO]: [CHAT] Verus > ExterminateYT failed Fly 4I VL[88]
[18:24:13] [Client thread/INFO]: [CHAT] Verus > ExterminateYT failed Fly 4C VL[23]
[18:24:13] [Client thread/INFO]: [CHAT] Verus > ExterminateYT failed Fly 4I VL[93]
[18:24:13] [Client thread/INFO]: [CHAT] Verus > ExterminateYT failed Fly 4C VL[28]
[18:24:13] [Client thread/INFO]: [CHAT] Verus > ExterminateYT failed Fly 4I VL[98]
[18:24:13] [Client thread/INFO]: [CHAT] Verus > ExterminateYT failed Fly 4C VL[33]
[18:24:13] [Client thread/INFO]: [CHAT] Verus > ExterminateYT failed Fly 4I VL[103]
[18:24:13] [Client thread/INFO]: [CHAT] Verus > ExterminateYT failed Fly 4C VL[38]
[18:24:13] [Client thread/INFO]: [CHAT] Verus > ExterminateYT failed Fly 4I VL[108]
[18:24:13] [Client thread/INFO]: [CHAT] Verus > ExterminateYT failed Fly 4C VL[43]
[18:24:13] [Client thread/INFO]: [CHAT] Verus > ExterminateYT failed Fly 4I VL[113]
[18:24:13] [Client thread/INFO]: [CHAT] Verus > ExterminateYT failed Fly 4C VL[48]
[18:24:13] [Client thread/INFO]: [CHAT] Verus > ExterminateYT failed Fly 4I VL[118]
[18:24:13] [Client thread/INFO]: [CHAT] Verus > ExterminateYT failed Fly 4C VL[53]
[18:24:13] [Client thread/INFO]: [CHAT] Verus > ExterminateYT failed Fly 4I VL[123]
[18:24:13] [Client thread/INFO]: [CHAT] Verus > ExterminateYT failed Fly 4C VL[58]
[18:24:13] [Client thread/INFO]: [CHAT] Verus > ExterminateYT failed Fly 4I VL[128]
[18:24:13] [Client thread/INFO]: [CHAT] Verus > ExterminateYT failed Fly 4C VL[63]
[18:24:13] [Client thread/INFO]: [CHAT] Verus > ExterminateYT failed Fly 4I VL[133]
[18:24:13] [Client thread/INFO]: [CHAT] Verus > ExterminateYT failed Fly 4C VL[68]
[18:24:13] [Client thread/INFO]: [CHAT] Verus > ExterminateYT failed Fly 4I VL[138]
[18:24:13] [Client thread/INFO]: [CHAT] Verus > ExterminateYT failed Fly 4C VL[73]
[18:24:13] [Client thread/INFO]: [CHAT] Verus > ExterminateYT failed Fly 4I VL[143]
[18:24:13] [Client thread/INFO]: [CHAT] Verus > ExterminateYT failed Fly 4C VL[78]
[18:24:13] [Client thread/INFO]: [CHAT] Verus > ExterminateYT failed Fly 4I VL[148]
[18:24:13] [Client thread/INFO]: [CHAT] Verus > ExterminateYT failed Fly 4C VL[83]
[18:24:13] [Client thread/INFO]: [CHAT] Verus > ExterminateYT failed Fly 4I VL[153]
[18:24:13] [Client thread/INFO]: [CHAT] Verus > ExterminateYT failed Fly 4C VL[88]
[18:24:13] [Client thread/INFO]: [CHAT] Verus > ExterminateYT failed Fly 4I VL[158]
[18:24:13] [Client thread/INFO]: [CHAT] Verus > ExterminateYT failed Fly 4C VL[93]
[18:24:13] [Client thread/INFO]: [CHAT] Verus > ExterminateYT failed Fly 4I VL[163]
[18:24:13] [Client thread/INFO]: [CHAT] Verus > ExterminateYT failed Fly 4C VL[98]
[18:24:13] [Client thread/INFO]: [CHAT] Verus > ExterminateYT failed Fly 4I VL[168]
[18:24:13] [Client thread/INFO]: [CHAT] Verus > ExterminateYT failed Fly 4C VL[103]
[18:24:13] [Client thread/INFO]: [CHAT] Verus > ExterminateYT failed Fly 4I VL[173]
[18:24:13] [Client thread/INFO]: [CHAT] Verus > ExterminateYT failed Fly 4C VL[108]
[18:24:14] [Client thread/INFO]: [CHAT] Verus > ExterminateYT failed Fly 4I VL[178]
[18:24:14] [Client thread/INFO]: [CHAT] Verus > ExterminateYT failed Fly 4C VL[113]
[18:24:14] [Client thread/INFO]: [CHAT] Verus > ExterminateYT failed Fly 4I VL[183]
[18:24:14] [Client thread/INFO]: [CHAT] Verus > ExterminateYT failed Fly 4C VL[118]
[18:24:14] [Client thread/INFO]: [CHAT] Verus > ExterminateYT failed Fly 4C VL[123]
[18:24:14] [Client thread/INFO]: [CHAT] Verus > ExterminateYT failed Fly 4I VL[188]
[18:24:14] [Client thread/INFO]: [CHAT] Verus > ExterminateYT failed Fly 4C VL[128]
[18:24:14] [Client thread/INFO]: [CHAT] Verus > ExterminateYT failed Fly 4C VL[133]
[18:24:14] [Client thread/INFO]: [CHAT] Verus > ExterminateYT failed Fly 4I VL[193]
[18:24:14] [Client thread/INFO]: [CHAT] Verus > ExterminateYT failed Fly 4C VL[138]
[18:24:14] [Client thread/INFO]: [CHAT] Verus > ExterminateYT failed Fly 4C VL[143]
[18:24:14] [Client thread/INFO]: [CHAT] Verus > ExterminateYT failed Fly 4I VL[198]
[18:24:14] [Client thread/INFO]: [CHAT] Verus > ExterminateYT failed Fly 4C VL[148]
[18:24:14] [Client thread/INFO]: [CHAT] Verus > ExterminateYT failed Fly 4C VL[153]
[18:24:14] [Client thread/INFO]: [CHAT] Verus > ExterminateYT failed Fly 4I VL[203]
[18:24:14] [Client thread/INFO]: [CHAT] Verus > ExterminateYT failed Fly 4C VL[158]
[18:24:14] [Client thread/INFO]: [CHAT] Verus > ExterminateYT failed Fly 4C VL[163]
[18:24:14] [Client thread/INFO]: [CHAT] Verus > ExterminateYT failed Fly 4C VL[168]
[18:24:14] [Client thread/INFO]: [CHAT] Verus > ExterminateYT failed Fly 4I VL[208]
[18:24:14] [Client thread/INFO]: [CHAT] Verus > ExterminateYT failed Fly 4C VL[173]
[18:24:14] [Client thread/INFO]: [CHAT] Verus > ExterminateYT failed Fly 4C VL[178]
[18:24:14] [Client thread/INFO]: [CHAT] Verus > ExterminateYT failed Fly 4C VL[183]
[18:24:14] [Client thread/INFO]: [CHAT] Verus > ExterminateYT failed Fly 4C VL[188]
[18:24:14] [Client thread/INFO]: [CHAT] Verus > ExterminateYT failed Fly 4I VL[213]
[18:24:14] [Client thread/INFO]: [CHAT] Verus > ExterminateYT failed Fly 4C VL[190]
[18:24:14] [Client thread/INFO]: [CHAT] Verus > ExterminateYT failed Fly 4C VL[194]
[18:24:14] [Client thread/INFO]: [CHAT] Verus > ExterminateYT failed Fly 4C VL[199]
[18:24:14] [Client thread/INFO]: [CHAT] Verus > ExterminateYT failed Fly 4C VL[204]
[18:24:14] [Client thread/INFO]: [CHAT] Verus > ExterminateYT failed Fly 4C VL[209]
[18:24:14] [Client thread/INFO]: [CHAT] Verus > ExterminateYT failed Fly 4C VL[214]
[18:24:14] [Client thread/INFO]: [CHAT] Verus > ExterminateYT failed Fly 4C VL[219]
[18:24:14] [Client thread/INFO]: [CHAT] Verus > ExterminateYT failed Fly 4C VL[224]
[18:24:14] [Client thread/INFO]: [CHAT] Verus > ExterminateYT failed Fly 4C VL[229]
[18:24:14] [Client thread/INFO]: [CHAT] Verus > ExterminateYT failed Fly 4C VL[234]
[18:24:14] [Client thread/INFO]: [CHAT] Verus > ExterminateYT failed Fly 4C VL[239]
[18:24:15] [Client thread/INFO]: [CHAT] Verus > ExterminateYT failed Fly 4C VL[244]
[18:24:15] [Client thread/INFO]: [CHAT] Verus > ExterminateYT failed Fly 4C VL[249]
[18:24:15] [Client thread/INFO]: [CHAT] Verus > ExterminateYT failed Fly 4C VL[254]
[18:24:15] [Client thread/INFO]: [CHAT] Verus > ExterminateYT failed Fly 4C VL[259]
[18:24:15] [Client thread/INFO]: [CHAT] Verus > ExterminateYT failed Fly 4C VL[264]
[18:24:15] [Client thread/INFO]: [CHAT] Verus > ExterminateYT failed Fly 4C VL[269]
[18:24:15] [Client thread/INFO]: [CHAT] Verus > ExterminateYT failed Fly 4I VL[218]
[18:24:15] [Client thread/INFO]: [CHAT] Verus > ExterminateYT failed Fly 4C VL[274]
[18:24:15] [Client thread/INFO]: [CHAT] Verus > ExterminateYT failed Fly 4C VL[279]
[18:24:15] [Client thread/INFO]: [CHAT] Verus > ExterminateYT failed Fly 4C VL[284]
[18:24:15] [Client thread/INFO]: [CHAT] Verus > ExterminateYT failed Fly 4C VL[289]
[18:24:15] [Client thread/INFO]: [CHAT] Verus > ExterminateYT failed Fly 4C VL[294]
[18:24:15] [Client thread/INFO]: [CHAT] Verus > ExterminateYT failed Fly 4C VL[299]
[18:24:15] [Client thread/INFO]: [CHAT] Verus > ExterminateYT failed Fly 4C VL[304]
[18:24:15] [Client thread/INFO]: [CHAT] Verus > ExterminateYT failed Fly 4C VL[309]
[18:24:15] [Client thread/INFO]: [CHAT] Verus > ExterminateYT failed Fly 4C VL[314]
[18:24:15] [Client thread/INFO]: [CHAT] Verus > ExterminateYT failed Fly 4C VL[319]
[18:24:15] [Client thread/INFO]: [CHAT] Verus > ExterminateYT failed Fly 4C VL[324]
[18:24:15] [Client thread/INFO]: [CHAT] Verus > ExterminateYT failed Fly 4C VL[329]
[18:24:15] [Client thread/INFO]: [CHAT] Verus > ExterminateYT failed Fly 4C VL[334]
[18:24:15] [Client thread/INFO]: [CHAT] Verus > ExterminateYT failed Fly 4C VL[339]
[18:24:15] [Client thread/INFO]: [CHAT] Verus > ExterminateYT failed Fly 4C VL[344]
[18:24:15] [Client thread/INFO]: [CHAT] Verus > ExterminateYT failed Fly 4C VL[349]
[18:24:15] [Client thread/INFO]: [CHAT] Verus > ExterminateYT failed Fly 4I VL[222]
[18:24:15] [Client thread/INFO]: [CHAT] Verus > ExterminateYT failed Fly 4C VL[354]
[18:24:15] [Client thread/INFO]: [CHAT] Verus > ExterminateYT failed Fly 4I VL[227]
[18:24:15] [Client thread/INFO]: [CHAT] Verus > ExterminateYT failed Fly 4C VL[359]
[18:24:16] [Client thread/INFO]: [CHAT] Verus > ExterminateYT failed Fly 4I VL[232]
[18:24:16] [Client thread/INFO]: [CHAT] Verus > ExterminateYT failed Fly 4C VL[364]
[18:24:16] [Client thread/INFO]: [CHAT] Verus > ExterminateYT failed Fly 4I VL[237]
[18:24:16] [Client thread/INFO]: [CHAT] Verus > ExterminateYT failed Fly 4C VL[369]
[18:24:16] [Client thread/INFO]: [CHAT] Verus > ExterminateYT failed Fly 4I VL[242]
[18:24:16] [Client thread/INFO]: [CHAT] Verus > ExterminateYT failed Fly 4C VL[374]
[18:24:16] [Client thread/INFO]: [CHAT] Verus > ExterminateYT failed Fly 4I VL[247]
[18:24:16] [Client thread/INFO]: [CHAT] Verus > ExterminateYT failed Fly 4C VL[379]
[18:24:16] [Client thread/INFO]: [CHAT] Verus > ExterminateYT failed Fly 4I VL[252]
[18:24:16] [Client thread/INFO]: [CHAT] Verus > ExterminateYT failed Fly 4C VL[384]
[18:24:16] [Client thread/INFO]: [CHAT] Verus > ExterminateYT failed Fly 4I VL[257]
[18:24:16] [Client thread/INFO]: [CHAT] Verus > ExterminateYT failed Speed 10A VL[12]
[18:24:16] [Client thread/INFO]: [CHAT] Verus > ExterminateYT failed Fly 4C VL[389]
[18:24:16] [Client thread/INFO]: [CHAT] Verus > ExterminateYT failed Fly 4I VL[262]
[18:24:16] [Client thread/INFO]: [CHAT] Verus > ExterminateYT failed Fly 4C VL[394]
[18:24:16] [Client thread/INFO]: [CHAT] Verus > ExterminateYT failed Fly 4I VL[267]
[18:24:16] [Client thread/INFO]: [CHAT] Verus > ExterminateYT failed Speed 10A VL[13]
[18:24:16] [Client thread/INFO]: [CHAT] Verus > ExterminateYT failed Fly 4C VL[399]
[18:24:16] [Client thread/INFO]: [CHAT] Verus > ExterminateYT failed Fly 4I VL[272]
[18:24:16] [Client thread/INFO]: [CHAT] Verus > ExterminateYT failed Fly 4C VL[404]
[18:24:16] [Client thread/INFO]: [CHAT] Verus > ExterminateYT failed Fly 4I VL[277]
[18:24:16] [Client thread/INFO]: [CHAT] Verus > ExterminateYT failed Speed 10A VL[14]
[18:24:16] [Client thread/INFO]: [CHAT] Verus > ExterminateYT failed Fly 4C VL[409]
[18:24:16] [Client thread/INFO]: [CHAT] Verus > ExterminateYT failed Fly 4I VL[282]
[18:24:16] [Client thread/INFO]: [CHAT] Verus > ExterminateYT failed Fly 4C VL[414]
[18:24:16] [Client thread/INFO]: [CHAT] Verus > ExterminateYT failed Fly 4I VL[287]
[18:24:16] [Client thread/INFO]: [CHAT] Verus > ExterminateYT failed Speed 10A VL[15]
[18:24:16] [Client thread/INFO]: [CHAT] Verus > ExterminateYT failed Fly 4C VL[419]
[18:24:16] [Client thread/INFO]: [CHAT] Verus > ExterminateYT failed Fly 4I VL[292]
[18:24:16] [Client thread/INFO]: [CHAT] Verus > ExterminateYT failed Speed 10A VL[16]
[18:24:16] [Client thread/INFO]: [CHAT] Verus > ExterminateYT failed Fly 4C VL[424]
[18:24:16] [Client thread/INFO]: [CHAT] Verus > ExterminateYT failed Fly 4I VL[297]
[18:24:16] [Client thread/INFO]: [CHAT] Verus > ExterminateYT failed Speed 10A VL[17]
[18:24:16] [Client thread/INFO]: [CHAT] Verus > ExterminateYT failed Fly 4C VL[429]
[18:24:16] [Client thread/INFO]: [CHAT] Verus > ExterminateYT failed Fly 4I VL[302]
[18:24:16] [Client thread/INFO]: [CHAT] Verus > ExterminateYT failed Fly 4C VL[434]
[18:24:16] [Client thread/INFO]: [CHAT] Verus > ExterminateYT failed Fly 4I VL[307]
[18:24:16] [Client thread/INFO]: [CHAT] Verus > ExterminateYT failed Speed 10A VL[18]
[18:24:16] [Client thread/INFO]: [CHAT] Verus > ExterminateYT failed Fly 4C VL[439]
[18:24:16] [Client thread/INFO]: [CHAT] Verus > ExterminateYT failed Fly 4I VL[312]
[18:24:16] [Client thread/INFO]: [CHAT] Verus > ExterminateYT failed Speed 10A VL[19]
[18:24:16] [Client thread/INFO]: [CHAT] Verus > ExterminateYT failed Fly 4C VL[444]
[18:24:16] [Client thread/INFO]: [CHAT] Verus > ExterminateYT failed Fly 4I VL[317]
[18:24:16] [Client thread/INFO]: [CHAT] Verus > ExterminateYT failed Speed 10A VL[20]
[18:24:16] [Client thread/INFO]: [CHAT] Verus > ExterminateYT failed Fly 4C VL[449]
[18:24:16] [Client thread/INFO]: [CHAT] Verus > ExterminateYT failed Fly 4I VL[322]
[18:24:16] [Client thread/INFO]: [CHAT] Verus > ExterminateYT failed Fly 4C VL[454]
[18:24:16] [Client thread/INFO]: [CHAT] Verus > ExterminateYT failed Fly 4I VL[327]
[18:24:16] [Client thread/INFO]: [CHAT] Verus > ExterminateYT failed Speed 10A VL[21]
[18:24:16] [Client thread/INFO]: [CHAT] Verus > ExterminateYT failed Fly 4C VL[459]
[18:24:17] [Client thread/INFO]: [CHAT] Verus > ExterminateYT failed Speed 10A VL[22]
[18:24:17] [Client thread/INFO]: [CHAT] Verus > ExterminateYT failed Speed 10A VL[23]
[18:24:17] [Client thread/INFO]: [CHAT] Verus > ExterminateYT failed Speed 10A VL[24]
[18:24:28] [Client thread/INFO]: [CHAT] §0[§4Menace§0]§r Verus Disabled!
[18:24:38] [Client thread/INFO]: [CHAT] Hey! Sorry, but you can't PvP here.
[18:24:38] [Client thread/INFO]: [CHAT] Hey! Sorry, but you can't PvP here.
[18:24:39] [Client thread/INFO]: [CHAT] Hey! Sorry, but you can't PvP here.
[18:24:39] [Client thread/INFO]: [CHAT] Hey! Sorry, but you can't PvP here.
[18:24:40] [Client thread/INFO]: [CHAT] Hey! Sorry, but you can't PvP here.
[18:24:40] [Client thread/INFO]: [CHAT] Hey! Sorry, but you can't PvP here.
[18:24:41] [Client thread/INFO]: [CHAT] Hey! Sorry, but you can't PvP here.
[18:24:42] [Client thread/INFO]: [CHAT] Hey! Sorry, but you can't PvP here.
[18:24:42] [Client thread/INFO]: [CHAT] Hey! Sorry, but you can't PvP here.
[18:24:43] [Client thread/INFO]: [CHAT] Hey! Sorry, but you can't PvP here.
[18:24:44] [Client thread/INFO]: [CHAT] SHUUUUUUUUUUUUSH: i dont flag xd
[18:24:45] [Client thread/INFO]: [CHAT] Hey! You are not permitted to leave this area.
[18:24:49] [Client thread/INFO]: [CHAT] Hey! Sorry, but you can't PvP here.
[18:24:49] [Client thread/INFO]: [CHAT] Hey! Sorry, but you can't PvP here.
[18:24:50] [Client thread/INFO]: [CHAT] Hey! Sorry, but you can't PvP here.
[18:24:50] [Client thread/INFO]: [CHAT] Hey! Sorry, but you can't PvP here.
[18:24:51] [Client thread/INFO]: [CHAT] Hey! Sorry, but you can't PvP here.
[18:24:51] [Client thread/INFO]: [CHAT] Hey! Sorry, but you can't PvP here.
[18:24:52] [Client thread/INFO]: [CHAT] Hey! Sorry, but you can't PvP here.
[18:24:52] [Client thread/INFO]: [CHAT] Hey! Sorry, but you can't PvP here.
[18:24:53] [Client thread/INFO]: [CHAT] Hey! Sorry, but you can't PvP here.
[18:24:53] [Client thread/INFO]: [CHAT] Hey! Sorry, but you can't PvP here.
[18:24:54] [Client thread/INFO]: [CHAT] Hey! Sorry, but you can't PvP here.
[18:24:54] [Client thread/INFO]: [CHAT] Verus > ExterminateYT failed KillAura 6B VL[2]
[18:25:06] [Client thread/INFO]: [CHAT] ExterminateYT: imagine flagging
[18:25:18] [Client thread/INFO]: [CHAT] SHUUUUUUUUUUUUSH: i dont flag for fly
[18:25:34] [Client thread/INFO]: [CHAT] [-] Rubi04444
[18:25:37] [Client thread/INFO]: [CHAT] [+] Rubi04444
[18:25:38] [Client thread/INFO]: [CHAT] ExterminateYT: i dont flag vanilla fly
[18:26:07] [Client thread/INFO]: [CHAT] [Clear Lag] 1 items were removed.
[18:26:17] [Client thread/INFO]: [CHAT] Hey! Sorry, but you can't PvP here.
[18:26:17] [Client thread/INFO]: [CHAT] Hey! Sorry, but you can't PvP here.
[18:26:18] [Client thread/INFO]: [CHAT] Hey! Sorry, but you can't PvP here.
[18:26:23] [Client thread/INFO]: Connecting to ac.wykt.cc, 25565
[18:26:25] [Client thread/INFO]: [CHAT] [+] ExterminateYT
[18:26:29] [Client thread/INFO]: [CHAT] ExterminateYT: i dont flag vanilla fly
[18:26:35] [Client thread/INFO]: [CHAT] [-] SHUUUUUUUUUUUUSH
[18:26:38] [Client thread/INFO]: [CHAT] §0[§4Menace§0]§r Verus Disabled!
[18:26:42] [Client thread/INFO]: [CHAT] [-] Rubi04444
[18:26:43] [Client thread/INFO]: [CHAT] Hey! Sorry, but you can't PvP here.
[18:26:43] [Client thread/INFO]: [CHAT] Hey! Sorry, but you can't PvP here.
[18:26:44] [Client thread/INFO]: [CHAT] Hey! Sorry, but you can't PvP here.
[18:26:44] [Client thread/INFO]: [CHAT] Hey! Sorry, but you can't PvP here.
[18:26:44] [Client thread/INFO]: [CHAT] [+] Rubi04444
[18:26:45] [Client thread/INFO]: [CHAT] Hey! Sorry, but you can't PvP here.
[18:26:50] [Client thread/INFO]: [CHAT] Hey! Sorry, but you can't PvP here.
[18:26:50] [Client thread/INFO]: [CHAT] Hey! Sorry, but you can't PvP here.
[18:26:51] [Client thread/INFO]: [CHAT] Verus > ExterminateYT failed KillAura 6H VL[1]
[18:26:51] [Client thread/INFO]: [CHAT] Hey! Sorry, but you can't PvP here.
[18:26:51] [Client thread/INFO]: [CHAT] Verus > ExterminateYT failed KillAura 6H VL[2]
[18:26:51] [Client thread/INFO]: [CHAT] Hey! Sorry, but you can't PvP here.
[18:26:51] [Client thread/INFO]: [CHAT] Verus > ExterminateYT failed KillAura 6H VL[3]
[18:26:52] [Client thread/INFO]: [CHAT] Verus > ExterminateYT failed KillAura 6H VL[4]
[18:26:52] [Client thread/INFO]: [CHAT] Hey! Sorry, but you can't PvP here.
[18:26:52] [Client thread/INFO]: [CHAT] Verus > ExterminateYT failed KillAura 6H VL[5]
[18:26:52] [Client thread/INFO]: [CHAT] Verus > ExterminateYT failed KillAura 6H VL[6]
[18:26:53] [Client thread/INFO]: [CHAT] Verus > ExterminateYT failed KillAura 6H VL[7]
[18:26:56] [Client thread/INFO]: [CHAT] Hey! Sorry, but you can't PvP here.
[18:27:02] [Client thread/INFO]: [CHAT] Cleared scaffold zone!
[18:27:05] [Client thread/INFO]: [CHAT] Hey! Sorry, but you can't PvP here.
[18:27:06] [Client thread/INFO]: [CHAT] Verus > ExterminateYT failed KillAura 6H VL[8]
[18:27:06] [Client thread/INFO]: [CHAT] Verus > ExterminateYT failed KillAura 6H VL[9]
[18:27:06] [Client thread/INFO]: [CHAT] Hey! Sorry, but you can't PvP here.
[18:27:06] [Client thread/INFO]: [CHAT] Verus > ExterminateYT failed KillAura 6H VL[10]
[18:27:07] [Client thread/INFO]: [CHAT] Verus > ExterminateYT failed KillAura 6H VL[11]
[18:27:07] [Client thread/INFO]: [CHAT] Hey! Sorry, but you can't PvP here.
[18:27:07] [Client thread/INFO]: [CHAT] Verus > ExterminateYT failed KillAura 6H VL[12]
[18:27:07] [Client thread/INFO]: [CHAT] Verus > ExterminateYT failed KillAura 6H VL[13]
[18:27:07] [Client thread/INFO]: [CHAT] Hey! Sorry, but you can't PvP here.
[18:27:07] [Client thread/INFO]: [CHAT] Verus > ExterminateYT failed KillAura 6H VL[14]
[18:27:08] [Client thread/INFO]: [CHAT] Hey! Sorry, but you can't PvP here.
[18:27:08] [Client thread/INFO]: [CHAT] Verus > ExterminateYT failed KillAura 6H VL[15]
[18:27:08] [Client thread/INFO]: [CHAT] Verus > ExterminateYT failed KillAura 6H VL[16]
[18:27:08] [Client thread/INFO]: [CHAT] Hey! Sorry, but you can't PvP here.
[18:27:09] [Client thread/INFO]: [CHAT] Verus > ExterminateYT failed KillAura 6H VL[17]
[18:27:09] [Client thread/INFO]: [CHAT] Verus > ExterminateYT failed KillAura 6H VL[18]
[18:27:09] [Client thread/INFO]: [CHAT] Hey! Sorry, but you can't PvP here.
[18:27:09] [Client thread/INFO]: [CHAT] Verus > ExterminateYT failed KillAura 6H VL[19]
[18:27:09] [Client thread/INFO]: [CHAT] Verus > ExterminateYT failed KillAura 6H VL[20]
[18:27:10] [Client thread/INFO]: [CHAT] Hey! Sorry, but you can't PvP here.
[18:27:10] [Client thread/INFO]: [CHAT] Hey! Sorry, but you can't PvP here.
[18:27:11] [Client thread/INFO]: [CHAT] Verus > ExterminateYT failed KillAura 6H VL[21]
[18:27:11] [Client thread/INFO]: [CHAT] Hey! Sorry, but you can't PvP here.
[18:27:11] [Client thread/INFO]: [CHAT] Verus > ExterminateYT failed KillAura 6H VL[22]
[18:27:12] [Client thread/INFO]: [CHAT] Hey! Sorry, but you can't PvP here.
[18:27:12] [Client thread/INFO]: [CHAT] Verus > ExterminateYT failed KillAura 6H VL[23]
[18:27:12] [Client thread/INFO]: [CHAT] Verus > ExterminateYT failed KillAura 6H VL[24]
[18:27:12] [Client thread/INFO]: [CHAT] Hey! Sorry, but you can't PvP here.
[18:27:12] [Client thread/INFO]: [CHAT] Verus > ExterminateYT failed KillAura 6H VL[25]
[18:27:13] [Client thread/INFO]: [CHAT] Verus > ExterminateYT failed KillAura 6H VL[26]
[18:27:13] [Client thread/INFO]: [CHAT] Hey! Sorry, but you can't PvP here.
[18:27:13] [Client thread/INFO]: [CHAT] Verus > ExterminateYT failed KillAura 6H VL[27]
[18:27:13] [Client thread/INFO]: [CHAT] Verus > ExterminateYT failed KillAura 6H VL[28]
[18:27:13] [Client thread/INFO]: [CHAT] Hey! Sorry, but you can't PvP here.
[18:27:13] [Client thread/INFO]: [CHAT] Verus > ExterminateYT failed KillAura 6H VL[29]
[18:27:14] [Client thread/INFO]: [CHAT] Verus > ExterminateYT failed KillAura 6H VL[30]
[18:27:14] [Client thread/INFO]: [CHAT] Hey! Sorry, but you can't PvP here.
[18:27:15] [Client thread/INFO]: [CHAT] Verus > ExterminateYT failed KillAura 6H VL[31]
[18:27:15] [Client thread/INFO]: [CHAT] Hey! Sorry, but you can't PvP here.
[18:27:15] [Client thread/INFO]: [CHAT] Verus > ExterminateYT failed KillAura 6H VL[32]
[18:27:15] [Client thread/INFO]: [CHAT] Verus > ExterminateYT failed KillAura 6B VL[2]
[18:27:15] [Client thread/INFO]: [CHAT] Hey! Sorry, but you can't PvP here.
[18:27:15] [Client thread/INFO]: [CHAT] Verus > ExterminateYT failed KillAura 6H VL[33]
[18:27:16] [Client thread/INFO]: [CHAT] Verus > ExterminateYT failed KillAura 6H VL[34]
[18:27:16] [Client thread/INFO]: [CHAT] Hey! Sorry, but you can't PvP here.
[18:27:16] [Client thread/INFO]: [CHAT] Verus > ExterminateYT failed KillAura 6H VL[35]
[18:27:16] [Client thread/INFO]: [CHAT] Verus > ExterminateYT failed KillAura 6H VL[36]
[18:27:17] [Client thread/INFO]: [CHAT] Hey! Sorry, but you can't PvP here.
[18:27:17] [Client thread/INFO]: [CHAT] Verus > ExterminateYT failed KillAura 6H VL[37]
[18:27:17] [Client thread/INFO]: [CHAT] Hey! Sorry, but you can't PvP here.
[18:27:17] [Client thread/INFO]: [CHAT] Verus > ExterminateYT failed KillAura 6H VL[38]
[18:27:18] [Client thread/INFO]: [CHAT] Verus > ExterminateYT failed KillAura 6H VL[39]
[18:27:18] [Client thread/INFO]: [CHAT] Hey! Sorry, but you can't PvP here.
[18:27:18] [Client thread/INFO]: [CHAT] Verus > ExterminateYT failed Aimbot 1A1 VL[1]
[18:27:18] [Client thread/INFO]: [CHAT] Verus > ExterminateYT failed KillAura 6H VL[40]
[18:27:18] [Client thread/INFO]: [CHAT] Verus > ExterminateYT failed KillAura 6H VL[41]
[18:27:18] [Client thread/INFO]: [CHAT] Hey! Sorry, but you can't PvP here.
[18:27:19] [Client thread/INFO]: [CHAT] Verus > ExterminateYT failed KillAura 6H VL[42]
[18:27:19] [Client thread/INFO]: [CHAT] Verus > ExterminateYT failed KillAura 6H VL[43]
[18:27:19] [Client thread/INFO]: [CHAT] Hey! Sorry, but you can't PvP here.
[18:27:19] [Client thread/INFO]: [CHAT] Verus > ExterminateYT failed KillAura 6B VL[3]
[18:27:19] [Client thread/INFO]: [CHAT] Verus > ExterminateYT failed KillAura 6H VL[44]
[18:27:19] [Client thread/INFO]: [CHAT] Verus > ExterminateYT failed Aimbot 1A1 VL[2]
[18:27:19] [Client thread/INFO]: [CHAT] Verus > ExterminateYT failed KillAura 6H VL[45]
[18:27:20] [Client thread/INFO]: [CHAT] Hey! Sorry, but you can't PvP here.
[18:27:20] [Client thread/INFO]: [CHAT] Verus > ExterminateYT failed KillAura 6H VL[46]
[18:27:20] [Client thread/INFO]: [CHAT] Verus > ExterminateYT failed KillAura 6H VL[47]
[18:27:20] [Client thread/INFO]: [CHAT] Hey! Sorry, but you can't PvP here.
[18:27:20] [Client thread/INFO]: [CHAT] Verus > ExterminateYT failed Aimbot 1A1 VL[3]
[18:27:20] [Client thread/INFO]: [CHAT] Verus > ExterminateYT failed Aimbot 1A1 VL[4]
[18:27:20] [Client thread/INFO]: [CHAT] Verus > ExterminateYT failed KillAura 6H VL[48]
[18:27:21] [Client thread/INFO]: [CHAT] Verus > ExterminateYT failed KillAura 6H VL[49]
[18:27:21] [Client thread/INFO]: [CHAT] Hey! Sorry, but you can't PvP here.
[18:27:21] [Client thread/INFO]: [CHAT] Verus > ExterminateYT failed KillAura 6H VL[50]
[18:28:02] [Client thread/INFO]: [CHAT] Scaffold zone will be cleared in 60 seconds.
[18:28:07] [Client thread/INFO]: [CHAT] [Clear Lag] 0 items were removed.
[18:28:13] [Client thread/INFO]: [CHAT] Hey! Sorry, but you can't PvP here.
[18:28:13] [Client thread/INFO]: [CHAT] Verus > ExterminateYT failed KillAura 6H VL[51]
[18:28:13] [Client thread/INFO]: [CHAT] Verus > ExterminateYT failed KillAura 6H VL[52]
[18:28:13] [Client thread/INFO]: [CHAT] Hey! Sorry, but you can't PvP here.
[18:28:13] [Client thread/INFO]: [CHAT] Verus > ExterminateYT failed KillAura 6H VL[53]
[18:28:13] [Client thread/INFO]: [CHAT] Verus > ExterminateYT failed KillAura 6H VL[54]
[18:28:14] [Client thread/INFO]: [CHAT] Hey! Sorry, but you can't PvP here.
[18:28:14] [Client thread/INFO]: [CHAT] Verus > ExterminateYT failed KillAura 6H VL[55]
[18:28:14] [Client thread/INFO]: [CHAT] Hey! Sorry, but you can't PvP here.
[18:28:14] [Client thread/INFO]: [CHAT] Verus > ExterminateYT failed KillAura 6B VL[5]
[18:28:14] [Client thread/INFO]: [CHAT] Verus > ExterminateYT failed KillAura 6H VL[56]
[18:28:15] [Client thread/INFO]: [CHAT] Hey! Sorry, but you can't PvP here.
[18:28:15] [Client thread/INFO]: [CHAT] Verus > ExterminateYT failed KillAura 6H VL[57]
[18:28:15] [Client thread/INFO]: [CHAT] Verus > ExterminateYT failed KillAura 6H VL[58]
[18:28:16] [Client thread/INFO]: [CHAT] Hey! Sorry, but you can't PvP here.
[18:28:16] [Client thread/INFO]: [CHAT] Verus > ExterminateYT failed KillAura 6H VL[59]
[18:28:16] [Client thread/INFO]: [CHAT] Verus > ExterminateYT failed KillAura 6H VL[60]
[18:28:16] [Client thread/INFO]: [CHAT] Hey! Sorry, but you can't PvP here.
[18:28:16] [Client thread/INFO]: [CHAT] Verus > ExterminateYT failed KillAura 6H VL[61]
[18:28:17] [Client thread/INFO]: [CHAT] Verus > ExterminateYT failed KillAura 6H VL[62]
[18:28:17] [Client thread/INFO]: [CHAT] Hey! Sorry, but you can't PvP here.
[18:28:17] [Client thread/INFO]: [CHAT] Verus > ExterminateYT failed KillAura 6H VL[63]
[18:28:17] [Client thread/INFO]: [CHAT] Hey! Sorry, but you can't PvP here.
[18:28:17] [Client thread/INFO]: [CHAT] Verus > ExterminateYT failed KillAura 6H VL[64]
[18:28:18] [Client thread/INFO]: [CHAT] Verus > ExterminateYT failed KillAura 6H VL[65]
[18:28:18] [Client thread/INFO]: [CHAT] Hey! Sorry, but you can't PvP here.
[18:28:18] [Client thread/INFO]: [CHAT] Verus > ExterminateYT failed KillAura 6B VL[7]
[18:28:18] [Client thread/INFO]: [CHAT] Verus > ExterminateYT failed KillAura 6H VL[66]
[18:28:19] [Client thread/INFO]: [CHAT] Hey! Sorry, but you can't PvP here.
[18:28:19] [Client thread/INFO]: [CHAT] Verus > ExterminateYT failed KillAura 6H VL[67]
[18:28:19] [Client thread/INFO]: [CHAT] Hey! Sorry, but you can't PvP here.
[18:28:19] [Client thread/INFO]: [CHAT] Verus > ExterminateYT failed KillAura 6H VL[68]
[18:28:20] [Client thread/INFO]: [CHAT] Verus > ExterminateYT failed KillAura 6H VL[69]
[18:28:20] [Client thread/INFO]: [CHAT] Hey! Sorry, but you can't PvP here.
[18:28:20] [Client thread/INFO]: [CHAT] Verus > ExterminateYT failed KillAura 6H VL[70]
[18:28:20] [Client thread/INFO]: [CHAT] Hey! Sorry, but you can't PvP here.
[18:28:20] [Client thread/INFO]: [CHAT] Verus > ExterminateYT failed KillAura 6H VL[71]
[18:28:21] [Client thread/INFO]: [CHAT] Verus > ExterminateYT failed KillAura 6H VL[72]
[18:28:21] [Client thread/INFO]: [CHAT] Hey! Sorry, but you can't PvP here.
[18:28:21] [Client thread/INFO]: [CHAT] Verus > ExterminateYT failed KillAura 6H VL[73]
[18:28:21] [Client thread/INFO]: [CHAT] Verus > ExterminateYT failed KillAura 6H VL[74]
[18:28:22] [Client thread/INFO]: [CHAT] Hey! Sorry, but you can't PvP here.
[18:28:22] [Client thread/INFO]: [CHAT] Verus > ExterminateYT failed KillAura 6H VL[75]
[18:28:22] [Client thread/INFO]: [CHAT] Hey! Sorry, but you can't PvP here.
[18:28:22] [Client thread/INFO]: [CHAT] Verus > ExterminateYT failed KillAura 6B VL[8]
[18:28:22] [Client thread/INFO]: [CHAT] Verus > ExterminateYT failed KillAura 6H VL[76]
[18:28:22] [Client thread/INFO]: [CHAT] Verus > ExterminateYT failed Invalid Direction 3B VL[1]
[18:28:23] [Client thread/INFO]: [CHAT] Verus > ExterminateYT failed KillAura 6H VL[77]
[18:28:23] [Client thread/INFO]: [CHAT] Hey! Sorry, but you can't PvP here.
[18:28:23] [Client thread/INFO]: [CHAT] Verus > ExterminateYT failed KillAura 6H VL[78]
[18:28:23] [Client thread/INFO]: [CHAT] Verus > ExterminateYT failed KillAura 6H VL[79]
[18:28:23] [Client thread/INFO]: [CHAT] Hey! Sorry, but you can't PvP here.
[18:28:23] [Client thread/INFO]: [CHAT] Verus > ExterminateYT failed KillAura 6H VL[80]
[18:28:24] [Client thread/INFO]: [CHAT] Hey! Sorry, but you can't PvP here.
[18:28:24] [Client thread/INFO]: [CHAT] Verus > ExterminateYT failed KillAura 6H VL[81]
[18:28:25] [Client thread/INFO]: [CHAT] Hey! Sorry, but you can't PvP here.
[18:28:25] [Client thread/INFO]: [CHAT] Verus > ExterminateYT failed KillAura 6H VL[82]
[18:28:25] [Client thread/INFO]: [CHAT] Verus > ExterminateYT failed KillAura 6H VL[83]
[18:28:25] [Client thread/INFO]: [CHAT] Hey! Sorry, but you can't PvP here.
[18:28:25] [Client thread/INFO]: [CHAT] Verus > ExterminateYT failed KillAura 6H VL[84]
[18:28:26] [Client thread/INFO]: [CHAT] Verus > ExterminateYT failed KillAura 6H VL[85]
[18:28:26] [Client thread/INFO]: [CHAT] Hey! Sorry, but you can't PvP here.
[18:28:26] [Client thread/INFO]: [CHAT] Verus > ExterminateYT failed KillAura 6H VL[86]
[18:28:26] [Client thread/INFO]: [CHAT] Verus > ExterminateYT failed KillAura 6B VL[10]
[18:28:27] [Client thread/INFO]: [CHAT] Hey! Sorry, but you can't PvP here.
[18:28:27] [Client thread/INFO]: [CHAT] Verus > ExterminateYT failed KillAura 6H VL[87]
[18:28:27] [Client thread/INFO]: [CHAT] Verus > ExterminateYT failed KillAura 6H VL[88]
[18:28:27] [Client thread/INFO]: [CHAT] Hey! Sorry, but you can't PvP here.
[18:28:27] [Client thread/INFO]: [CHAT] Verus > ExterminateYT failed KillAura 6H VL[89]
[18:28:27] [Client thread/INFO]: [CHAT] Verus > ExterminateYT failed Aimbot 1A1 VL[5]
[18:28:27] [Client thread/INFO]: [CHAT] Verus > ExterminateYT failed KillAura 6H VL[90]
[18:28:28] [Client thread/INFO]: [CHAT] Hey! Sorry, but you can't PvP here.
[18:28:28] [Client thread/INFO]: [CHAT] Verus > ExterminateYT failed KillAura 6H VL[91]
[18:28:28] [Client thread/INFO]: [CHAT] Verus > ExterminateYT failed KillAura 6H VL[92]
[18:28:28] [Client thread/INFO]: [CHAT] Hey! Sorry, but you can't PvP here.
[18:28:28] [Client thread/INFO]: [CHAT] Verus > ExterminateYT failed KillAura 6H VL[93]
[18:28:29] [Client thread/INFO]: [CHAT] Verus > ExterminateYT failed KillAura 6H VL[94]
[18:28:29] [Client thread/INFO]: [CHAT] Hey! Sorry, but you can't PvP here.
[18:28:29] [Client thread/INFO]: [CHAT] Hey! Sorry, but you can't PvP here.
[18:28:29] [Client thread/INFO]: [CHAT] Verus > ExterminateYT failed KillAura 6H VL[95]
[18:28:30] [Client thread/INFO]: [CHAT] Verus > ExterminateYT failed KillAura 6H VL[96]
[18:28:30] [Client thread/INFO]: [CHAT] Hey! Sorry, but you can't PvP here.
[18:28:30] [Client thread/INFO]: [CHAT] Verus > ExterminateYT failed KillAura 6B VL[12]
[18:28:30] [Client thread/INFO]: [CHAT] Verus > ExterminateYT failed KillAura 6H VL[97]
[18:28:31] [Client thread/INFO]: [CHAT] Verus > ExterminateYT failed Aimbot 1A1 VL[6]
[18:28:31] [Client thread/INFO]: [CHAT] Hey! Sorry, but you can't PvP here.
[18:28:31] [Client thread/INFO]: [CHAT] Verus > ExterminateYT failed KillAura 6H VL[98]
[18:28:31] [Client thread/INFO]: [CHAT] Hey! Sorry, but you can't PvP here.
[18:28:31] [Client thread/INFO]: [CHAT] Verus > ExterminateYT failed KillAura 6H VL[99]
[18:28:32] [Client thread/INFO]: [CHAT] Verus > ExterminateYT failed KillAura 6H VL[100]
[18:28:32] [Client thread/INFO]: [CHAT] Hey! Sorry, but you can't PvP here.
[18:28:32] [Client thread/INFO]: [CHAT] Verus > ExterminateYT failed KillAura 6H VL[101]
[18:28:32] [Client thread/INFO]: [CHAT] Hey! Sorry, but you can't PvP here.
[18:28:33] [Client thread/INFO]: [CHAT] Verus > ExterminateYT failed KillAura 6H VL[102]
[18:28:33] [Client thread/INFO]: [CHAT] Verus > ExterminateYT failed Aimbot 1A1 VL[7]
[18:28:33] [Client thread/INFO]: [CHAT] Verus > ExterminateYT failed Aimbot 1A1 VL[8]
[18:28:33] [Client thread/INFO]: [CHAT] Hey! Sorry, but you can't PvP here.
[18:28:33] [Client thread/INFO]: [CHAT] Verus > ExterminateYT failed KillAura 6H VL[103]
[18:28:33] [Client thread/INFO]: [CHAT] Verus > ExterminateYT failed KillAura 6H VL[104]
[18:28:33] [Client thread/INFO]: [CHAT] Verus > ExterminateYT failed Auto Clicker 2A VL[1]
[18:28:34] [Client thread/INFO]: [CHAT] Hey! Sorry, but you can't PvP here.
[18:28:34] [Client thread/INFO]: [CHAT] Verus > ExterminateYT failed KillAura 6H VL[105]
[18:28:34] [Client thread/INFO]: [CHAT] Verus > ExterminateYT failed Aimbot 1A1 VL[9]
[18:28:34] [Client thread/INFO]: [CHAT] Verus > ExterminateYT failed KillAura 6B VL[13]
[18:28:34] [Client thread/INFO]: [CHAT] Verus > ExterminateYT failed KillAura 6H VL[106]
[18:28:34] [Client thread/INFO]: [CHAT] Hey! Sorry, but you can't PvP here.
[18:28:34] [Client thread/INFO]: [CHAT] Verus > ExterminateYT failed KillAura 6H VL[107]
[18:28:34] [Client thread/INFO]: [CHAT] Verus > ExterminateYT failed Aimbot 1A1 VL[10]
[18:28:35] [Client thread/INFO]: [CHAT] Verus > ExterminateYT failed KillAura 6H VL[108]
[18:28:35] [Client thread/INFO]: [CHAT] Hey! Sorry, but you can't PvP here.
[18:28:35] [Client thread/INFO]: [CHAT] Verus > ExterminateYT failed KillAura 6H VL[109]
[18:28:35] [Client thread/INFO]: [CHAT] Hey! Sorry, but you can't PvP here.
[18:28:35] [Client thread/INFO]: [CHAT] Verus > ExterminateYT failed Aimbot 1A1 VL[11]
[18:28:36] [Client thread/INFO]: [CHAT] Verus > ExterminateYT failed KillAura 6H VL[110]
[18:28:36] [Client thread/INFO]: [CHAT] Hey! Sorry, but you can't PvP here.
[18:28:37] [Client thread/INFO]: [CHAT] Hey! Sorry, but you can't PvP here.
[18:28:37] [Client thread/INFO]: [CHAT] Verus > ExterminateYT failed Aimbot 1A1 VL[12]
[18:28:37] [Client thread/INFO]: [CHAT] Hey! Sorry, but you can't PvP here.
[18:28:37] [Client thread/INFO]: [CHAT] Verus > ExterminateYT failed KillAura 6H VL[111]
[18:28:38] [Client thread/INFO]: [CHAT] Verus > ExterminateYT failed Aimbot 1A1 VL[13]
[18:28:38] [Client thread/INFO]: [CHAT] Verus > ExterminateYT failed KillAura 6B VL[15]
[18:28:38] [Client thread/INFO]: [CHAT] Hey! Sorry, but you can't PvP here.
[18:28:38] [Client thread/INFO]: [CHAT] Verus > ExterminateYT failed KillAura 6H VL[112]
[18:28:39] [Client thread/INFO]: [CHAT] Hey! Sorry, but you can't PvP here.
[18:28:39] [Client thread/INFO]: [CHAT] Verus > ExterminateYT failed KillAura 6H VL[113]
[18:28:39] [Client thread/INFO]: [CHAT] [-] Nexxxii
[18:28:43] [Client thread/INFO]: [CHAT] [+] Nexxxii
[18:28:46] [Client thread/ERROR]: Item entity 44178 has no item?!
[18:28:47] [Client thread/INFO]: [CHAT] Hey! Sorry, but you can't PvP here.
[18:28:47] [Client thread/INFO]: [CHAT] Verus > ExterminateYT failed KillAura 6H VL[114]
[18:28:47] [Client thread/INFO]: [CHAT] Verus > ExterminateYT failed Aimbot 1A1 VL[14]
[18:28:47] [Client thread/INFO]: [CHAT] Verus > ExterminateYT failed KillAura 6H VL[115]
[18:28:47] [Client thread/INFO]: [CHAT] Verus > ExterminateYT failed Auto Clicker 2A VL[2]
[18:28:47] [Client thread/INFO]: [CHAT] Verus > ExterminateYT failed Aimbot 1A1 VL[15]
[18:28:47] [Client thread/INFO]: [CHAT] Hey! Sorry, but you can't PvP here.
[18:28:48] [Client thread/INFO]: [CHAT] Verus > ExterminateYT failed Aimbot 1A1 VL[16]
[18:28:48] [Client thread/INFO]: [CHAT] Verus > ExterminateYT failed KillAura 6H VL[116]
[18:28:48] [Client thread/INFO]: [CHAT] [+] SHUUUUUUUUUUUUSH
[18:28:48] [Client thread/INFO]: [CHAT] Hey! Sorry, but you can't PvP here.
[18:28:48] [Client thread/INFO]: [CHAT] Verus > ExterminateYT failed KillAura 6H VL[117]
[18:28:49] [Client thread/INFO]: [CHAT] Hey! Sorry, but you can't PvP here.
[18:28:49] [Client thread/INFO]: [CHAT] Verus > ExterminateYT failed KillAura 6H VL[118]
[18:28:49] [Client thread/INFO]: [CHAT] Verus > ExterminateYT failed KillAura 6H VL[119]
[18:28:49] [Client thread/INFO]: [CHAT] Hey! Sorry, but you can't PvP here.
[18:28:50] [Client thread/INFO]: [CHAT] Verus > ExterminateYT failed KillAura 6H VL[120]
[18:28:50] [Client thread/INFO]: [CHAT] Hey! Sorry, but you can't PvP here.
[18:28:50] [Client thread/INFO]: [CHAT] Verus > ExterminateYT failed KillAura 6H VL[121]
[18:28:50] [Client thread/INFO]: [CHAT] Verus > ExterminateYT failed KillAura 6H VL[122]
[18:28:50] [Client thread/INFO]: [CHAT] Verus > ExterminateYT failed KillAura 6B VL[17]
[18:28:51] [Client thread/INFO]: [CHAT] Hey! Sorry, but you can't PvP here.
[18:28:51] [Client thread/INFO]: [CHAT] Verus > ExterminateYT failed KillAura 6H VL[123]
[18:28:51] [Client thread/INFO]: [CHAT] Verus > ExterminateYT failed KillAura 6H VL[124]
[18:28:51] [Client thread/INFO]: [CHAT] Hey! Sorry, but you can't PvP here.
[18:28:51] [Client thread/INFO]: [CHAT] Verus > ExterminateYT failed Aimbot 1A1 VL[17]
[18:28:52] [Client thread/INFO]: [CHAT] Verus > ExterminateYT failed KillAura 6H VL[125]
[18:28:52] [Client thread/INFO]: [CHAT] Hey! Sorry, but you can't PvP here.
[18:28:52] [Client thread/INFO]: [CHAT] Verus > ExterminateYT failed KillAura 6H VL[126]
[18:28:52] [Client thread/INFO]: [CHAT] Hey! Sorry, but you can't PvP here.
[18:28:53] [Client thread/INFO]: [CHAT] Verus > ExterminateYT failed KillAura 6H VL[127]
[18:28:53] [Client thread/INFO]: [CHAT] Verus > ExterminateYT failed KillAura 6H VL[128]
[18:28:53] [Client thread/INFO]: [CHAT] Hey! Sorry, but you can't PvP here.
[18:28:53] [Client thread/INFO]: [CHAT] Verus > ExterminateYT failed KillAura 6H VL[129]
[18:28:56] [Client thread/INFO]: [CHAT] Hey! Sorry, but you can't PvP here.
[18:28:56] [Client thread/INFO]: [CHAT] Verus > ExterminateYT failed KillAura 6H VL[130]
[18:28:57] [Client thread/INFO]: [CHAT] Verus > ExterminateYT failed KillAura 6H VL[131]
[18:28:57] [Client thread/INFO]: [CHAT] Verus > ExterminateYT failed Aimbot 1A1 VL[18]
[18:28:57] [Client thread/INFO]: [CHAT] Hey! Sorry, but you can't PvP here.
[18:28:57] [Client thread/INFO]: [CHAT] Verus > ExterminateYT failed KillAura 6H VL[132]
[18:28:57] [Client thread/INFO]: [CHAT] Verus > ExterminateYT failed Auto Clicker 2A VL[3]
[18:28:57] [Client thread/INFO]: [CHAT] Verus > ExterminateYT failed KillAura 6H VL[133]
[18:28:57] [Client thread/INFO]: [CHAT] Verus > ExterminateYT failed KillAura 6B VL[18]
[18:28:57] [Client thread/INFO]: [CHAT] Hey! Sorry, but you can't PvP here.
[18:28:57] [Client thread/INFO]: [CHAT] Verus > ExterminateYT failed KillAura 6H VL[134]
[18:28:58] [Client thread/INFO]: [CHAT] Verus > ExterminateYT failed KillAura 6H VL[135]
[18:28:58] [Client thread/INFO]: [CHAT] Hey! Sorry, but you can't PvP here.
[18:28:58] [Client thread/INFO]: [CHAT] Verus > ExterminateYT failed KillAura 6H VL[136]
[18:28:59] [Client thread/INFO]: [CHAT] Verus > ExterminateYT failed KillAura 6H VL[137]
[18:28:59] [Client thread/INFO]: [CHAT] Hey! Sorry, but you can't PvP here.
[18:28:59] [Client thread/INFO]: [CHAT] Verus > ExterminateYT failed KillAura 6H VL[138]
[18:28:59] [Client thread/INFO]: [CHAT] Verus > ExterminateYT failed Aimbot 1A1 VL[19]
[18:28:59] [Client thread/INFO]: [CHAT] Verus > ExterminateYT failed KillAura 6H VL[139]
[18:28:59] [Client thread/INFO]: [CHAT] Hey! Sorry, but you can't PvP here.
[18:28:59] [Client thread/INFO]: [CHAT] Verus > ExterminateYT failed KillAura 6H VL[140]
[18:29:00] [Client thread/INFO]: [CHAT] Hey! Sorry, but you can't PvP here.
[18:29:00] [Client thread/INFO]: [CHAT] Verus > ExterminateYT failed Aimbot 1A1 VL[20]
[18:29:00] [Client thread/INFO]: [CHAT] Verus > ExterminateYT failed KillAura 6H VL[141]
[18:29:00] [Client thread/INFO]: [CHAT] Verus > ExterminateYT failed Aimbot 1A1 VL[21]
[18:29:00] [Client thread/INFO]: [CHAT] Hey! Sorry, but you can't PvP here.
[18:29:00] [Client thread/INFO]: [CHAT] Verus > ExterminateYT failed KillAura 6H VL[142]
[18:29:01] [Client thread/INFO]: [CHAT] Verus > ExterminateYT failed KillAura 6H VL[143]
[18:29:11] [Client thread/INFO]: [CHAT] Hey! Sorry, but you can't PvP here.
[18:29:11] [Client thread/INFO]: [CHAT] Verus > ExterminateYT failed KillAura 6H VL[144]
[18:29:11] [Client thread/INFO]: [CHAT] Verus > ExterminateYT failed KillAura 6B VL[20]
[18:29:11] [Client thread/INFO]: [CHAT] Hey! Sorry, but you can't PvP here.
[18:29:11] [Client thread/INFO]: [CHAT] Verus > ExterminateYT failed KillAura 6H VL[145]
[18:29:11] [Client thread/INFO]: [CHAT] Verus > ExterminateYT failed KillAura 6H VL[146]
[18:29:12] [Client thread/INFO]: [CHAT] Hey! Sorry, but you can't PvP here.
[18:29:12] [Client thread/INFO]: [CHAT] Verus > ExterminateYT failed KillAura 6H VL[147]
[18:29:12] [Client thread/INFO]: [CHAT] Verus > ExterminateYT failed Aimbot 1A1 VL[22]
[18:29:12] [Client thread/INFO]: [CHAT] Verus > ExterminateYT failed KillAura 6H VL[148]
[18:29:12] [Client thread/INFO]: [CHAT] Hey! Sorry, but you can't PvP here.
[18:29:12] [Client thread/INFO]: [CHAT] Verus > ExterminateYT failed KillAura 6H VL[149]
[18:29:16] [Client thread/INFO]: [CHAT] Hey! Sorry, but you can't PvP here.
[18:29:16] [Client thread/INFO]: [CHAT] Verus > ExterminateYT failed KillAura 6H VL[150]
[18:29:16] [Client thread/INFO]: [CHAT] Verus > ExterminateYT failed KillAura 6H VL[151]
[18:29:16] [Client thread/INFO]: [CHAT] Verus > ExterminateYT failed Auto Clicker 2A VL[5]
[18:29:16] [Client thread/INFO]: [CHAT] Hey! Sorry, but you can't PvP here.
[18:29:16] [Client thread/INFO]: [CHAT] Verus > ExterminateYT failed KillAura 6H VL[152]
[18:29:17] [Client thread/INFO]: [CHAT] Hey! Sorry, but you can't PvP here.
[18:29:17] [Client thread/INFO]: [CHAT] Verus > ExterminateYT failed KillAura 6H VL[153]
[18:29:17] [Client thread/INFO]: [CHAT] Verus > ExterminateYT failed Aimbot 1A1 VL[23]
[18:29:17] [Client thread/INFO]: [CHAT] Verus > ExterminateYT failed KillAura 6H VL[154]
[18:29:17] [Client thread/INFO]: [CHAT] Hey! Sorry, but you can't PvP here.
[18:29:17] [Client thread/INFO]: [CHAT] Verus > ExterminateYT failed Aimbot 1A1 VL[24]
[18:29:17] [Client thread/INFO]: [CHAT] Verus > ExterminateYT failed KillAura 6H VL[155]
[18:29:18] [Client thread/INFO]: [CHAT] Hey! Sorry, but you can't PvP here.
[18:29:18] [Client thread/INFO]: [CHAT] Verus > ExterminateYT failed KillAura 6H VL[156]
[18:29:19] [Client thread/INFO]: [CHAT] Verus > ExterminateYT failed KillAura 6H VL[157]
[18:29:19] [Client thread/INFO]: [CHAT] Verus > ExterminateYT failed KillAura 6B VL[21]
[18:29:19] [Client thread/INFO]: [CHAT] Hey! Sorry, but you can't PvP here.
[18:29:19] [Client thread/INFO]: [CHAT] Verus > ExterminateYT failed KillAura 6H VL[158]
[18:29:19] [Client thread/INFO]: [CHAT] Verus > ExterminateYT failed KillAura 6H VL[159]
[18:29:20] [Client thread/INFO]: [CHAT] Hey! Sorry, but you can't PvP here.
[18:29:20] [Client thread/INFO]: [CHAT] Verus > ExterminateYT failed KillAura 6H VL[160]
[18:29:20] [Client thread/INFO]: [CHAT] Verus > ExterminateYT failed Aimbot 1A1 VL[25]
[18:29:20] [Client thread/INFO]: [CHAT] Verus > ExterminateYT failed KillAura 6H VL[161]
[18:29:21] [Client thread/INFO]: [CHAT] Hey! Sorry, but you can't PvP here.
[18:29:21] [Client thread/INFO]: [CHAT] Verus > ExterminateYT failed KillAura 6H VL[162]
[18:29:21] [Client thread/INFO]: [CHAT] Verus > ExterminateYT failed KillAura 6H VL[163]
[18:29:21] [Client thread/INFO]: [CHAT] Hey! Sorry, but you can't PvP here.
[18:29:38] [Client thread/INFO]: [CHAT] Hey! Sorry, but you can't PvP here.
[18:29:38] [Client thread/INFO]: [CHAT] Verus > ExterminateYT failed KillAura 6H VL[164]
[18:29:38] [Client thread/INFO]: [CHAT] Verus > ExterminateYT failed Invalid Direction 3B VL[2]
[18:29:38] [Client thread/INFO]: [CHAT] Verus > ExterminateYT failed KillAura 6H VL[165]
[18:29:39] [Client thread/INFO]: [CHAT] Hey! Sorry, but you can't PvP here.
[18:29:39] [Client thread/INFO]: [CHAT] Verus > ExterminateYT failed KillAura 6H VL[166]
[18:29:39] [Client thread/INFO]: [CHAT] Verus > ExterminateYT failed KillAura 6H VL[167]
[18:29:50] [Client thread/INFO]: [CHAT] Hey! Sorry, but you can't PvP here.
[18:29:50] [Client thread/INFO]: [CHAT] Verus > ExterminateYT failed KillAura 6H VL[168]
[18:29:50] [Client thread/INFO]: [CHAT] Verus > ExterminateYT failed Invalid Direction 3B VL[3]
[18:29:50] [Client thread/INFO]: [CHAT] Verus > ExterminateYT failed KillAura 6H VL[169]
[18:29:50] [Client thread/INFO]: [CHAT] Verus > ExterminateYT failed KillAura 6B VL[23]
[18:29:50] [Client thread/INFO]: [CHAT] Hey! Sorry, but you can't PvP here.
[18:29:50] [Client thread/INFO]: [CHAT] Verus > ExterminateYT failed KillAura 6H VL[170]
[18:29:50] [Client thread/INFO]: [CHAT] Verus > ExterminateYT failed Auto Clicker 2A VL[6]
[18:29:51] [Client thread/INFO]: [CHAT] Verus > ExterminateYT failed KillAura 6H VL[171]
[18:29:51] [Client thread/INFO]: [CHAT] Verus > ExterminateYT failed Fly 4A VL[1]
[18:29:51] [Client thread/INFO]: [CHAT] Verus > ExterminateYT failed Fly 4A VL[2]
[18:29:51] [Client thread/INFO]: [CHAT] Verus > ExterminateYT failed Fly 4A VL[3]
[18:29:51] [Client thread/INFO]: [CHAT] Verus > ExterminateYT failed Fly 4A VL[4]
[18:29:51] [Client thread/INFO]: [CHAT] Verus > ExterminateYT failed Fly 4A VL[5]
[18:29:51] [Client thread/INFO]: [CHAT] Verus > ExterminateYT failed Fly 4A VL[6]
[18:29:51] [Client thread/INFO]: [CHAT] Verus > ExterminateYT failed Fly 4A VL[7]
[18:29:51] [Client thread/INFO]: [CHAT] Verus > ExterminateYT failed Fly 4A VL[8]
[18:29:51] [Client thread/INFO]: [CHAT] Verus > ExterminateYT failed Fly 4A VL[9]
[18:29:52] [Client thread/INFO]: [CHAT] Verus > ExterminateYT failed Fly 4A VL[10]
[18:29:52] [Client thread/INFO]: [CHAT] Verus > ExterminateYT failed Fly 4A VL[11]
[18:29:52] [Client thread/INFO]: [CHAT] Verus > ExterminateYT failed Fly 4A VL[12]
[18:29:53] [Thread-7/ERROR]: Error in class 'LibraryLWJGLOpenAL'
[18:29:53] [Thread-7/ERROR]: Source '55201ef2-f376-4d50-98c1-158452337205' not found in method 'play'
[18:29:53] [Thread-7/ERROR]: Error in class 'LibraryLWJGLOpenAL'
[18:29:53] [Thread-7/ERROR]: Source '55201ef2-f376-4d50-98c1-158452337205' not found in method 'play'
[18:30:03] [Client thread/INFO]: [CHAT] §0[§4Menace§0]§r Verus Disabled!
[18:30:07] [Client thread/INFO]: [CHAT] Verus > ExterminateYT failed Aimbot 6A VL[1]
[18:30:07] [Client thread/INFO]: [CHAT] Hey! Sorry, but you can't PvP here.
[18:30:07] [Client thread/INFO]: [CHAT] Verus > ExterminateYT failed Aimbot 6A VL[2]
[18:30:07] [Client thread/INFO]: [CHAT] Hey! Sorry, but you can't PvP here.
[18:30:07] [Client thread/INFO]: [CHAT] [Clear Lag] 2 items were removed.
[18:30:08] [Client thread/INFO]: [CHAT] Hey! Sorry, but you can't PvP here.
[18:30:13] [Client thread/INFO]: [CHAT] Hey! Sorry, but you can't PvP here.
[18:30:13] [Client thread/INFO]: [CHAT] Verus > ExterminateYT failed KillAura 6H VL[171]
[18:30:13] [Client thread/INFO]: [CHAT] Verus > ExterminateYT failed Invalid Direction 3B VL[4]
[18:30:13] [Client thread/INFO]: [CHAT] Verus > ExterminateYT failed Invalid Direction 3B VL[5]
[18:30:13] [Client thread/INFO]: [CHAT] Verus > ExterminateYT failed KillAura 6H VL[172]
[18:30:13] [Client thread/INFO]: [CHAT] Verus > ExterminateYT failed Invalid Direction 3B VL[6]
[18:30:13] [Client thread/INFO]: [CHAT] Verus > ExterminateYT failed KillAura 6H VL[173]
[18:30:17] [Client thread/INFO]: [CHAT] Verus > ExterminateYT failed Invalid Direction 3B VL[7]
[18:30:19] [Client thread/INFO]: [CHAT] Verus > ExterminateYT failed Invalid Direction 3B VL[8]
[18:30:40] [Client thread/INFO]: Stopping!
[18:30:40] [Client thread/INFO]: SoundSystem shutting down...
[18:30:40] [Client thread/WARN]: Author: Paul Lamb, www.paulscode.com
