#
# A fatal error has been detected by the Java Runtime Environment:
#
#  EXCEPTION_ACCESS_VIOLATION (0xc0000005) at pc=0x00007ff8a5655d2e, pid=22108, tid=4052
#
# JRE version: OpenJDK Runtime Environment Temurin-17.0.1+12 (17.0.1+12) (build 17.0.1+12)
# Java VM: OpenJDK 64-Bit Server VM Temurin-17.0.1+12 (17.0.1+12, mixed mode, tiered, compressed oops, compressed class ptrs, g1 gc, windows-amd64)
# Problematic frame:
# C  [igxelpicd64.dll+0x2e5d2e]
#
# No core dump will be written. Minidumps are not enabled by default on client versions of Windows
#
# If you would like to submit a bug report, please visit:
#   https://github.com/adoptium/adoptium-support/issues
# The crash happened outside the Java Virtual Machine in native code.
# See problematic frame for where to report the bug.
#

---------------  S U M M A R Y ------------

Command Line: -XX:+ShowCodeDetailsInExceptionMessages -agentlib:jdwp=transport=dt_socket,suspend=y,address=localhost:65003 -Xmx1024M -Xms1024M -Djava.library.path=C:\Users\weld2462\OneDrive - St Andrews Christian College\Documents\Dig tec\Menace\Menace-Recode\jars\versions\1.8.8\1.8.8-natives -javaagent:C:\Users\weld2462\OneDrive - St Andrews Christian College\Documents\apps\eclipse\configuration\org.eclipse.osgi\221\0\.cp\lib\javaagent-shaded.jar -Dfile.encoding=Cp1252 Start

Host: 11th Gen Intel(R) Core(TM) i5-1135G7 @ 2.40GHz, 8 cores, 7G,  Windows 10 , 64 bit Build 22000 (10.0.22000.675)
Time: Sat May 21 01:35:59 2022 AUS Eastern Standard Time elapsed time: 748.552842 seconds (0d 0h 12m 28s)

---------------  T H R E A D  ---------------

Current thread (0x0000011f2b10aa00):  JavaThread "JDWP Transport Listener: dt_socket" daemon [_thread_in_native, id=4052, stack(0x000000045f200000,0x000000045f300000)]

Stack: [0x000000045f200000,0x000000045f300000],  sp=0x000000045f2fe9d0,  free space=1018k
Native frames: (J=compiled Java code, j=interpreted, Vv=VM code, C=native code)
C  [igxelpicd64.dll+0x2e5d2e]
